# Logfile created on Mon May 17 16:25:32 -0400 2010  [4;36;1mSQL (1.0ms)[0m   [0;1mSET NAMES 'utf8'[0m
  [4;35;1mSQL (0.2ms)[0m   [0mSET SQL_AUTO_IS_NULL=0[0m
  [4;36;1mSQL (0.2ms)[0m   [0;1mBEGIN[0m
  [4;35;1mSQL (0.2ms)[0m   [0mROLLBACK[0m
  [4;36;1mSQL (0.6ms)[0m   [0;1mSET NAMES 'utf8'[0m
  [4;35;1mSQL (0.1ms)[0m   [0mSET SQL_AUTO_IS_NULL=0[0m
  [4;36;1mSQL (0.1ms)[0m   [0;1mBEGIN[0m
  [4;35;1mSQL (0.2ms)[0m   [0mROLLBACK[0m
  [4;36;1mSQL (0.2ms)[0m   [0;1mSET NAMES 'utf8'[0m
  [4;35;1mSQL (0.2ms)[0m   [0mSET SQL_AUTO_IS_NULL=0[0m
  [4;36;1mSQL (0.2ms)[0m   [0;1mBEGIN[0m


Processing PostsController#index (for 127.0.0.1 at 2010-05-18 12:52:30) [GET]
  [4;35;1mPost Load (0.7ms)[0m   [0mSELECT * FROM `posts` [0m
Rendering template within layouts/posts
Rendering posts/index
Completed in 21ms (View: 16, DB: 1) | 200 OK [http://www.example.com/]
  [4;36;1mSQL (0.3ms)[0m   [0;1mROLLBACK[0m
  [4;35;1mSQL (0.2ms)[0m   [0mBEGIN[0m
  [4;36;1mPost Columns (0.8ms)[0m   [0;1mSHOW FIELDS FROM `posts`[0m
  [4;35;1mSQL (0.3ms)[0m   [0mSAVEPOINT active_record_1[0m
  [4;36;1mPost Create (0.3ms)[0m   [0;1mINSERT INTO `posts` (`created_at`, `title`, `body`, `updated_at`) VALUES('2010-05-18 16:52:30', 'First Post', 'If I said you have a nice body, would you enclode it </body>? I mean, compliance, and all.', '2010-05-18 16:52:30')[0m
  [4;35;1mSQL (0.2ms)[0m   [0mRELEASE SAVEPOINT active_record_1[0m


Processing PostsController#show (for 127.0.0.1 at 2010-05-18 12:52:30) [GET]
  Parameters: {"id"=>"1"}
  [4;36;1mPost Load (0.6ms)[0m   [0;1mSELECT * FROM `posts` WHERE (`posts`.`id` = 1) [0m
Rendering template within layouts/posts
Rendering posts/show
  [4;35;1mComment Load (0.6ms)[0m   [0mSELECT * FROM `comments` WHERE (`comments`.post_id = 1) [0m
  [4;36;1mComment Columns (0.7ms)[0m   [0;1mSHOW FIELDS FROM `comments`[0m
Completed in 13ms (View: 10, DB: 4) | 200 OK [http://www.example.com/posts/1]
  [4;35;1mSQL (7.9ms)[0m   [0mROLLBACK[0m
  [4;36;1mSQL (0.2ms)[0m   [0;1mSET NAMES 'utf8'[0m
  [4;35;1mSQL (0.1ms)[0m   [0mSET SQL_AUTO_IS_NULL=0[0m
  [4;36;1mSQL (0.2ms)[0m   [0;1mBEGIN[0m


Processing PostsController#index (for 127.0.0.1 at 2010-05-18 12:52:55) [GET]
  [4;35;1mPost Load (0.5ms)[0m   [0mSELECT * FROM `posts` [0m
Rendering template within layouts/posts
Rendering posts/index
Completed in 18ms (View: 13, DB: 1) | 200 OK [http://www.example.com/]
  [4;36;1mSQL (0.4ms)[0m   [0;1mROLLBACK[0m
  [4;35;1mSQL (0.2ms)[0m   [0mBEGIN[0m
  [4;36;1mPost Columns (0.7ms)[0m   [0;1mSHOW FIELDS FROM `posts`[0m
  [4;35;1mSQL (0.2ms)[0m   [0mSAVEPOINT active_record_1[0m
  [4;36;1mPost Create (0.3ms)[0m   [0;1mINSERT INTO `posts` (`created_at`, `title`, `body`, `updated_at`) VALUES('2010-05-18 16:52:55', 'First Post', 'If I said you have a nice body, would you enclode it </body>? I mean, compliance, and all.', '2010-05-18 16:52:55')[0m
  [4;35;1mSQL (0.2ms)[0m   [0mRELEASE SAVEPOINT active_record_1[0m


Processing PostsController#show (for 127.0.0.1 at 2010-05-18 12:52:55) [GET]
  Parameters: {"id"=>"1"}
  [4;36;1mPost Load (0.5ms)[0m   [0;1mSELECT * FROM `posts` WHERE (`posts`.`id` = 1) [0m
Rendering template within layouts/posts
Rendering posts/show
  [4;35;1mComment Load (0.7ms)[0m   [0mSELECT * FROM `comments` WHERE (`comments`.post_id = 1) [0m
  [4;36;1mComment Columns (0.7ms)[0m   [0;1mSHOW FIELDS FROM `comments`[0m
Completed in 13ms (View: 9, DB: 4) | 200 OK [http://www.example.com/posts/1]
  [4;35;1mSQL (2.8ms)[0m   [0mROLLBACK[0m
  [4;36;1mSQL (0.2ms)[0m   [0;1mSET NAMES 'utf8'[0m
  [4;35;1mSQL (0.1ms)[0m   [0mSET SQL_AUTO_IS_NULL=0[0m
  [4;36;1mSQL (0.2ms)[0m   [0;1mBEGIN[0m


Processing PostsController#index (for 127.0.0.1 at 2010-05-18 12:53:25) [GET]
  [4;35;1mPost Load (0.6ms)[0m   [0mSELECT * FROM `posts` [0m
Rendering template within layouts/posts
Rendering posts/index
Completed in 18ms (View: 14, DB: 1) | 200 OK [http://www.example.com/]


Processing PostsController#new (for 127.0.0.1 at 2010-05-18 12:53:25) [GET]
  [4;36;1mPost Columns (0.9ms)[0m   [0;1mSHOW FIELDS FROM `posts`[0m
Rendering template within layouts/posts
Rendering posts/new
Completed in 8ms (View: 6, DB: 1) | 200 OK [http://www.example.com/posts/new]


Processing PostsController#create (for 127.0.0.1 at 2010-05-18 12:53:25) [POST]
  Parameters: {"commit"=>"Create", "post"=>{"title"=>"Frist", "body"=>"I have arrived at this blog first and am in a rush to identify myself, thus I am unconscientious of grammar."}}
  [4;35;1mSQL (0.3ms)[0m   [0mSAVEPOINT active_record_1[0m
  [4;36;1mPost Create (0.5ms)[0m   [0;1mINSERT INTO `posts` (`created_at`, `title`, `body`, `updated_at`) VALUES('2010-05-18 16:53:25', 'Frist', 'I have arrived at this blog first and am in a rush to identify myself, thus I am unconscientious of grammar.', '2010-05-18 16:53:25')[0m
  [4;35;1mSQL (0.1ms)[0m   [0mRELEASE SAVEPOINT active_record_1[0m
Redirected to http://www.example.com/posts/1
Completed in 13ms (DB: 1) | 302 Found [http://www.example.com/posts]


Processing PostsController#show (for 127.0.0.1 at 2010-05-18 12:53:25) [GET]
  Parameters: {"id"=>"1"}
  [4;36;1mPost Load (0.4ms)[0m   [0;1mSELECT * FROM `posts` WHERE (`posts`.`id` = 1) [0m
Rendering template within layouts/posts
Rendering posts/show
  [4;35;1mComment Load (0.7ms)[0m   [0mSELECT * FROM `comments` WHERE (`comments`.post_id = 1) [0m
  [4;36;1mComment Columns (0.7ms)[0m   [0;1mSHOW FIELDS FROM `comments`[0m
Completed in 19ms (View: 15, DB: 2) | 200 OK [http://www.example.com/posts/1]
  [4;35;1mSQL (3.5ms)[0m   [0mROLLBACK[0m
  [4;36;1mSQL (0.1ms)[0m   [0;1mBEGIN[0m
  [4;35;1mSQL (0.3ms)[0m   [0mSAVEPOINT active_record_1[0m
  [4;36;1mPost Create (0.3ms)[0m   [0;1mINSERT INTO `posts` (`created_at`, `title`, `body`, `updated_at`) VALUES('2010-05-18 16:53:25', 'First Post', 'If I said you have a nice body, would you enclode it </body>? I mean, compliance, and all.', '2010-05-18 16:53:25')[0m
  [4;35;1mSQL (0.1ms)[0m   [0mRELEASE SAVEPOINT active_record_1[0m


Processing PostsController#show (for 127.0.0.1 at 2010-05-18 12:53:25) [GET]
  Parameters: {"id"=>"1"}
  [4;36;1mPost Load (0.5ms)[0m   [0;1mSELECT * FROM `posts` WHERE (`posts`.`id` = 1) [0m


Processing ApplicationController#show (for 127.0.0.1 at 2010-05-18 12:53:25) [GET]
  Parameters: {"id"=>"1"}
  [4;35;1mSQL (3.1ms)[0m   [0mROLLBACK[0m
  [4;36;1mSQL (0.3ms)[0m   [0;1mSET NAMES 'utf8'[0m
  [4;35;1mSQL (0.1ms)[0m   [0mSET SQL_AUTO_IS_NULL=0[0m
  [4;36;1mSQL (0.2ms)[0m   [0;1mBEGIN[0m


Processing PostsController#index (for 127.0.0.1 at 2010-05-18 12:54:00) [GET]
  [4;35;1mPost Load (1.1ms)[0m   [0mSELECT * FROM `posts` [0m
Rendering template within layouts/posts
Rendering posts/index
Completed in 20ms (View: 14, DB: 2) | 200 OK [http://www.example.com/]


Processing PostsController#new (for 127.0.0.1 at 2010-05-18 12:54:00) [GET]
  [4;36;1mPost Columns (0.8ms)[0m   [0;1mSHOW FIELDS FROM `posts`[0m
Rendering template within layouts/posts
Rendering posts/new
Completed in 8ms (View: 6, DB: 1) | 200 OK [http://www.example.com/posts/new]


Processing PostsController#create (for 127.0.0.1 at 2010-05-18 12:54:00) [POST]
  Parameters: {"commit"=>"Create", "post"=>{"title"=>"Frist", "body"=>"I have arrived at this blog first and am in a rush to identify myself, thus I am unconscientious of grammar."}}
  [4;35;1mSQL (0.2ms)[0m   [0mSAVEPOINT active_record_1[0m
  [4;36;1mPost Create (0.5ms)[0m   [0;1mINSERT INTO `posts` (`created_at`, `title`, `body`, `updated_at`) VALUES('2010-05-18 16:54:00', 'Frist', 'I have arrived at this blog first and am in a rush to identify myself, thus I am unconscientious of grammar.', '2010-05-18 16:54:00')[0m
  [4;35;1mSQL (0.2ms)[0m   [0mRELEASE SAVEPOINT active_record_1[0m
Redirected to http://www.example.com/posts/1
Completed in 6ms (DB: 1) | 302 Found [http://www.example.com/posts]


Processing PostsController#show (for 127.0.0.1 at 2010-05-18 12:54:00) [GET]
  Parameters: {"id"=>"1"}
  [4;36;1mPost Load (0.6ms)[0m   [0;1mSELECT * FROM `posts` WHERE (`posts`.`id` = 1) [0m
Rendering template within layouts/posts
Rendering posts/show
  [4;35;1mComment Load (0.6ms)[0m   [0mSELECT * FROM `comments` WHERE (`comments`.post_id = 1) [0m
  [4;36;1mComment Columns (0.6ms)[0m   [0;1mSHOW FIELDS FROM `comments`[0m
Completed in 13ms (View: 10, DB: 2) | 200 OK [http://www.example.com/posts/1]
  [4;35;1mSQL (2.8ms)[0m   [0mROLLBACK[0m
  [4;36;1mSQL (0.5ms)[0m   [0;1mBEGIN[0m
  [4;35;1mSQL (2.5ms)[0m   [0mSAVEPOINT active_record_1[0m
  [4;36;1mPost Create (0.4ms)[0m   [0;1mINSERT INTO `posts` (`created_at`, `title`, `body`, `updated_at`) VALUES('2010-05-18 16:54:00', 'First Post', 'If I said you have a nice body, would you enclode it </body>? I mean, compliance, and all.', '2010-05-18 16:54:00')[0m
  [4;35;1mSQL (0.2ms)[0m   [0mRELEASE SAVEPOINT active_record_1[0m


Processing PostsController#show (for 127.0.0.1 at 2010-05-18 12:54:00) [GET]
  Parameters: {"id"=>"1"}
  [4;36;1mPost Load (0.4ms)[0m   [0;1mSELECT * FROM `posts` WHERE (`posts`.`id` = 1) [0m


Processing ApplicationController#show (for 127.0.0.1 at 2010-05-18 12:54:00) [GET]
  Parameters: {"id"=>"1"}
  [4;35;1mSQL (3.3ms)[0m   [0mROLLBACK[0m
  [4;36;1mSQL (1.0ms)[0m   [0;1mSET NAMES 'utf8'[0m
  [4;35;1mSQL (0.1ms)[0m   [0mSET SQL_AUTO_IS_NULL=0[0m
  [4;36;1mSQL (0.1ms)[0m   [0;1mBEGIN[0m


Processing PostsController#index (for 127.0.0.1 at 2010-05-18 12:54:32) [GET]
  [4;35;1mPost Load (1.1ms)[0m   [0mSELECT * FROM `posts` [0m
Rendering template within layouts/posts
Rendering posts/index
Completed in 20ms (View: 14, DB: 2) | 200 OK [http://www.example.com/]


Processing PostsController#new (for 127.0.0.1 at 2010-05-18 12:54:32) [GET]
  [4;36;1mPost Columns (1.6ms)[0m   [0;1mSHOW FIELDS FROM `posts`[0m
Rendering template within layouts/posts
Rendering posts/new
Completed in 10ms (View: 7, DB: 2) | 200 OK [http://www.example.com/posts/new]


Processing PostsController#create (for 127.0.0.1 at 2010-05-18 12:54:32) [POST]
  Parameters: {"commit"=>"Create", "post"=>{"title"=>"Frist", "body"=>"I have arrived at this blog first and am in a rush to identify myself, thus I am unconscientious of grammar."}}
  [4;35;1mSQL (0.2ms)[0m   [0mSAVEPOINT active_record_1[0m
  [4;36;1mPost Create (0.3ms)[0m   [0;1mINSERT INTO `posts` (`created_at`, `title`, `body`, `updated_at`) VALUES('2010-05-18 16:54:32', 'Frist', 'I have arrived at this blog first and am in a rush to identify myself, thus I am unconscientious of grammar.', '2010-05-18 16:54:32')[0m
  [4;35;1mSQL (0.1ms)[0m   [0mRELEASE SAVEPOINT active_record_1[0m
Redirected to http://www.example.com/posts/1
Completed in 6ms (DB: 1) | 302 Found [http://www.example.com/posts]


Processing PostsController#show (for 127.0.0.1 at 2010-05-18 12:54:33) [GET]
  Parameters: {"id"=>"1"}
  [4;36;1mPost Load (0.4ms)[0m   [0;1mSELECT * FROM `posts` WHERE (`posts`.`id` = 1) [0m
Rendering template within layouts/posts
Rendering posts/show
  [4;35;1mComment Load (0.6ms)[0m   [0mSELECT * FROM `comments` WHERE (`comments`.post_id = 1) [0m
  [4;36;1mComment Columns (0.7ms)[0m   [0;1mSHOW FIELDS FROM `comments`[0m
Completed in 13ms (View: 9, DB: 2) | 200 OK [http://www.example.com/posts/1]
  [4;35;1mSQL (5.8ms)[0m   [0mROLLBACK[0m
  [4;36;1mSQL (0.1ms)[0m   [0;1mBEGIN[0m
  [4;35;1mSQL (0.2ms)[0m   [0mSAVEPOINT active_record_1[0m
  [4;36;1mPost Create (0.2ms)[0m   [0;1mINSERT INTO `posts` (`created_at`, `title`, `body`, `updated_at`) VALUES('2010-05-18 16:54:33', 'First Post', 'If I said you have a nice body, would you enclode it </body>? I mean, compliance, and all.', '2010-05-18 16:54:33')[0m
  [4;35;1mSQL (0.1ms)[0m   [0mRELEASE SAVEPOINT active_record_1[0m


Processing PostsController#show (for 127.0.0.1 at 2010-05-18 12:54:33) [GET]
  Parameters: {"id"=>"1"}
  [4;36;1mPost Load (0.4ms)[0m   [0;1mSELECT * FROM `posts` WHERE (`posts`.`id` = 1) [0m


Processing ApplicationController#show (for 127.0.0.1 at 2010-05-18 12:54:33) [GET]
  Parameters: {"id"=>"1"}
  [4;35;1mSQL (2.2ms)[0m   [0mROLLBACK[0m
  [4;36;1mSQL (0.4ms)[0m   [0;1mSET NAMES 'utf8'[0m
  [4;35;1mSQL (0.2ms)[0m   [0mSET SQL_AUTO_IS_NULL=0[0m
  [4;36;1mSQL (0.2ms)[0m   [0;1mBEGIN[0m


Processing PostsController#index (for 127.0.0.1 at 2010-05-18 15:02:38) [GET]
  [4;35;1mPost Load (1.1ms)[0m   [0mSELECT * FROM `posts` [0m
Rendering template within layouts/posts
Rendering posts/index
  [4;36;1mPost Columns (1.0ms)[0m   [0;1mSHOW FIELDS FROM `posts`[0m
Completed in 52ms (View: 30, DB: 3) | 200 OK [http://www.example.com/]


Processing PostsController#new (for 127.0.0.1 at 2010-05-18 15:02:38) [GET]
Rendering template within layouts/posts
Rendering posts/new
Completed in 5ms (View: 4, DB: 0) | 200 OK [http://www.example.com/posts/new]


Processing PostsController#create (for 127.0.0.1 at 2010-05-18 15:02:38) [POST]
  Parameters: {"commit"=>"Create", "post"=>{"title"=>"Frist", "body"=>"I have arrived at this blog first and am in a rush to identify myself, thus I am unconscientious of grammar."}}
  [4;35;1mSQL (0.6ms)[0m   [0mSAVEPOINT active_record_1[0m
  [4;36;1mPost Create (0.8ms)[0m   [0;1mINSERT INTO `posts` (`created_at`, `title`, `body`, `updated_at`) VALUES('2010-05-18 19:02:38', 'Frist', 'I have arrived at this blog first and am in a rush to identify myself, thus I am unconscientious of grammar.', '2010-05-18 19:02:38')[0m
  [4;35;1mSQL (0.1ms)[0m   [0mRELEASE SAVEPOINT active_record_1[0m
Redirected to http://www.example.com/posts/117
Completed in 8ms (DB: 1) | 302 Found [http://www.example.com/posts]


Processing PostsController#show (for 127.0.0.1 at 2010-05-18 15:02:38) [GET]
  Parameters: {"id"=>"117"}
  [4;36;1mPost Load (0.4ms)[0m   [0;1mSELECT * FROM `posts` WHERE (`posts`.`id` = 117) [0m
Rendering template within layouts/posts
Rendering posts/show
  [4;35;1mComment Load (0.7ms)[0m   [0mSELECT * FROM `comments` WHERE (`comments`.post_id = 117) [0m
  [4;36;1mComment Columns (1.0ms)[0m   [0;1mSHOW FIELDS FROM `comments`[0m
Completed in 91ms (View: 87, DB: 2) | 200 OK [http://www.example.com/posts/117]
  [4;35;1mSQL (2.8ms)[0m   [0mROLLBACK[0m
  [4;36;1mSQL (0.3ms)[0m   [0;1mBEGIN[0m
  [4;35;1mSQL (0.6ms)[0m   [0mSAVEPOINT active_record_1[0m
  [4;36;1mPost Create (0.5ms)[0m   [0;1mINSERT INTO `posts` (`created_at`, `title`, `body`, `updated_at`) VALUES('2010-05-18 19:02:38', 'First Post', 'If I said you have a nice body, would you enclode it </body>? I mean, compliance, and all.', '2010-05-18 19:02:38')[0m
  [4;35;1mSQL (0.2ms)[0m   [0mRELEASE SAVEPOINT active_record_1[0m


Processing PostsController#index (for 127.0.0.1 at 2010-05-18 15:02:38) [GET]
  [4;36;1mPost Load (0.5ms)[0m   [0;1mSELECT * FROM `posts` [0m
Rendering template within layouts/posts
Rendering posts/index
Completed in 8ms (View: 6, DB: 5) | 200 OK [http://www.example.com/]


Processing PostsController#show (for 127.0.0.1 at 2010-05-18 15:02:38) [GET]
  Parameters: {"id"=>"118"}
  [4;35;1mPost Load (0.4ms)[0m   [0mSELECT * FROM `posts` WHERE (`posts`.`id` = 118) [0m
Rendering template within layouts/posts
Rendering posts/show
  [4;36;1mComment Load (1.1ms)[0m   [0;1mSELECT * FROM `comments` WHERE (`comments`.post_id = 118) [0m
Completed in 10ms (View: 7, DB: 2) | 200 OK [http://www.example.com/posts/118]
  [4;35;1mSQL (2.7ms)[0m   [0mROLLBACK[0m
  [4;36;1mSQL (0.3ms)[0m   [0;1mBEGIN[0m
  [4;35;1mSQL (0.2ms)[0m   [0mSAVEPOINT active_record_1[0m
  [4;36;1mPost Create (1.4ms)[0m   [0;1mINSERT INTO `posts` (`created_at`, `title`, `body`, `updated_at`) VALUES('2010-05-18 19:02:38', 'First Post', 'If I said you have a nice body, would you enclode it </body>? I mean, compliance, and all.', '2010-05-18 19:02:38')[0m
  [4;35;1mSQL (0.2ms)[0m   [0mRELEASE SAVEPOINT active_record_1[0m


Processing PostsController#index (for 127.0.0.1 at 2010-05-18 15:02:38) [GET]
  [4;36;1mPost Load (0.5ms)[0m   [0;1mSELECT * FROM `posts` [0m
Rendering template within layouts/posts
Rendering posts/index
Completed in 6ms (View: 5, DB: 5) | 200 OK [http://www.example.com/]
  [4;35;1mSQL (2.5ms)[0m   [0mROLLBACK[0m
  [4;36;1mSQL (0.3ms)[0m   [0;1mBEGIN[0m
  [4;35;1mSQL (0.5ms)[0m   [0mSAVEPOINT active_record_1[0m
  [4;36;1mPost Create (0.6ms)[0m   [0;1mINSERT INTO `posts` (`created_at`, `title`, `body`, `updated_at`) VALUES('2010-05-18 19:02:38', 'First Post', 'If I said you have a nice body, would you enclode it </body>? I mean, compliance, and all.', '2010-05-18 19:02:38')[0m
  [4;35;1mSQL (0.2ms)[0m   [0mRELEASE SAVEPOINT active_record_1[0m


Processing PostsController#index (for 127.0.0.1 at 2010-05-18 15:02:38) [GET]
  [4;36;1mPost Load (0.8ms)[0m   [0;1mSELECT * FROM `posts` [0m
Rendering template within layouts/posts
Rendering posts/index
Completed in 8ms (View: 6, DB: 5) | 200 OK [http://www.example.com/]


Processing PostsController#show (for 127.0.0.1 at 2010-05-18 15:02:38) [GET]
  Parameters: {"id"=>"120"}
  [4;35;1mPost Load (1.2ms)[0m   [0mSELECT * FROM `posts` WHERE (`posts`.`id` = 120) [0m
Rendering template within layouts/posts
Rendering posts/show
  [4;36;1mComment Load (0.5ms)[0m   [0;1mSELECT * FROM `comments` WHERE (`comments`.post_id = 120) [0m
Completed in 11ms (View: 8, DB: 2) | 200 OK [http://www.example.com/posts/120]


Processing PostsController#edit (for 127.0.0.1 at 2010-05-18 15:02:38) [GET]
  Parameters: {"id"=>"120"}
  [4;35;1mPost Load (0.8ms)[0m   [0mSELECT * FROM `posts` WHERE (`posts`.`id` = 120) [0m
Rendering template within layouts/posts
Rendering posts/edit
Completed in 11ms (View: 9, DB: 1) | 200 OK [http://www.example.com/posts/120/edit]


Processing PostsController#update (for 127.0.0.1 at 2010-05-18 15:02:38) [PUT]
  Parameters: {"commit"=>"Update", "post"=>{"title"=>"First Post", "body"=>"This is an edit, instead of the original message"}, "id"=>"120"}
  [4;36;1mPost Load (3.2ms)[0m   [0;1mSELECT * FROM `posts` WHERE (`posts`.`id` = 120) [0m
  [4;35;1mSQL (16.2ms)[0m   [0mSAVEPOINT active_record_1[0m
  [4;36;1mPost Update (1.0ms)[0m   [0;1mUPDATE `posts` SET `updated_at` = '2010-05-18 19:02:38', `body` = 'This is an edit, instead of the original message' WHERE `id` = 120[0m
  [4;35;1mSQL (0.2ms)[0m   [0mRELEASE SAVEPOINT active_record_1[0m
Redirected to http://www.example.com/posts/120
Completed in 31ms (DB: 21) | 302 Found [http://www.example.com/posts/120]


Processing PostsController#show (for 127.0.0.1 at 2010-05-18 15:02:38) [GET]
  Parameters: {"id"=>"120"}
  [4;36;1mPost Load (3.1ms)[0m   [0;1mSELECT * FROM `posts` WHERE (`posts`.`id` = 120) [0m
Rendering template within layouts/posts
Rendering posts/show
  [4;35;1mComment Load (1.6ms)[0m   [0mSELECT * FROM `comments` WHERE (`comments`.post_id = 120) [0m
Completed in 17ms (View: 10, DB: 5) | 200 OK [http://www.example.com/posts/120]
  [4;36;1mSQL (12.6ms)[0m   [0;1mROLLBACK[0m
  [4;35;1mSQL (0.2ms)[0m   [0mBEGIN[0m
  [4;36;1mSQL (0.2ms)[0m   [0;1mSAVEPOINT active_record_1[0m
  [4;35;1mPost Create (1.0ms)[0m   [0mINSERT INTO `posts` (`created_at`, `title`, `body`, `updated_at`) VALUES('2010-05-18 19:02:38', 'First Post', 'If I said you have a nice body, would you enclode it </body>? I mean, compliance, and all.', '2010-05-18 19:02:38')[0m
  [4;36;1mSQL (0.2ms)[0m   [0;1mRELEASE SAVEPOINT active_record_1[0m


Processing PostsController#index (for 127.0.0.1 at 2010-05-18 15:02:38) [GET]
  [4;35;1mPost Load (1.5ms)[0m   [0mSELECT * FROM `posts` [0m
Rendering template within layouts/posts
Rendering posts/index
Completed in 60ms (View: 38, DB: 16) | 200 OK [http://www.example.com/]


Processing PostsController#show (for 127.0.0.1 at 2010-05-18 15:02:39) [GET]
  Parameters: {"id"=>"121"}
  [4;36;1mPost Load (2.8ms)[0m   [0;1mSELECT * FROM `posts` WHERE (`posts`.`id` = 121) [0m
Rendering template within layouts/posts
Rendering posts/show
  [4;35;1mComment Load (0.7ms)[0m   [0mSELECT * FROM `comments` WHERE (`comments`.post_id = 121) [0m
Completed in 14ms (View: 9, DB: 3) | 200 OK [http://www.example.com/posts/121]
  [4;36;1mSQL (9.0ms)[0m   [0;1mROLLBACK[0m
  [4;36;1mSQL (0.5ms)[0m   [0;1mSET NAMES 'utf8'[0m
  [4;35;1mSQL (0.3ms)[0m   [0mSET SQL_AUTO_IS_NULL=0[0m
  [4;36;1mSQL (0.2ms)[0m   [0;1mBEGIN[0m


Processing PostsController#index (for 127.0.0.1 at 2010-05-18 15:03:58) [GET]
  [4;35;1mPost Load (1.0ms)[0m   [0mSELECT * FROM `posts` [0m
Rendering template within layouts/posts
Rendering posts/index
  [4;36;1mPost Columns (1.9ms)[0m   [0;1mSHOW FIELDS FROM `posts`[0m
Completed in 28ms (View: 21, DB: 4) | 200 OK [http://www.example.com/]


Processing PostsController#new (for 127.0.0.1 at 2010-05-18 15:03:58) [GET]
Rendering template within layouts/posts
Rendering posts/new
Completed in 5ms (View: 4, DB: 0) | 200 OK [http://www.example.com/posts/new]


Processing PostsController#create (for 127.0.0.1 at 2010-05-18 15:03:58) [POST]
  Parameters: {"commit"=>"Create", "post"=>{"title"=>"Frist", "body"=>"I have arrived at this blog first and am in a rush to identify myself, thus I am unconscientious of grammar."}}
  [4;35;1mSQL (13.5ms)[0m   [0mSAVEPOINT active_record_1[0m
  [4;36;1mPost Create (0.4ms)[0m   [0;1mINSERT INTO `posts` (`created_at`, `title`, `body`, `updated_at`) VALUES('2010-05-18 19:03:58', 'Frist', 'I have arrived at this blog first and am in a rush to identify myself, thus I am unconscientious of grammar.', '2010-05-18 19:03:58')[0m
  [4;35;1mSQL (0.2ms)[0m   [0mRELEASE SAVEPOINT active_record_1[0m
Redirected to http://www.example.com/posts/122
Completed in 20ms (DB: 14) | 302 Found [http://www.example.com/posts]


Processing PostsController#show (for 127.0.0.1 at 2010-05-18 15:03:58) [GET]
  Parameters: {"id"=>"122"}
  [4;36;1mPost Load (0.5ms)[0m   [0;1mSELECT * FROM `posts` WHERE (`posts`.`id` = 122) [0m
Rendering template within layouts/posts
Rendering posts/show
  [4;35;1mComment Load (0.7ms)[0m   [0mSELECT * FROM `comments` WHERE (`comments`.post_id = 122) [0m
  [4;36;1mComment Columns (3.9ms)[0m   [0;1mSHOW FIELDS FROM `comments`[0m
Completed in 74ms (View: 67, DB: 5) | 200 OK [http://www.example.com/posts/122]
  [4;35;1mSQL (2.6ms)[0m   [0mROLLBACK[0m
  [4;36;1mSQL (0.1ms)[0m   [0;1mBEGIN[0m
  [4;35;1mSQL (0.2ms)[0m   [0mSAVEPOINT active_record_1[0m
  [4;36;1mPost Create (0.3ms)[0m   [0;1mINSERT INTO `posts` (`created_at`, `title`, `body`, `updated_at`) VALUES('2010-05-18 19:03:58', 'First Post', 'If I said you have a nice body, would you enclode it </body>? I mean, compliance, and all.', '2010-05-18 19:03:58')[0m
  [4;35;1mSQL (0.1ms)[0m   [0mRELEASE SAVEPOINT active_record_1[0m


Processing PostsController#index (for 127.0.0.1 at 2010-05-18 15:03:58) [GET]
  [4;36;1mPost Load (0.3ms)[0m   [0;1mSELECT * FROM `posts` [0m
Rendering template within layouts/posts
Rendering posts/index
Completed in 8ms (View: 6, DB: 4) | 200 OK [http://www.example.com/]


Processing PostsController#show (for 127.0.0.1 at 2010-05-18 15:03:58) [GET]
  Parameters: {"id"=>"123"}
  [4;35;1mPost Load (0.4ms)[0m   [0mSELECT * FROM `posts` WHERE (`posts`.`id` = 123) [0m
Rendering template within layouts/posts
Rendering posts/show
  [4;36;1mComment Load (0.3ms)[0m   [0;1mSELECT * FROM `comments` WHERE (`comments`.post_id = 123) [0m
Completed in 8ms (View: 6, DB: 1) | 200 OK [http://www.example.com/posts/123]
  [4;35;1mSQL (2.6ms)[0m   [0mROLLBACK[0m
  [4;36;1mSQL (0.3ms)[0m   [0;1mBEGIN[0m
  [4;35;1mSQL (0.3ms)[0m   [0mSAVEPOINT active_record_1[0m
  [4;36;1mPost Create (0.4ms)[0m   [0;1mINSERT INTO `posts` (`created_at`, `title`, `body`, `updated_at`) VALUES('2010-05-18 19:03:58', 'First Post', 'If I said you have a nice body, would you enclode it </body>? I mean, compliance, and all.', '2010-05-18 19:03:58')[0m
  [4;35;1mSQL (0.2ms)[0m   [0mRELEASE SAVEPOINT active_record_1[0m


Processing PostsController#index (for 127.0.0.1 at 2010-05-18 15:03:58) [GET]
  [4;36;1mPost Load (0.6ms)[0m   [0;1mSELECT * FROM `posts` [0m
Rendering template within layouts/posts
Rendering posts/index
Completed in 7ms (View: 5, DB: 4) | 200 OK [http://www.example.com/]
  [4;35;1mSQL (1.9ms)[0m   [0mROLLBACK[0m
  [4;36;1mSQL (0.2ms)[0m   [0;1mBEGIN[0m
  [4;35;1mSQL (0.2ms)[0m   [0mSAVEPOINT active_record_1[0m
  [4;36;1mPost Create (0.4ms)[0m   [0;1mINSERT INTO `posts` (`created_at`, `title`, `body`, `updated_at`) VALUES('2010-05-18 19:03:58', 'First Post', 'If I said you have a nice body, would you enclode it </body>? I mean, compliance, and all.', '2010-05-18 19:03:58')[0m
  [4;35;1mSQL (0.2ms)[0m   [0mRELEASE SAVEPOINT active_record_1[0m


Processing PostsController#index (for 127.0.0.1 at 2010-05-18 15:03:58) [GET]
  [4;36;1mPost Load (0.4ms)[0m   [0;1mSELECT * FROM `posts` [0m
Rendering template within layouts/posts
Rendering posts/index
Completed in 6ms (View: 5, DB: 3) | 200 OK [http://www.example.com/]


Processing PostsController#show (for 127.0.0.1 at 2010-05-18 15:03:58) [GET]
  Parameters: {"id"=>"125"}
  [4;35;1mPost Load (0.5ms)[0m   [0mSELECT * FROM `posts` WHERE (`posts`.`id` = 125) [0m
Rendering template within layouts/posts
Rendering posts/show
  [4;36;1mComment Load (0.5ms)[0m   [0;1mSELECT * FROM `comments` WHERE (`comments`.post_id = 125) [0m
Completed in 8ms (View: 6, DB: 1) | 200 OK [http://www.example.com/posts/125]


Processing PostsController#edit (for 127.0.0.1 at 2010-05-18 15:03:58) [GET]
  Parameters: {"id"=>"125"}
  [4;35;1mPost Load (0.4ms)[0m   [0mSELECT * FROM `posts` WHERE (`posts`.`id` = 125) [0m
Rendering template within layouts/posts
Rendering posts/edit
Completed in 5ms (View: 4, DB: 0) | 200 OK [http://www.example.com/posts/125/edit]


Processing PostsController#update (for 127.0.0.1 at 2010-05-18 15:03:58) [PUT]
  Parameters: {"commit"=>"Update", "post"=>{"title"=>"First Post", "body"=>"This is an edit, instead of the original message"}, "id"=>"125"}
  [4;36;1mPost Load (0.3ms)[0m   [0;1mSELECT * FROM `posts` WHERE (`posts`.`id` = 125) [0m
  [4;35;1mSQL (0.1ms)[0m   [0mSAVEPOINT active_record_1[0m
  [4;36;1mPost Update (0.6ms)[0m   [0;1mUPDATE `posts` SET `updated_at` = '2010-05-18 19:03:58', `body` = 'This is an edit, instead of the original message' WHERE `id` = 125[0m
  [4;35;1mSQL (0.2ms)[0m   [0mRELEASE SAVEPOINT active_record_1[0m
Redirected to http://www.example.com/posts/125
Completed in 7ms (DB: 1) | 302 Found [http://www.example.com/posts/125]


Processing PostsController#show (for 127.0.0.1 at 2010-05-18 15:03:58) [GET]
  Parameters: {"id"=>"125"}
  [4;36;1mPost Load (0.4ms)[0m   [0;1mSELECT * FROM `posts` WHERE (`posts`.`id` = 125) [0m
Rendering template within layouts/posts
Rendering posts/show
  [4;35;1mComment Load (0.2ms)[0m   [0mSELECT * FROM `comments` WHERE (`comments`.post_id = 125) [0m
Completed in 9ms (View: 7, DB: 1) | 200 OK [http://www.example.com/posts/125]
  [4;36;1mSQL (3.3ms)[0m   [0;1mROLLBACK[0m
  [4;35;1mSQL (0.1ms)[0m   [0mBEGIN[0m
  [4;36;1mSQL (0.2ms)[0m   [0;1mSAVEPOINT active_record_1[0m
  [4;35;1mPost Create (0.4ms)[0m   [0mINSERT INTO `posts` (`created_at`, `title`, `body`, `updated_at`) VALUES('2010-05-18 19:03:58', 'First Post', 'If I said you have a nice body, would you enclode it </body>? I mean, compliance, and all.', '2010-05-18 19:03:58')[0m
  [4;36;1mSQL (0.2ms)[0m   [0;1mRELEASE SAVEPOINT active_record_1[0m


Processing PostsController#index (for 127.0.0.1 at 2010-05-18 15:03:58) [GET]
  [4;35;1mPost Load (0.7ms)[0m   [0mSELECT * FROM `posts` [0m
Rendering template within layouts/posts
Rendering posts/index
Completed in 61ms (View: 56, DB: 5) | 200 OK [http://www.example.com/]


Processing PostsController#show (for 127.0.0.1 at 2010-05-18 15:03:59) [GET]
  Parameters: {"id"=>"126"}
  [4;36;1mPost Load (2.1ms)[0m   [0;1mSELECT * FROM `posts` WHERE (`posts`.`id` = 126) [0m
Rendering template within layouts/posts
Rendering posts/show
  [4;35;1mComment Load (2.0ms)[0m   [0mSELECT * FROM `comments` WHERE (`comments`.post_id = 126) [0m
Completed in 587ms (View: 11, DB: 4) | 200 OK [http://www.example.com/posts/126]


Processing PostsController#destroy (for 127.0.0.1 at 2010-05-18 15:03:59) [DELETE]
  Parameters: {"id"=>"126"}
  [4;36;1mPost Load (0.5ms)[0m   [0;1mSELECT * FROM `posts` WHERE (`posts`.`id` = 126) [0m
  [4;35;1mSQL (0.2ms)[0m   [0mSAVEPOINT active_record_1[0m
  [4;36;1mPost Destroy (0.5ms)[0m   [0;1mDELETE FROM `posts` WHERE `id` = 126[0m
  [4;35;1mSQL (0.3ms)[0m   [0mRELEASE SAVEPOINT active_record_1[0m
Redirected to http://www.example.com/posts
Completed in 4ms (DB: 1) | 302 Found [http://www.example.com/posts/126]


Processing PostsController#index (for 127.0.0.1 at 2010-05-18 15:03:59) [GET]
  [4;36;1mPost Load (0.4ms)[0m   [0;1mSELECT * FROM `posts` [0m
Rendering template within layouts/posts
Rendering posts/index
Completed in 5ms (View: 4, DB: 0) | 200 OK [http://www.example.com/posts]
  [4;35;1mSQL (1.8ms)[0m   [0mROLLBACK[0m
  [4;36;1mSQL (0.4ms)[0m   [0;1mSET NAMES 'utf8'[0m
  [4;35;1mSQL (0.2ms)[0m   [0mSET SQL_AUTO_IS_NULL=0[0m
  [4;36;1mSQL (0.2ms)[0m   [0;1mBEGIN[0m


Processing PostsController#index (for 127.0.0.1 at 2010-05-18 15:05:00) [GET]
  [4;35;1mPost Load (0.9ms)[0m   [0mSELECT * FROM `posts` [0m
Rendering template within layouts/posts
Rendering posts/index
  [4;36;1mPost Columns (0.9ms)[0m   [0;1mSHOW FIELDS FROM `posts`[0m
Completed in 26ms (View: 20, DB: 3) | 200 OK [http://www.example.com/]


Processing PostsController#new (for 127.0.0.1 at 2010-05-18 15:05:00) [GET]
Rendering template within layouts/posts
Rendering posts/new
Completed in 5ms (View: 4, DB: 0) | 200 OK [http://www.example.com/posts/new]


Processing PostsController#create (for 127.0.0.1 at 2010-05-18 15:05:01) [POST]
  Parameters: {"commit"=>"Create", "post"=>{"title"=>"Frist", "body"=>"I have arrived at this blog first and am in a rush to identify myself, thus I am unconscientious of grammar."}}
  [4;35;1mSQL (0.4ms)[0m   [0mSAVEPOINT active_record_1[0m
  [4;36;1mPost Create (0.4ms)[0m   [0;1mINSERT INTO `posts` (`created_at`, `title`, `body`, `updated_at`) VALUES('2010-05-18 19:05:01', 'Frist', 'I have arrived at this blog first and am in a rush to identify myself, thus I am unconscientious of grammar.', '2010-05-18 19:05:01')[0m
  [4;35;1mSQL (0.2ms)[0m   [0mRELEASE SAVEPOINT active_record_1[0m
Redirected to http://www.example.com/posts/127
Completed in 7ms (DB: 1) | 302 Found [http://www.example.com/posts]


Processing PostsController#show (for 127.0.0.1 at 2010-05-18 15:05:01) [GET]
  Parameters: {"id"=>"127"}
  [4;36;1mPost Load (0.6ms)[0m   [0;1mSELECT * FROM `posts` WHERE (`posts`.`id` = 127) [0m
Rendering template within layouts/posts
Rendering posts/show
  [4;35;1mComment Load (4.4ms)[0m   [0mSELECT * FROM `comments` WHERE (`comments`.post_id = 127) [0m
  [4;36;1mComment Columns (0.7ms)[0m   [0;1mSHOW FIELDS FROM `comments`[0m
Completed in 74ms (View: 66, DB: 6) | 200 OK [http://www.example.com/posts/127]
  [4;35;1mSQL (2.3ms)[0m   [0mROLLBACK[0m
  [4;36;1mSQL (0.3ms)[0m   [0;1mBEGIN[0m
  [4;35;1mSQL (0.2ms)[0m   [0mSAVEPOINT active_record_1[0m
  [4;36;1mPost Create (0.4ms)[0m   [0;1mINSERT INTO `posts` (`created_at`, `title`, `body`, `updated_at`) VALUES('2010-05-18 19:05:01', 'First Post', 'If I said you have a nice body, would you enclode it </body>? I mean, compliance, and all.', '2010-05-18 19:05:01')[0m
  [4;35;1mSQL (0.2ms)[0m   [0mRELEASE SAVEPOINT active_record_1[0m


Processing PostsController#index (for 127.0.0.1 at 2010-05-18 15:05:01) [GET]
  [4;36;1mPost Load (0.4ms)[0m   [0;1mSELECT * FROM `posts` [0m
Rendering template within layouts/posts
Rendering posts/index
Completed in 7ms (View: 1, DB: 4) | 200 OK [http://www.example.com/]


Processing PostsController#show (for 127.0.0.1 at 2010-05-18 15:05:01) [GET]
  Parameters: {"id"=>"128"}
  [4;35;1mPost Load (0.5ms)[0m   [0mSELECT * FROM `posts` WHERE (`posts`.`id` = 128) [0m
Rendering template within layouts/posts
Rendering posts/show
  [4;36;1mComment Load (0.4ms)[0m   [0;1mSELECT * FROM `comments` WHERE (`comments`.post_id = 128) [0m
Completed in 8ms (View: 6, DB: 1) | 200 OK [http://www.example.com/posts/128]
  [4;35;1mSQL (4.1ms)[0m   [0mROLLBACK[0m
  [4;36;1mSQL (0.2ms)[0m   [0;1mBEGIN[0m
  [4;35;1mSQL (0.2ms)[0m   [0mSAVEPOINT active_record_1[0m
  [4;36;1mPost Create (0.3ms)[0m   [0;1mINSERT INTO `posts` (`created_at`, `title`, `body`, `updated_at`) VALUES('2010-05-18 19:05:01', 'First Post', 'If I said you have a nice body, would you enclode it </body>? I mean, compliance, and all.', '2010-05-18 19:05:01')[0m
  [4;35;1mSQL (0.2ms)[0m   [0mRELEASE SAVEPOINT active_record_1[0m


Processing PostsController#index (for 127.0.0.1 at 2010-05-18 15:05:01) [GET]
  [4;36;1mPost Load (0.5ms)[0m   [0;1mSELECT * FROM `posts` [0m
Rendering template within layouts/posts
Rendering posts/index
Completed in 11ms (View: 6, DB: 5) | 200 OK [http://www.example.com/]
  [4;35;1mSQL (1.5ms)[0m   [0mROLLBACK[0m
  [4;36;1mSQL (0.2ms)[0m   [0;1mBEGIN[0m
  [4;35;1mSQL (0.2ms)[0m   [0mSAVEPOINT active_record_1[0m
  [4;36;1mPost Create (0.4ms)[0m   [0;1mINSERT INTO `posts` (`created_at`, `title`, `body`, `updated_at`) VALUES('2010-05-18 19:05:01', 'First Post', 'If I said you have a nice body, would you enclode it </body>? I mean, compliance, and all.', '2010-05-18 19:05:01')[0m
  [4;35;1mSQL (0.3ms)[0m   [0mRELEASE SAVEPOINT active_record_1[0m


Processing PostsController#index (for 127.0.0.1 at 2010-05-18 15:05:01) [GET]
  [4;36;1mPost Load (0.4ms)[0m   [0;1mSELECT * FROM `posts` [0m
Rendering template within layouts/posts
Rendering posts/index
Completed in 7ms (View: 6, DB: 3) | 200 OK [http://www.example.com/]


Processing PostsController#show (for 127.0.0.1 at 2010-05-18 15:05:01) [GET]
  Parameters: {"id"=>"130"}
  [4;35;1mPost Load (0.4ms)[0m   [0mSELECT * FROM `posts` WHERE (`posts`.`id` = 130) [0m
Rendering template within layouts/posts
Rendering posts/show
  [4;36;1mComment Load (1.0ms)[0m   [0;1mSELECT * FROM `comments` WHERE (`comments`.post_id = 130) [0m
Completed in 8ms (View: 5, DB: 1) | 200 OK [http://www.example.com/posts/130]


Processing PostsController#edit (for 127.0.0.1 at 2010-05-18 15:05:01) [GET]
  Parameters: {"id"=>"130"}
  [4;35;1mPost Load (0.4ms)[0m   [0mSELECT * FROM `posts` WHERE (`posts`.`id` = 130) [0m
Rendering template within layouts/posts
Rendering posts/edit
Completed in 7ms (View: 4, DB: 0) | 200 OK [http://www.example.com/posts/130/edit]


Processing PostsController#update (for 127.0.0.1 at 2010-05-18 15:05:01) [PUT]
  Parameters: {"commit"=>"Update", "post"=>{"title"=>"First Post", "body"=>"This is an edit, instead of the original message"}, "id"=>"130"}
  [4;36;1mPost Load (0.4ms)[0m   [0;1mSELECT * FROM `posts` WHERE (`posts`.`id` = 130) [0m
  [4;35;1mSQL (0.2ms)[0m   [0mSAVEPOINT active_record_1[0m
  [4;36;1mPost Update (0.6ms)[0m   [0;1mUPDATE `posts` SET `updated_at` = '2010-05-18 19:05:01', `body` = 'This is an edit, instead of the original message' WHERE `id` = 130[0m
  [4;35;1mSQL (0.5ms)[0m   [0mRELEASE SAVEPOINT active_record_1[0m
Redirected to http://www.example.com/posts/130
Completed in 7ms (DB: 2) | 302 Found [http://www.example.com/posts/130]


Processing PostsController#show (for 127.0.0.1 at 2010-05-18 15:05:01) [GET]
  Parameters: {"id"=>"130"}
  [4;36;1mPost Load (0.5ms)[0m   [0;1mSELECT * FROM `posts` WHERE (`posts`.`id` = 130) [0m
Rendering template within layouts/posts
Rendering posts/show
  [4;35;1mComment Load (0.3ms)[0m   [0mSELECT * FROM `comments` WHERE (`comments`.post_id = 130) [0m
Completed in 9ms (View: 7, DB: 1) | 200 OK [http://www.example.com/posts/130]
  [4;36;1mSQL (2.5ms)[0m   [0;1mROLLBACK[0m
  [4;35;1mSQL (0.1ms)[0m   [0mBEGIN[0m
  [4;36;1mSQL (0.2ms)[0m   [0;1mSAVEPOINT active_record_1[0m
  [4;35;1mPost Create (2.9ms)[0m   [0mINSERT INTO `posts` (`created_at`, `title`, `body`, `updated_at`) VALUES('2010-05-18 19:05:01', 'First Post', 'If I said you have a nice body, would you enclode it </body>? I mean, compliance, and all.', '2010-05-18 19:05:01')[0m
  [4;36;1mSQL (0.2ms)[0m   [0;1mRELEASE SAVEPOINT active_record_1[0m


Processing PostsController#index (for 127.0.0.1 at 2010-05-18 15:05:01) [GET]
  [4;35;1mPost Load (1.0ms)[0m   [0mSELECT * FROM `posts` [0m
Rendering template within layouts/posts
Rendering posts/index
Completed in 66ms (View: 57, DB: 7) | 200 OK [http://www.example.com/]


Processing PostsController#show (for 127.0.0.1 at 2010-05-18 15:05:02) [GET]
  Parameters: {"id"=>"131"}
  [4;36;1mPost Load (1.4ms)[0m   [0;1mSELECT * FROM `posts` WHERE (`posts`.`id` = 131) [0m
Rendering template within layouts/posts
Rendering posts/show
  [4;35;1mComment Load (0.8ms)[0m   [0mSELECT * FROM `comments` WHERE (`comments`.post_id = 131) [0m
Completed in 12ms (View: 8, DB: 2) | 200 OK [http://www.example.com/posts/131]


Processing PostsController#destroy (for 127.0.0.1 at 2010-05-18 15:05:02) [DELETE]
  Parameters: {"id"=>"131"}
  [4;36;1mPost Load (0.4ms)[0m   [0;1mSELECT * FROM `posts` WHERE (`posts`.`id` = 131) [0m
  [4;35;1mSQL (0.2ms)[0m   [0mSAVEPOINT active_record_1[0m
  [4;36;1mPost Destroy (0.5ms)[0m   [0;1mDELETE FROM `posts` WHERE `id` = 131[0m
  [4;35;1mSQL (0.2ms)[0m   [0mRELEASE SAVEPOINT active_record_1[0m
Redirected to http://www.example.com/posts
Completed in 4ms (DB: 1) | 302 Found [http://www.example.com/posts/131]


Processing PostsController#index (for 127.0.0.1 at 2010-05-18 15:05:02) [GET]
  [4;36;1mPost Load (1.9ms)[0m   [0;1mSELECT * FROM `posts` [0m
Rendering template within layouts/posts
Rendering posts/index
Completed in 9ms (View: 6, DB: 2) | 200 OK [http://www.example.com/posts]
  [4;35;1mSQL (2.2ms)[0m   [0mROLLBACK[0m
  [4;36;1mSQL (0.5ms)[0m   [0;1mSET NAMES 'utf8'[0m
  [4;35;1mSQL (0.2ms)[0m   [0mSET SQL_AUTO_IS_NULL=0[0m
  [4;36;1mSQL (0.2ms)[0m   [0;1mBEGIN[0m


Processing PostsController#index (for 127.0.0.1 at 2010-05-18 15:08:34) [GET]
  [4;35;1mPost Load (1.2ms)[0m   [0mSELECT * FROM `posts` [0m
Rendering template within layouts/posts
Rendering posts/index
  [4;36;1mPost Columns (1.3ms)[0m   [0;1mSHOW FIELDS FROM `posts`[0m
Completed in 27ms (View: 21, DB: 3) | 200 OK [http://www.example.com/]


Processing PostsController#new (for 127.0.0.1 at 2010-05-18 15:08:34) [GET]
Rendering template within layouts/posts
Rendering posts/new
Completed in 5ms (View: 4, DB: 0) | 200 OK [http://www.example.com/posts/new]


Processing PostsController#create (for 127.0.0.1 at 2010-05-18 15:08:34) [POST]
  Parameters: {"commit"=>"Create", "post"=>{"title"=>"Frist", "body"=>"I have arrived at this blog first and am in a rush to identify myself, thus I am unconscientious of grammar."}}
  [4;35;1mSQL (0.4ms)[0m   [0mSAVEPOINT active_record_1[0m
  [4;36;1mPost Create (0.5ms)[0m   [0;1mINSERT INTO `posts` (`created_at`, `title`, `body`, `updated_at`) VALUES('2010-05-18 19:08:34', 'Frist', 'I have arrived at this blog first and am in a rush to identify myself, thus I am unconscientious of grammar.', '2010-05-18 19:08:34')[0m
  [4;35;1mSQL (0.2ms)[0m   [0mRELEASE SAVEPOINT active_record_1[0m
Redirected to http://www.example.com/posts/132
Completed in 7ms (DB: 1) | 302 Found [http://www.example.com/posts]


Processing PostsController#show (for 127.0.0.1 at 2010-05-18 15:08:34) [GET]
  Parameters: {"id"=>"132"}
  [4;36;1mPost Load (0.6ms)[0m   [0;1mSELECT * FROM `posts` WHERE (`posts`.`id` = 132) [0m
Rendering template within layouts/posts
Rendering posts/show
  [4;35;1mComment Load (0.7ms)[0m   [0mSELECT * FROM `comments` WHERE (`comments`.post_id = 132) [0m
  [4;36;1mComment Columns (0.9ms)[0m   [0;1mSHOW FIELDS FROM `comments`[0m
Completed in 71ms (View: 62, DB: 2) | 200 OK [http://www.example.com/posts/132]
  [4;35;1mSQL (2.7ms)[0m   [0mROLLBACK[0m
  [4;36;1mSQL (0.1ms)[0m   [0;1mBEGIN[0m
  [4;35;1mSQL (0.2ms)[0m   [0mSAVEPOINT active_record_1[0m
  [4;36;1mPost Create (0.6ms)[0m   [0;1mINSERT INTO `posts` (`created_at`, `title`, `body`, `updated_at`) VALUES('2010-05-18 19:08:34', 'First Post', 'If I said you have a nice body, would you enclode it </body>? I mean, compliance, and all.', '2010-05-18 19:08:34')[0m
  [4;35;1mSQL (0.3ms)[0m   [0mRELEASE SAVEPOINT active_record_1[0m


Processing PostsController#index (for 127.0.0.1 at 2010-05-18 15:08:34) [GET]
  [4;36;1mPost Load (0.5ms)[0m   [0;1mSELECT * FROM `posts` [0m
Rendering template within layouts/posts
Rendering posts/index
Completed in 8ms (View: 6, DB: 4) | 200 OK [http://www.example.com/]


Processing PostsController#show (for 127.0.0.1 at 2010-05-18 15:08:34) [GET]
  Parameters: {"id"=>"133"}
  [4;35;1mPost Load (0.4ms)[0m   [0mSELECT * FROM `posts` WHERE (`posts`.`id` = 133) [0m
Rendering template within layouts/posts
Rendering posts/show
  [4;36;1mComment Load (0.7ms)[0m   [0;1mSELECT * FROM `comments` WHERE (`comments`.post_id = 133) [0m
Completed in 8ms (View: 6, DB: 1) | 200 OK [http://www.example.com/posts/133]
  [4;35;1mSQL (3.6ms)[0m   [0mROLLBACK[0m
  [4;36;1mSQL (0.2ms)[0m   [0;1mBEGIN[0m
  [4;35;1mSQL (0.2ms)[0m   [0mSAVEPOINT active_record_1[0m
  [4;36;1mPost Create (0.4ms)[0m   [0;1mINSERT INTO `posts` (`created_at`, `title`, `body`, `updated_at`) VALUES('2010-05-18 19:08:34', 'First Post', 'If I said you have a nice body, would you enclode it </body>? I mean, compliance, and all.', '2010-05-18 19:08:34')[0m
  [4;35;1mSQL (0.2ms)[0m   [0mRELEASE SAVEPOINT active_record_1[0m


Processing PostsController#index (for 127.0.0.1 at 2010-05-18 15:08:34) [GET]
  [4;36;1mPost Load (0.5ms)[0m   [0;1mSELECT * FROM `posts` [0m
Rendering template within layouts/posts
Rendering posts/index
Completed in 6ms (View: 3, DB: 5) | 200 OK [http://www.example.com/]
  [4;35;1mSQL (1.6ms)[0m   [0mROLLBACK[0m
  [4;36;1mSQL (0.2ms)[0m   [0;1mBEGIN[0m
  [4;35;1mSQL (0.4ms)[0m   [0mSAVEPOINT active_record_1[0m
  [4;36;1mPost Create (0.4ms)[0m   [0;1mINSERT INTO `posts` (`created_at`, `title`, `body`, `updated_at`) VALUES('2010-05-18 19:08:34', 'First Post', 'If I said you have a nice body, would you enclode it </body>? I mean, compliance, and all.', '2010-05-18 19:08:34')[0m
  [4;35;1mSQL (0.2ms)[0m   [0mRELEASE SAVEPOINT active_record_1[0m


Processing PostsController#index (for 127.0.0.1 at 2010-05-18 15:08:34) [GET]
  [4;36;1mPost Load (0.5ms)[0m   [0;1mSELECT * FROM `posts` [0m
Rendering template within layouts/posts
Rendering posts/index
Completed in 5ms (View: 4, DB: 3) | 200 OK [http://www.example.com/]


Processing PostsController#show (for 127.0.0.1 at 2010-05-18 15:08:34) [GET]
  Parameters: {"id"=>"135"}
  [4;35;1mPost Load (0.6ms)[0m   [0mSELECT * FROM `posts` WHERE (`posts`.`id` = 135) [0m
Rendering template within layouts/posts
Rendering posts/show
  [4;36;1mComment Load (1.5ms)[0m   [0;1mSELECT * FROM `comments` WHERE (`comments`.post_id = 135) [0m
Completed in 8ms (View: 3, DB: 2) | 200 OK [http://www.example.com/posts/135]


Processing PostsController#edit (for 127.0.0.1 at 2010-05-18 15:08:34) [GET]
  Parameters: {"id"=>"135"}
  [4;35;1mPost Load (0.4ms)[0m   [0mSELECT * FROM `posts` WHERE (`posts`.`id` = 135) [0m
Rendering template within layouts/posts
Rendering posts/edit
Completed in 5ms (View: 3, DB: 0) | 200 OK [http://www.example.com/posts/135/edit]


Processing PostsController#update (for 127.0.0.1 at 2010-05-18 15:08:34) [PUT]
  Parameters: {"commit"=>"Update", "post"=>{"title"=>"First Post", "body"=>"This is an edit, instead of the original message"}, "id"=>"135"}
  [4;36;1mPost Load (0.5ms)[0m   [0;1mSELECT * FROM `posts` WHERE (`posts`.`id` = 135) [0m
  [4;35;1mSQL (0.2ms)[0m   [0mSAVEPOINT active_record_1[0m
  [4;36;1mPost Update (0.5ms)[0m   [0;1mUPDATE `posts` SET `updated_at` = '2010-05-18 19:08:34', `body` = 'This is an edit, instead of the original message' WHERE `id` = 135[0m
  [4;35;1mSQL (0.1ms)[0m   [0mRELEASE SAVEPOINT active_record_1[0m
Redirected to http://www.example.com/posts/135
Completed in 6ms (DB: 1) | 302 Found [http://www.example.com/posts/135]


Processing PostsController#show (for 127.0.0.1 at 2010-05-18 15:08:34) [GET]
  Parameters: {"id"=>"135"}
  [4;36;1mPost Load (0.8ms)[0m   [0;1mSELECT * FROM `posts` WHERE (`posts`.`id` = 135) [0m
Rendering template within layouts/posts
Rendering posts/show
  [4;35;1mComment Load (0.5ms)[0m   [0mSELECT * FROM `comments` WHERE (`comments`.post_id = 135) [0m
Completed in 10ms (View: 7, DB: 1) | 200 OK [http://www.example.com/posts/135]
  [4;36;1mSQL (8.3ms)[0m   [0;1mROLLBACK[0m
  [4;35;1mSQL (0.1ms)[0m   [0mBEGIN[0m
  [4;36;1mSQL (0.2ms)[0m   [0;1mSAVEPOINT active_record_1[0m
  [4;35;1mPost Create (0.5ms)[0m   [0mINSERT INTO `posts` (`created_at`, `title`, `body`, `updated_at`) VALUES('2010-05-18 19:08:34', 'First Post', 'If I said you have a nice body, would you enclode it </body>? I mean, compliance, and all.', '2010-05-18 19:08:34')[0m
  [4;36;1mSQL (0.1ms)[0m   [0;1mRELEASE SAVEPOINT active_record_1[0m


Processing PostsController#index (for 127.0.0.1 at 2010-05-18 15:08:34) [GET]
  [4;35;1mPost Load (0.8ms)[0m   [0mSELECT * FROM `posts` [0m
Rendering template within layouts/posts
Rendering posts/index
Completed in 60ms (View: 55, DB: 10) | 200 OK [http://www.example.com/]


Processing PostsController#show (for 127.0.0.1 at 2010-05-18 15:08:35) [GET]
  Parameters: {"id"=>"136"}
  [4;36;1mPost Load (1.5ms)[0m   [0;1mSELECT * FROM `posts` WHERE (`posts`.`id` = 136) [0m
Rendering template within layouts/posts
Rendering posts/show
  [4;35;1mComment Load (0.6ms)[0m   [0mSELECT * FROM `comments` WHERE (`comments`.post_id = 136) [0m
Completed in 11ms (View: 8, DB: 2) | 200 OK [http://www.example.com/posts/136]


Processing PostsController#destroy (for 127.0.0.1 at 2010-05-18 15:08:35) [DELETE]
  Parameters: {"id"=>"136"}
  [4;36;1mPost Load (0.4ms)[0m   [0;1mSELECT * FROM `posts` WHERE (`posts`.`id` = 136) [0m
  [4;35;1mSQL (0.2ms)[0m   [0mSAVEPOINT active_record_1[0m
  [4;36;1mPost Destroy (0.5ms)[0m   [0;1mDELETE FROM `posts` WHERE `id` = 136[0m
  [4;35;1mSQL (0.2ms)[0m   [0mRELEASE SAVEPOINT active_record_1[0m
Redirected to http://www.example.com/posts
Completed in 4ms (DB: 1) | 302 Found [http://www.example.com/posts/136]


Processing PostsController#index (for 127.0.0.1 at 2010-05-18 15:08:35) [GET]
  [4;36;1mPost Load (0.4ms)[0m   [0;1mSELECT * FROM `posts` [0m
Rendering template within layouts/posts
Rendering posts/index
Completed in 4ms (View: 3, DB: 0) | 200 OK [http://www.example.com/posts]
  [4;35;1mSQL (2.2ms)[0m   [0mROLLBACK[0m
  [4;36;1mSQL (0.4ms)[0m   [0;1mSET NAMES 'utf8'[0m
  [4;35;1mSQL (0.1ms)[0m   [0mSET SQL_AUTO_IS_NULL=0[0m
  [4;36;1mSQL (0.2ms)[0m   [0;1mBEGIN[0m


Processing PostsController#index (for 127.0.0.1 at 2010-05-18 15:09:05) [GET]
  [4;35;1mPost Load (0.9ms)[0m   [0mSELECT * FROM `posts` [0m
Rendering template within layouts/posts
Rendering posts/index
  [4;36;1mPost Columns (1.0ms)[0m   [0;1mSHOW FIELDS FROM `posts`[0m
Completed in 28ms (View: 22, DB: 3) | 200 OK [http://www.example.com/]


Processing PostsController#new (for 127.0.0.1 at 2010-05-18 15:09:05) [GET]
Rendering template within layouts/posts
Rendering posts/new
Completed in 5ms (View: 4, DB: 0) | 200 OK [http://www.example.com/posts/new]


Processing PostsController#create (for 127.0.0.1 at 2010-05-18 15:09:05) [POST]
  Parameters: {"commit"=>"Create", "post"=>{"title"=>"Frist", "body"=>"I have arrived at this blog first and am in a rush to identify myself, thus I am unconscientious of grammar."}}
  [4;35;1mSQL (0.3ms)[0m   [0mSAVEPOINT active_record_1[0m
  [4;36;1mPost Create (0.4ms)[0m   [0;1mINSERT INTO `posts` (`created_at`, `title`, `body`, `updated_at`) VALUES('2010-05-18 19:09:05', 'Frist', 'I have arrived at this blog first and am in a rush to identify myself, thus I am unconscientious of grammar.', '2010-05-18 19:09:05')[0m
  [4;35;1mSQL (0.2ms)[0m   [0mRELEASE SAVEPOINT active_record_1[0m
Redirected to http://www.example.com/posts/137
Completed in 7ms (DB: 1) | 302 Found [http://www.example.com/posts]


Processing PostsController#show (for 127.0.0.1 at 2010-05-18 15:09:05) [GET]
  Parameters: {"id"=>"137"}
  [4;36;1mPost Load (0.7ms)[0m   [0;1mSELECT * FROM `posts` WHERE (`posts`.`id` = 137) [0m
Rendering template within layouts/posts
Rendering posts/show
  [4;35;1mComment Load (0.7ms)[0m   [0mSELECT * FROM `comments` WHERE (`comments`.post_id = 137) [0m
  [4;36;1mComment Columns (0.8ms)[0m   [0;1mSHOW FIELDS FROM `comments`[0m
Completed in 72ms (View: 69, DB: 2) | 200 OK [http://www.example.com/posts/137]
  [4;35;1mSQL (1.9ms)[0m   [0mROLLBACK[0m
  [4;36;1mSQL (0.2ms)[0m   [0;1mBEGIN[0m
  [4;35;1mSQL (0.1ms)[0m   [0mSAVEPOINT active_record_1[0m
  [4;36;1mPost Create (0.2ms)[0m   [0;1mINSERT INTO `posts` (`created_at`, `title`, `body`, `updated_at`) VALUES('2010-05-18 19:09:05', 'First Post', 'If I said you have a nice body, would you enclode it </body>? I mean, compliance, and all.', '2010-05-18 19:09:05')[0m
  [4;35;1mSQL (0.1ms)[0m   [0mRELEASE SAVEPOINT active_record_1[0m


Processing PostsController#index (for 127.0.0.1 at 2010-05-18 15:09:05) [GET]
  [4;36;1mPost Load (0.4ms)[0m   [0;1mSELECT * FROM `posts` [0m
Rendering template within layouts/posts
Rendering posts/index
Completed in 7ms (View: 5, DB: 3) | 200 OK [http://www.example.com/]


Processing PostsController#show (for 127.0.0.1 at 2010-05-18 15:09:05) [GET]
  Parameters: {"id"=>"138"}
  [4;35;1mPost Load (0.4ms)[0m   [0mSELECT * FROM `posts` WHERE (`posts`.`id` = 138) [0m
Rendering template within layouts/posts
Rendering posts/show
  [4;36;1mComment Load (0.6ms)[0m   [0;1mSELECT * FROM `comments` WHERE (`comments`.post_id = 138) [0m
Completed in 8ms (View: 6, DB: 1) | 200 OK [http://www.example.com/posts/138]
  [4;35;1mSQL (1.3ms)[0m   [0mROLLBACK[0m
  [4;36;1mSQL (0.2ms)[0m   [0;1mBEGIN[0m
  [4;35;1mSQL (0.2ms)[0m   [0mSAVEPOINT active_record_1[0m
  [4;36;1mPost Create (0.3ms)[0m   [0;1mINSERT INTO `posts` (`created_at`, `title`, `body`, `updated_at`) VALUES('2010-05-18 19:09:05', 'First Post', 'If I said you have a nice body, would you enclode it </body>? I mean, compliance, and all.', '2010-05-18 19:09:05')[0m
  [4;35;1mSQL (0.1ms)[0m   [0mRELEASE SAVEPOINT active_record_1[0m


Processing PostsController#index (for 127.0.0.1 at 2010-05-18 15:09:05) [GET]
  [4;36;1mPost Load (0.4ms)[0m   [0;1mSELECT * FROM `posts` [0m
Rendering template within layouts/posts
Rendering posts/index
Completed in 6ms (View: 5, DB: 2) | 200 OK [http://www.example.com/]
  [4;35;1mSQL (1.9ms)[0m   [0mROLLBACK[0m
  [4;36;1mSQL (0.2ms)[0m   [0;1mBEGIN[0m
  [4;35;1mSQL (0.2ms)[0m   [0mSAVEPOINT active_record_1[0m
  [4;36;1mPost Create (0.3ms)[0m   [0;1mINSERT INTO `posts` (`created_at`, `title`, `body`, `updated_at`) VALUES('2010-05-18 19:09:05', 'First Post', 'If I said you have a nice body, would you enclode it </body>? I mean, compliance, and all.', '2010-05-18 19:09:05')[0m
  [4;35;1mSQL (0.3ms)[0m   [0mRELEASE SAVEPOINT active_record_1[0m


Processing PostsController#index (for 127.0.0.1 at 2010-05-18 15:09:05) [GET]
  [4;36;1mPost Load (0.4ms)[0m   [0;1mSELECT * FROM `posts` [0m
Rendering template within layouts/posts
Rendering posts/index
Completed in 7ms (View: 6, DB: 3) | 200 OK [http://www.example.com/]


Processing PostsController#show (for 127.0.0.1 at 2010-05-18 15:09:05) [GET]
  Parameters: {"id"=>"140"}
  [4;35;1mPost Load (0.6ms)[0m   [0mSELECT * FROM `posts` WHERE (`posts`.`id` = 140) [0m
Rendering template within layouts/posts
Rendering posts/show
  [4;36;1mComment Load (1.2ms)[0m   [0;1mSELECT * FROM `comments` WHERE (`comments`.post_id = 140) [0m
Completed in 9ms (View: 6, DB: 2) | 200 OK [http://www.example.com/posts/140]


Processing PostsController#edit (for 127.0.0.1 at 2010-05-18 15:09:05) [GET]
  Parameters: {"id"=>"140"}
  [4;35;1mPost Load (0.4ms)[0m   [0mSELECT * FROM `posts` WHERE (`posts`.`id` = 140) [0m
Rendering template within layouts/posts
Rendering posts/edit
Completed in 6ms (View: 4, DB: 0) | 200 OK [http://www.example.com/posts/140/edit]


Processing PostsController#update (for 127.0.0.1 at 2010-05-18 15:09:05) [PUT]
  Parameters: {"commit"=>"Update", "post"=>{"title"=>"First Post", "body"=>"This is an edit, instead of the original message"}, "id"=>"140"}
  [4;36;1mPost Load (2.7ms)[0m   [0;1mSELECT * FROM `posts` WHERE (`posts`.`id` = 140) [0m
  [4;35;1mSQL (0.9ms)[0m   [0mSAVEPOINT active_record_1[0m
  [4;36;1mPost Update (0.5ms)[0m   [0;1mUPDATE `posts` SET `updated_at` = '2010-05-18 19:09:05', `body` = 'This is an edit, instead of the original message' WHERE `id` = 140[0m
  [4;35;1mSQL (0.2ms)[0m   [0mRELEASE SAVEPOINT active_record_1[0m
Redirected to http://www.example.com/posts/140
Completed in 9ms (DB: 4) | 302 Found [http://www.example.com/posts/140]


Processing PostsController#show (for 127.0.0.1 at 2010-05-18 15:09:05) [GET]
  Parameters: {"id"=>"140"}
  [4;36;1mPost Load (0.8ms)[0m   [0;1mSELECT * FROM `posts` WHERE (`posts`.`id` = 140) [0m
Rendering template within layouts/posts
Rendering posts/show
  [4;35;1mComment Load (0.2ms)[0m   [0mSELECT * FROM `comments` WHERE (`comments`.post_id = 140) [0m
Completed in 9ms (View: 6, DB: 1) | 200 OK [http://www.example.com/posts/140]
  [4;36;1mSQL (1.7ms)[0m   [0;1mROLLBACK[0m
  [4;35;1mSQL (0.2ms)[0m   [0mBEGIN[0m
  [4;36;1mSQL (0.2ms)[0m   [0;1mSAVEPOINT active_record_1[0m
  [4;35;1mPost Create (0.3ms)[0m   [0mINSERT INTO `posts` (`created_at`, `title`, `body`, `updated_at`) VALUES('2010-05-18 19:09:05', 'First Post', 'If I said you have a nice body, would you enclode it </body>? I mean, compliance, and all.', '2010-05-18 19:09:05')[0m
  [4;36;1mSQL (0.2ms)[0m   [0;1mRELEASE SAVEPOINT active_record_1[0m


Processing PostsController#index (for 127.0.0.1 at 2010-05-18 15:09:05) [GET]
  [4;35;1mPost Load (0.5ms)[0m   [0mSELECT * FROM `posts` [0m
Rendering template within layouts/posts
Rendering posts/index
Completed in 8ms (View: 6, DB: 3) | 200 OK [http://www.example.com/]


Processing PostsController#show (for 127.0.0.1 at 2010-05-18 15:09:05) [GET]
  Parameters: {"id"=>"141"}
  [4;36;1mPost Load (0.5ms)[0m   [0;1mSELECT * FROM `posts` WHERE (`posts`.`id` = 141) [0m
Rendering template within layouts/posts
Rendering posts/show
  [4;35;1mComment Load (0.4ms)[0m   [0mSELECT * FROM `comments` WHERE (`comments`.post_id = 141) [0m
Completed in 62ms (View: 59, DB: 1) | 200 OK [http://www.example.com/posts/141]


Processing PostsController#destroy (for 127.0.0.1 at 2010-05-18 15:09:05) [DELETE]
  Parameters: {"id"=>"141"}
  [4;36;1mPost Load (0.4ms)[0m   [0;1mSELECT * FROM `posts` WHERE (`posts`.`id` = 141) [0m
  [4;35;1mSQL (0.2ms)[0m   [0mSAVEPOINT active_record_1[0m
  [4;36;1mPost Destroy (0.3ms)[0m   [0;1mDELETE FROM `posts` WHERE `id` = 141[0m
  [4;35;1mSQL (0.2ms)[0m   [0mRELEASE SAVEPOINT active_record_1[0m
Redirected to http://www.example.com/posts
Completed in 3ms (DB: 1) | 302 Found [http://www.example.com/posts/141]


Processing PostsController#index (for 127.0.0.1 at 2010-05-18 15:09:05) [GET]
  [4;36;1mPost Load (0.4ms)[0m   [0;1mSELECT * FROM `posts` [0m
Rendering template within layouts/posts
Rendering posts/index
Completed in 4ms (View: 2, DB: 0) | 200 OK [http://www.example.com/posts]
  [4;35;1mSQL (2.2ms)[0m   [0mROLLBACK[0m
  [4;36;1mSQL (0.3ms)[0m   [0;1mSET NAMES 'utf8'[0m
  [4;35;1mSQL (0.1ms)[0m   [0mSET SQL_AUTO_IS_NULL=0[0m
  [4;36;1mSQL (0.2ms)[0m   [0;1mBEGIN[0m
  [4;35;1mPost Columns (1.0ms)[0m   [0mSHOW FIELDS FROM `posts`[0m
  [4;36;1mSQL (0.2ms)[0m   [0;1mSAVEPOINT active_record_1[0m
  [4;35;1mPost Create (0.6ms)[0m   [0mINSERT INTO `posts` (`created_at`, `title`, `body`, `updated_at`) VALUES('2010-05-18 19:09:16', 'First Post', 'If I said you have a nice body, would you enclode it </body>? I mean, compliance, and all.', '2010-05-18 19:09:16')[0m
  [4;36;1mSQL (0.2ms)[0m   [0;1mRELEASE SAVEPOINT active_record_1[0m


Processing PostsController#index (for 127.0.0.1 at 2010-05-18 15:09:16) [GET]
  [4;35;1mPost Load (0.5ms)[0m   [0mSELECT * FROM `posts` [0m
Rendering template within layouts/posts
Rendering posts/index
Completed in 17ms (View: 12, DB: 3) | 200 OK [http://www.example.com/posts]


Processing PostsController#show (for 127.0.0.1 at 2010-05-18 15:09:16) [GET]
  Parameters: {"id"=>"142"}
  [4;36;1mPost Load (0.5ms)[0m   [0;1mSELECT * FROM `posts` WHERE (`posts`.`id` = 142) [0m
Rendering template within layouts/posts
Rendering posts/show
  [4;35;1mComment Load (0.5ms)[0m   [0mSELECT * FROM `comments` WHERE (`comments`.post_id = 142) [0m
  [4;36;1mComment Columns (0.6ms)[0m   [0;1mSHOW FIELDS FROM `comments`[0m
Completed in 15ms (View: 12, DB: 2) | 200 OK [http://www.example.com/posts/142]


Processing CommentsController#create (for 127.0.0.1 at 2010-05-18 15:09:16) [POST]
  Parameters: {"comment"=>{"name"=>"Your Mom", "body"=>"I have no son."}, "commit"=>"Add Comment", "post_id"=>"142"}
  [4;35;1mPost Load (0.5ms)[0m   [0mSELECT * FROM `posts` WHERE (`posts`.`id` = 142) [0m
  [4;36;1mSQL (0.7ms)[0m   [0;1mSAVEPOINT active_record_1[0m
  [4;35;1mComment Create (0.3ms)[0m   [0mINSERT INTO `comments` (`name`, `created_at`, `body`, `updated_at`, `post_id`) VALUES('Your Mom', '2010-05-18 19:09:16', 'I have no son.', '2010-05-18 19:09:16', 142)[0m
  [4;36;1mSQL (0.1ms)[0m   [0;1mRELEASE SAVEPOINT active_record_1[0m
Redirected to http://www.example.com/posts/142
Completed in 10ms (DB: 2) | 302 Found [http://www.example.com/posts/142/comments]


Processing PostsController#show (for 127.0.0.1 at 2010-05-18 15:09:16) [GET]
  Parameters: {"id"=>"142"}
  [4;35;1mPost Load (0.5ms)[0m   [0mSELECT * FROM `posts` WHERE (`posts`.`id` = 142) [0m
Rendering template within layouts/posts
Rendering posts/show
  [4;36;1mComment Load (1.0ms)[0m   [0;1mSELECT * FROM `comments` WHERE (`comments`.post_id = 142) [0m
Completed in 76ms (View: 25, DB: 1) | 200 OK [http://www.example.com/posts/142]
  [4;35;1mSQL (2.0ms)[0m   [0mROLLBACK[0m
  [4;36;1mSQL (0.2ms)[0m   [0;1mBEGIN[0m
  [4;35;1mSQL (0.3ms)[0m   [0mSAVEPOINT active_record_1[0m
  [4;36;1mPost Create (0.4ms)[0m   [0;1mINSERT INTO `posts` (`created_at`, `title`, `body`, `updated_at`) VALUES('2010-05-18 19:09:16', 'First Post', 'If I said you have a nice body, would you enclode it </body>? I mean, compliance, and all.', '2010-05-18 19:09:16')[0m
  [4;35;1mSQL (0.2ms)[0m   [0mRELEASE SAVEPOINT active_record_1[0m


Processing PostsController#index (for 127.0.0.1 at 2010-05-18 15:09:16) [GET]
  [4;36;1mPost Load (0.4ms)[0m   [0;1mSELECT * FROM `posts` [0m
Rendering template within layouts/posts
Rendering posts/index
Completed in 8ms (View: 6, DB: 4) | 200 OK [http://www.example.com/posts]


Processing PostsController#show (for 127.0.0.1 at 2010-05-18 15:09:16) [GET]
  Parameters: {"id"=>"143"}
  [4;35;1mPost Load (0.8ms)[0m   [0mSELECT * FROM `posts` WHERE (`posts`.`id` = 143) [0m
Rendering template within layouts/posts
Rendering posts/show
  [4;36;1mComment Load (0.6ms)[0m   [0;1mSELECT * FROM `comments` WHERE (`comments`.post_id = 143) [0m
Completed in 10ms (View: 7, DB: 1) | 200 OK [http://www.example.com/posts/143]


Processing CommentsController#create (for 127.0.0.1 at 2010-05-18 15:09:16) [POST]
  Parameters: {"comment"=>{"name"=>"Your Mom", "body"=>"I have no son."}, "commit"=>"Add Comment", "post_id"=>"143"}
  [4;35;1mPost Load (0.6ms)[0m   [0mSELECT * FROM `posts` WHERE (`posts`.`id` = 143) [0m
  [4;36;1mSQL (0.2ms)[0m   [0;1mSAVEPOINT active_record_1[0m
  [4;35;1mComment Create (0.4ms)[0m   [0mINSERT INTO `comments` (`name`, `created_at`, `body`, `updated_at`, `post_id`) VALUES('Your Mom', '2010-05-18 19:09:16', 'I have no son.', '2010-05-18 19:09:16', 143)[0m
  [4;36;1mSQL (0.1ms)[0m   [0;1mRELEASE SAVEPOINT active_record_1[0m
Redirected to http://www.example.com/posts/143
Completed in 5ms (DB: 1) | 302 Found [http://www.example.com/posts/143/comments]


Processing PostsController#show (for 127.0.0.1 at 2010-05-18 15:09:16) [GET]
  Parameters: {"id"=>"143"}
  [4;35;1mPost Load (0.4ms)[0m   [0mSELECT * FROM `posts` WHERE (`posts`.`id` = 143) [0m
Rendering template within layouts/posts
Rendering posts/show
  [4;36;1mComment Load (0.4ms)[0m   [0;1mSELECT * FROM `comments` WHERE (`comments`.post_id = 143) [0m
Completed in 9ms (View: 7, DB: 1) | 200 OK [http://www.example.com/posts/143]


Processing CommentsController#destroy (for 127.0.0.1 at 2010-05-18 15:09:16) [DELETE]
  Parameters: {"id"=>"5"}
  [4;35;1mComment Load (0.4ms)[0m   [0mSELECT * FROM `comments` WHERE (`comments`.`id` = 5) [0m
  [4;36;1mPost Load (0.5ms)[0m   [0;1mSELECT * FROM `posts` WHERE (`posts`.`id` = 143) [0m
  [4;35;1mSQL (0.1ms)[0m   [0mSAVEPOINT active_record_1[0m
  [4;36;1mComment Destroy (0.5ms)[0m   [0;1mDELETE FROM `comments` WHERE `id` = 5[0m
  [4;35;1mSQL (0.2ms)[0m   [0mRELEASE SAVEPOINT active_record_1[0m
Redirected to http://www.example.com/posts/143
Completed in 4ms (DB: 2) | 302 Found [http://www.example.com/comments/5]


Processing PostsController#show (for 127.0.0.1 at 2010-05-18 15:09:16) [GET]
  Parameters: {"id"=>"143"}
  [4;36;1mPost Load (0.4ms)[0m   [0;1mSELECT * FROM `posts` WHERE (`posts`.`id` = 143) [0m
Rendering template within layouts/posts
Rendering posts/show
  [4;35;1mComment Load (0.7ms)[0m   [0mSELECT * FROM `comments` WHERE (`comments`.post_id = 143) [0m
Completed in 7ms (View: 5, DB: 1) | 200 OK [http://www.example.com/posts/143]
  [4;36;1mSQL (2.8ms)[0m   [0;1mROLLBACK[0m
  [4;35;1mSQL (0.2ms)[0m   [0mBEGIN[0m


Processing PostsController#index (for 127.0.0.1 at 2010-05-18 15:09:16) [GET]
  [4;36;1mPost Load (0.6ms)[0m   [0;1mSELECT * FROM `posts` [0m
Rendering template within layouts/posts
Rendering posts/index
Completed in 6ms (View: 4, DB: 4) | 200 OK [http://www.example.com/]


Processing PostsController#new (for 127.0.0.1 at 2010-05-18 15:09:16) [GET]
Rendering template within layouts/posts
Rendering posts/new
Completed in 6ms (View: 5, DB: 0) | 200 OK [http://www.example.com/posts/new]


Processing PostsController#create (for 127.0.0.1 at 2010-05-18 15:09:16) [POST]
  Parameters: {"commit"=>"Create", "post"=>{"title"=>"Frist", "body"=>"I have arrived at this blog first and am in a rush to identify myself, thus I am unconscientious of grammar."}}
  [4;35;1mSQL (0.3ms)[0m   [0mSAVEPOINT active_record_1[0m
  [4;36;1mPost Create (0.4ms)[0m   [0;1mINSERT INTO `posts` (`created_at`, `title`, `body`, `updated_at`) VALUES('2010-05-18 19:09:16', 'Frist', 'I have arrived at this blog first and am in a rush to identify myself, thus I am unconscientious of grammar.', '2010-05-18 19:09:16')[0m
  [4;35;1mSQL (0.7ms)[0m   [0mRELEASE SAVEPOINT active_record_1[0m
Redirected to http://www.example.com/posts/144
Completed in 5ms (DB: 1) | 302 Found [http://www.example.com/posts]


Processing PostsController#show (for 127.0.0.1 at 2010-05-18 15:09:16) [GET]
  Parameters: {"id"=>"144"}
  [4;36;1mPost Load (0.4ms)[0m   [0;1mSELECT * FROM `posts` WHERE (`posts`.`id` = 144) [0m
Rendering template within layouts/posts
Rendering posts/show
  [4;35;1mComment Load (2.3ms)[0m   [0mSELECT * FROM `comments` WHERE (`comments`.post_id = 144) [0m
Completed in 7ms (View: 2, DB: 3) | 200 OK [http://www.example.com/posts/144]
  [4;36;1mSQL (2.1ms)[0m   [0;1mROLLBACK[0m
  [4;35;1mSQL (0.2ms)[0m   [0mBEGIN[0m
  [4;36;1mSQL (0.3ms)[0m   [0;1mSAVEPOINT active_record_1[0m
  [4;35;1mPost Create (0.3ms)[0m   [0mINSERT INTO `posts` (`created_at`, `title`, `body`, `updated_at`) VALUES('2010-05-18 19:09:16', 'First Post', 'If I said you have a nice body, would you enclode it </body>? I mean, compliance, and all.', '2010-05-18 19:09:16')[0m
  [4;36;1mSQL (0.2ms)[0m   [0;1mRELEASE SAVEPOINT active_record_1[0m


Processing PostsController#index (for 127.0.0.1 at 2010-05-18 15:09:16) [GET]
  [4;35;1mPost Load (0.4ms)[0m   [0mSELECT * FROM `posts` [0m
Rendering template within layouts/posts
Rendering posts/index
Completed in 6ms (View: 5, DB: 3) | 200 OK [http://www.example.com/]


Processing PostsController#show (for 127.0.0.1 at 2010-05-18 15:09:16) [GET]
  Parameters: {"id"=>"145"}
  [4;36;1mPost Load (0.3ms)[0m   [0;1mSELECT * FROM `posts` WHERE (`posts`.`id` = 145) [0m
Rendering template within layouts/posts
Rendering posts/show
  [4;35;1mComment Load (0.4ms)[0m   [0mSELECT * FROM `comments` WHERE (`comments`.post_id = 145) [0m
Completed in 7ms (View: 5, DB: 1) | 200 OK [http://www.example.com/posts/145]
  [4;36;1mSQL (1.4ms)[0m   [0;1mROLLBACK[0m
  [4;35;1mSQL (0.2ms)[0m   [0mBEGIN[0m
  [4;36;1mSQL (0.3ms)[0m   [0;1mSAVEPOINT active_record_1[0m
  [4;35;1mPost Create (0.4ms)[0m   [0mINSERT INTO `posts` (`created_at`, `title`, `body`, `updated_at`) VALUES('2010-05-18 19:09:16', 'First Post', 'If I said you have a nice body, would you enclode it </body>? I mean, compliance, and all.', '2010-05-18 19:09:16')[0m
  [4;36;1mSQL (0.3ms)[0m   [0;1mRELEASE SAVEPOINT active_record_1[0m


Processing PostsController#index (for 127.0.0.1 at 2010-05-18 15:09:16) [GET]
  [4;35;1mPost Load (0.5ms)[0m   [0mSELECT * FROM `posts` [0m
Rendering template within layouts/posts
Rendering posts/index
Completed in 6ms (View: 5, DB: 3) | 200 OK [http://www.example.com/]
  [4;36;1mSQL (1.4ms)[0m   [0;1mROLLBACK[0m
  [4;35;1mSQL (0.2ms)[0m   [0mBEGIN[0m
  [4;36;1mSQL (0.3ms)[0m   [0;1mSAVEPOINT active_record_1[0m
  [4;35;1mPost Create (0.5ms)[0m   [0mINSERT INTO `posts` (`created_at`, `title`, `body`, `updated_at`) VALUES('2010-05-18 19:09:16', 'First Post', 'If I said you have a nice body, would you enclode it </body>? I mean, compliance, and all.', '2010-05-18 19:09:16')[0m
  [4;36;1mSQL (0.3ms)[0m   [0;1mRELEASE SAVEPOINT active_record_1[0m


Processing PostsController#index (for 127.0.0.1 at 2010-05-18 15:09:16) [GET]
  [4;35;1mPost Load (0.4ms)[0m   [0mSELECT * FROM `posts` [0m
Rendering template within layouts/posts
Rendering posts/index
Completed in 6ms (View: 3, DB: 3) | 200 OK [http://www.example.com/]


Processing PostsController#show (for 127.0.0.1 at 2010-05-18 15:09:16) [GET]
  Parameters: {"id"=>"147"}
  [4;36;1mPost Load (0.4ms)[0m   [0;1mSELECT * FROM `posts` WHERE (`posts`.`id` = 147) [0m
Rendering template within layouts/posts
Rendering posts/show
  [4;35;1mComment Load (0.4ms)[0m   [0mSELECT * FROM `comments` WHERE (`comments`.post_id = 147) [0m
Completed in 7ms (View: 5, DB: 1) | 200 OK [http://www.example.com/posts/147]


Processing PostsController#edit (for 127.0.0.1 at 2010-05-18 15:09:16) [GET]
  Parameters: {"id"=>"147"}
  [4;36;1mPost Load (0.7ms)[0m   [0;1mSELECT * FROM `posts` WHERE (`posts`.`id` = 147) [0m
Rendering template within layouts/posts
Rendering posts/edit
Completed in 5ms (View: 3, DB: 1) | 200 OK [http://www.example.com/posts/147/edit]


Processing PostsController#update (for 127.0.0.1 at 2010-05-18 15:09:16) [PUT]
  Parameters: {"commit"=>"Update", "post"=>{"title"=>"First Post", "body"=>"This is an edit, instead of the original message"}, "id"=>"147"}
  [4;35;1mPost Load (0.4ms)[0m   [0mSELECT * FROM `posts` WHERE (`posts`.`id` = 147) [0m
  [4;36;1mSQL (0.3ms)[0m   [0;1mSAVEPOINT active_record_1[0m
  [4;35;1mPost Update (0.5ms)[0m   [0mUPDATE `posts` SET `updated_at` = '2010-05-18 19:09:16', `body` = 'This is an edit, instead of the original message' WHERE `id` = 147[0m
  [4;36;1mSQL (0.3ms)[0m   [0;1mRELEASE SAVEPOINT active_record_1[0m
Redirected to http://www.example.com/posts/147
Completed in 6ms (DB: 1) | 302 Found [http://www.example.com/posts/147]


Processing PostsController#show (for 127.0.0.1 at 2010-05-18 15:09:16) [GET]
  Parameters: {"id"=>"147"}
  [4;35;1mPost Load (0.5ms)[0m   [0mSELECT * FROM `posts` WHERE (`posts`.`id` = 147) [0m
Rendering template within layouts/posts
Rendering posts/show
  [4;36;1mComment Load (0.3ms)[0m   [0;1mSELECT * FROM `comments` WHERE (`comments`.post_id = 147) [0m
Completed in 9ms (View: 7, DB: 1) | 200 OK [http://www.example.com/posts/147]
  [4;35;1mSQL (1.7ms)[0m   [0mROLLBACK[0m
  [4;36;1mSQL (0.2ms)[0m   [0;1mBEGIN[0m
  [4;35;1mSQL (0.2ms)[0m   [0mSAVEPOINT active_record_1[0m
  [4;36;1mPost Create (0.3ms)[0m   [0;1mINSERT INTO `posts` (`created_at`, `title`, `body`, `updated_at`) VALUES('2010-05-18 19:09:17', 'First Post', 'If I said you have a nice body, would you enclode it </body>? I mean, compliance, and all.', '2010-05-18 19:09:17')[0m
  [4;35;1mSQL (0.2ms)[0m   [0mRELEASE SAVEPOINT active_record_1[0m


Processing PostsController#index (for 127.0.0.1 at 2010-05-18 15:09:17) [GET]
  [4;36;1mPost Load (0.4ms)[0m   [0;1mSELECT * FROM `posts` [0m
Rendering template within layouts/posts
Rendering posts/index
Completed in 7ms (View: 4, DB: 3) | 200 OK [http://www.example.com/]


Processing PostsController#show (for 127.0.0.1 at 2010-05-18 15:09:17) [GET]
  Parameters: {"id"=>"148"}
  [4;35;1mPost Load (0.5ms)[0m   [0mSELECT * FROM `posts` WHERE (`posts`.`id` = 148) [0m
Rendering template within layouts/posts
Rendering posts/show
  [4;36;1mComment Load (0.4ms)[0m   [0;1mSELECT * FROM `comments` WHERE (`comments`.post_id = 148) [0m
Completed in 8ms (View: 5, DB: 1) | 200 OK [http://www.example.com/posts/148]


Processing PostsController#destroy (for 127.0.0.1 at 2010-05-18 15:09:17) [DELETE]
  Parameters: {"id"=>"148"}
  [4;35;1mPost Load (0.6ms)[0m   [0mSELECT * FROM `posts` WHERE (`posts`.`id` = 148) [0m
  [4;36;1mSQL (0.1ms)[0m   [0;1mSAVEPOINT active_record_1[0m
  [4;35;1mPost Destroy (0.2ms)[0m   [0mDELETE FROM `posts` WHERE `id` = 148[0m
  [4;36;1mSQL (0.2ms)[0m   [0;1mRELEASE SAVEPOINT active_record_1[0m
Redirected to http://www.example.com/posts
Completed in 4ms (DB: 1) | 302 Found [http://www.example.com/posts/148]


Processing PostsController#index (for 127.0.0.1 at 2010-05-18 15:09:17) [GET]
  [4;35;1mPost Load (0.5ms)[0m   [0mSELECT * FROM `posts` [0m
Rendering template within layouts/posts
Rendering posts/index
Completed in 5ms (View: 4, DB: 1) | 200 OK [http://www.example.com/posts]
  [4;36;1mSQL (2.6ms)[0m   [0;1mROLLBACK[0m
