  [4;36;1mSQL (0.9ms)[0m   [0;1m SELECT name
 FROM sqlite_master
 WHERE type = 'table' AND NOT name = 'sqlite_sequence'
[0m
  [4;35;1mSQL (0.2ms)[0m   [0mselect sqlite_version(*)[0m
  [4;36;1mSQL (28.0ms)[0m   [0;1mCREATE TABLE "schema_migrations" ("version" varchar(255) NOT NULL) [0m
  [4;35;1mSQL (2.9ms)[0m   [0mCREATE UNIQUE INDEX "unique_schema_migrations" ON "schema_migrations" ("version")[0m
  [4;36;1mSQL (0.1ms)[0m   [0;1m SELECT name
 FROM sqlite_master
 WHERE type = 'table' AND NOT name = 'sqlite_sequence'
[0m
  [4;35;1mSQL (0.1ms)[0m   [0mSELECT version FROM schema_migrations[0m
Migrating to CreatePosts (20100517174719)
  [4;36;1mSQL (0.3ms)[0m   [0;1mCREATE TABLE "posts" ("id" INTEGER PRIMARY KEY AUTOINCREMENT NOT NULL, "title" varchar(255), "body" text, "created_at" datetime, "updated_at" datetime) [0m
  [4;35;1mSQL (0.0ms)[0m   [0mINSERT INTO schema_migrations (version) VALUES ('20100517174719')[0m
  [4;36;1mSQL (0.3ms)[0m   [0;1m SELECT name
 FROM sqlite_master
 WHERE type = 'table' AND NOT name = 'sqlite_sequence'
[0m
  [4;35;1mSQL (0.1ms)[0m   [0mSELECT version FROM schema_migrations[0m
  [4;36;1mSQL (0.1ms)[0m   [0;1m SELECT name
 FROM sqlite_master
 WHERE type = 'table' AND NOT name = 'sqlite_sequence'
[0m
  [4;35;1mSQL (0.0ms)[0m   [0mPRAGMA index_list("posts")[0m


Processing Rails::InfoController#properties (for 10.0.1.27 at 2010-05-17 13:52:29) [GET]
  [4;36;1mSQL (1.7ms)[0m   [0;1m SELECT name
 FROM sqlite_master
 WHERE type = 'table' AND NOT name = 'sqlite_sequence'
[0m
  [4;35;1mSQL (0.4ms)[0m   [0mSELECT version FROM schema_migrations[0m
Completed in 66ms (View: 2, DB: 2) | 200 OK [http://10.0.1.6/rails/info/properties]


Processing PostsController#index (for 10.0.1.27 at 2010-05-17 13:52:49) [GET]
  [4;36;1mPost Load (0.4ms)[0m   [0;1mSELECT * FROM "posts" [0m
Rendering template within layouts/posts
Rendering posts/index
Completed in 46ms (View: 41, DB: 0) | 200 OK [http://10.0.1.6/Posts]


Processing PostsController#index (for 10.0.1.27 at 2010-05-17 13:53:33) [GET]
  [4;35;1mPost Load (0.3ms)[0m   [0mSELECT * FROM "posts" [0m
Rendering template within layouts/posts
Rendering posts/index
Completed in 5ms (View: 1, DB: 0) | 200 OK [http://10.0.1.6/posts]


Processing ApplicationController#index (for 10.0.1.27 at 2010-05-17 13:53:35) [GET]

ActionController::RoutingError (No route matches "/post" with {:method=>:get}):
  /usr/lib/ruby/1.8/webrick/httpserver.rb:104:in `service'
  /usr/lib/ruby/1.8/webrick/httpserver.rb:65:in `run'
  /usr/lib/ruby/1.8/webrick/server.rb:173:in `start_thread'
  /usr/lib/ruby/1.8/webrick/server.rb:162:in `start'
  /usr/lib/ruby/1.8/webrick/server.rb:162:in `start_thread'
  /usr/lib/ruby/1.8/webrick/server.rb:95:in `start'
  /usr/lib/ruby/1.8/webrick/server.rb:92:in `each'
  /usr/lib/ruby/1.8/webrick/server.rb:92:in `start'
  /usr/lib/ruby/1.8/webrick/server.rb:23:in `start'
  /usr/lib/ruby/1.8/webrick/server.rb:82:in `start'

Rendering rescues/layout (not_found)


Processing PostsController#new (for 10.0.1.27 at 2010-05-17 13:53:43) [GET]
Rendering template within layouts/posts
Rendering posts/new
Completed in 61ms (View: 54, DB: 0) | 200 OK [http://10.0.1.6/posts/new]


Processing PostsController#create (for 10.0.1.27 at 2010-05-17 13:54:01) [POST]
  Parameters: {"commit"=>"Create", "post"=>{"body"=>"First posts are always short. ", "title"=>"First Posts"}, "authenticity_token"=>"GXsuIP9BsyrWjjXzXerqz0pumKmdIhB3AXMRlfXlJmA="}
  [4;36;1mPost Create (0.5ms)[0m   [0;1mINSERT INTO "posts" ("created_at", "title", "body", "updated_at") VALUES('2010-05-17 17:54:01', 'First Posts', 'First posts are always short. ', '2010-05-17 17:54:01')[0m
Redirected to http://10.0.1.6:3000/posts/1
Completed in 37ms (DB: 1) | 302 Found [http://10.0.1.6/posts]


Processing PostsController#show (for 10.0.1.27 at 2010-05-17 13:54:01) [GET]
  Parameters: {"id"=>"1"}
  [4;35;1mPost Load (0.2ms)[0m   [0mSELECT * FROM "posts" WHERE ("posts"."id" = 1) [0m
Rendering template within layouts/posts
Rendering posts/show
Completed in 10ms (View: 5, DB: 0) | 200 OK [http://10.0.1.6/posts/1]


Processing PostsController#index (for 10.0.1.27 at 2010-05-17 13:55:36) [GET]
  [4;36;1mPost Load (0.4ms)[0m   [0;1mSELECT * FROM "posts" [0m
Rendering template within layouts/posts
Rendering posts/index
Completed in 10ms (View: 5, DB: 0) | 200 OK [http://10.0.1.6/posts]


Processing PostsController#new (for 10.0.1.27 at 2010-05-17 13:55:42) [GET]
Rendering template within layouts/posts
Rendering posts/new
Completed in 9ms (View: 4, DB: 0) | 200 OK [http://10.0.1.6/posts/new]


Processing PostsController#create (for 10.0.1.27 at 2010-05-17 13:56:47) [POST]
  Parameters: {"commit"=>"Create", "post"=>{"body"=>"Senators don't know what they're doing. ", "title"=>"Confusion in the Senate"}, "authenticity_token"=>"GXsuIP9BsyrWjjXzXerqz0pumKmdIhB3AXMRlfXlJmA="}
  [4;35;1mPost Create (0.3ms)[0m   [0mINSERT INTO "posts" ("created_at", "title", "body", "updated_at") VALUES('2010-05-17 17:56:47', 'Confusion in the Senate', 'Senators don''t know what they''re doing. ', '2010-05-17 17:56:47')[0m
Redirected to http://10.0.1.6:3000/posts/2
Completed in 31ms (DB: 0) | 302 Found [http://10.0.1.6/posts]


Processing PostsController#show (for 10.0.1.27 at 2010-05-17 13:56:47) [GET]
  Parameters: {"id"=>"2"}
  [4;36;1mPost Load (1.1ms)[0m   [0;1mSELECT * FROM "posts" WHERE ("posts"."id" = 2) [0m
Rendering template within layouts/posts
Rendering posts/show
Completed in 10ms (View: 3, DB: 1) | 200 OK [http://10.0.1.6/posts/2]


Processing PostsController#index (for 10.0.1.27 at 2010-05-17 13:57:02) [GET]
  [4;35;1mPost Load (0.6ms)[0m   [0mSELECT * FROM "posts" [0m
Rendering template within layouts/posts
Rendering posts/index
Completed in 12ms (View: 8, DB: 1) | 200 OK [http://10.0.1.6/posts]


Processing PostsController#new (for 10.0.1.27 at 2010-05-17 13:57:06) [GET]
Rendering template within layouts/posts
Rendering posts/new
Completed in 8ms (View: 4, DB: 0) | 200 OK [http://10.0.1.6/posts/new]


Processing PostsController#index (for 10.0.1.27 at 2010-05-17 13:58:33) [GET]
  [4;36;1mPost Load (0.4ms)[0m   [0;1mSELECT * FROM "posts" [0m
Rendering template within layouts/posts
Rendering posts/index
Completed in 12ms (View: 8, DB: 0) | 200 OK [http://10.0.1.6/posts]
  [4;36;1mSQL (1.3ms)[0m   [0;1m SELECT name
 FROM sqlite_master
 WHERE type = 'table' AND NOT name = 'sqlite_sequence'
[0m
  [4;35;1mSQL (0.1ms)[0m   [0mSELECT version FROM schema_migrations[0m
Migrating to CreatePosts (20100517174719)
Migrating to CreateComments (20100517175959)
  [4;36;1mSQL (0.1ms)[0m   [0;1mselect sqlite_version(*)[0m
  [4;35;1mSQL (0.6ms)[0m   [0mCREATE TABLE "comments" ("id" INTEGER PRIMARY KEY AUTOINCREMENT NOT NULL, "name" varchar(255), "body" text, "post_id" integer, "created_at" datetime, "updated_at" datetime) [0m
  [4;36;1mSQL (0.1ms)[0m   [0;1mINSERT INTO schema_migrations (version) VALUES ('20100517175959')[0m
  [4;35;1mSQL (0.2ms)[0m   [0m SELECT name
 FROM sqlite_master
 WHERE type = 'table' AND NOT name = 'sqlite_sequence'
[0m
  [4;36;1mSQL (0.1ms)[0m   [0;1mSELECT version FROM schema_migrations[0m
  [4;35;1mSQL (0.2ms)[0m   [0m SELECT name
 FROM sqlite_master
 WHERE type = 'table' AND NOT name = 'sqlite_sequence'
[0m
  [4;36;1mSQL (0.0ms)[0m   [0;1mPRAGMA index_list("comments")[0m
  [4;35;1mSQL (0.0ms)[0m   [0mPRAGMA index_list("posts")[0m
  [4;36;1mSQL (1.4ms)[0m   [0;1m SELECT name
 FROM sqlite_master
 WHERE type = 'table' AND NOT name = 'sqlite_sequence'
[0m
  [4;35;1mSQL (0.1ms)[0m   [0mSELECT version FROM schema_migrations[0m
Migrating to CreatePosts (20100517174719)
Migrating to CreateComments (20100517175959)
  [4;36;1mSQL (0.2ms)[0m   [0;1mselect sqlite_version(*)[0m
  [4;35;1mSQL (0.2ms)[0m   [0m SELECT name
 FROM sqlite_master
 WHERE type = 'table' AND NOT name = 'sqlite_sequence'
[0m
  [4;36;1mSQL (0.1ms)[0m   [0;1mSELECT version FROM schema_migrations[0m
  [4;35;1mSQL (0.2ms)[0m   [0m SELECT name
 FROM sqlite_master
 WHERE type = 'table' AND NOT name = 'sqlite_sequence'
[0m
  [4;36;1mSQL (0.0ms)[0m   [0;1mPRAGMA index_list("comments")[0m
  [4;35;1mSQL (0.0ms)[0m   [0mPRAGMA index_list("posts")[0m


Processing PostsController#index (for 10.0.1.27 at 2010-05-17 14:10:37) [GET]
  [4;36;1mPost Load (2.1ms)[0m   [0;1mSELECT * FROM "posts" [0m
Rendering template within layouts/posts
Rendering posts/index
Completed in 93ms (View: 37, DB: 2) | 200 OK [http://10.0.1.6/posts]


Processing PostsController#index (for 10.0.1.27 at 2010-05-17 14:12:14) [GET]
  [4;35;1mPost Load (0.4ms)[0m   [0mSELECT * FROM "posts" [0m
Rendering template within layouts/posts
Rendering posts/index
Completed in 12ms (View: 8, DB: 0) | 200 OK [http://10.0.1.6/posts]


Processing ApplicationController#index (for 10.0.1.27 at 2010-05-17 14:12:16) [GET]

ActionController::RoutingError (No route matches "/post" with {:method=>:get}):
  /usr/lib/ruby/1.8/webrick/httpserver.rb:104:in `service'
  /usr/lib/ruby/1.8/webrick/httpserver.rb:65:in `run'
  /usr/lib/ruby/1.8/webrick/server.rb:173:in `start_thread'
  /usr/lib/ruby/1.8/webrick/server.rb:162:in `start'
  /usr/lib/ruby/1.8/webrick/server.rb:162:in `start_thread'
  /usr/lib/ruby/1.8/webrick/server.rb:95:in `start'
  /usr/lib/ruby/1.8/webrick/server.rb:92:in `each'
  /usr/lib/ruby/1.8/webrick/server.rb:92:in `start'
  /usr/lib/ruby/1.8/webrick/server.rb:23:in `start'
  /usr/lib/ruby/1.8/webrick/server.rb:82:in `start'

Rendering rescues/layout (not_found)


Processing PostsController#index (for 10.0.1.27 at 2010-05-17 14:12:19) [GET]
  [4;36;1mPost Load (0.6ms)[0m   [0;1mSELECT * FROM "posts" [0m
Rendering template within layouts/posts
Rendering posts/index
Completed in 16ms (View: 9, DB: 1) | 200 OK [http://10.0.1.6/posts]


Processing PostsController#show (for 10.0.1.27 at 2010-05-17 14:17:53) [GET]
  Parameters: {"id"=>"1"}
  [4;35;1mPost Load (0.4ms)[0m   [0mSELECT * FROM "posts" WHERE ("posts"."id" = 1) [0m
Rendering template within layouts/posts
Rendering posts/show

ActionView::TemplateError (undefined method `comments' for nil:NilClass) on line #11 of app/views/posts/show.html.erb:
8:   <%=h @post.body %>
9: </p>
10: 
11: <% @posts.comments.each do |c| %>
12:   <p>
13:     <b><%=h c.name %></b><br/>
14:     <%= time_ago_in_words(c.created_at) %> ago

    app/views/posts/show.html.erb:11
    app/controllers/posts_controller.rb:18:in `show'
    /usr/lib/ruby/1.8/webrick/httpserver.rb:104:in `service'
    /usr/lib/ruby/1.8/webrick/httpserver.rb:65:in `run'
    /usr/lib/ruby/1.8/webrick/server.rb:173:in `start_thread'
    /usr/lib/ruby/1.8/webrick/server.rb:162:in `start'
    /usr/lib/ruby/1.8/webrick/server.rb:162:in `start_thread'
    /usr/lib/ruby/1.8/webrick/server.rb:95:in `start'
    /usr/lib/ruby/1.8/webrick/server.rb:92:in `each'
    /usr/lib/ruby/1.8/webrick/server.rb:92:in `start'
    /usr/lib/ruby/1.8/webrick/server.rb:23:in `start'
    /usr/lib/ruby/1.8/webrick/server.rb:82:in `start'

Rendered rescues/_trace (39.7ms)
Rendered rescues/_request_and_response (1.7ms)
Rendering rescues/layout (internal_server_error)


Processing PostsController#show (for 10.0.1.27 at 2010-05-17 14:18:03) [GET]
  Parameters: {"id"=>"2"}
  [4;36;1mPost Load (0.2ms)[0m   [0;1mSELECT * FROM "posts" WHERE ("posts"."id" = 2) [0m
Rendering template within layouts/posts
Rendering posts/show

ActionView::TemplateError (undefined method `comments' for nil:NilClass) on line #11 of app/views/posts/show.html.erb:
8:   <%=h @post.body %>
9: </p>
10: 
11: <% @posts.comments.each do |c| %>
12:   <p>
13:     <b><%=h c.name %></b><br/>
14:     <%= time_ago_in_words(c.created_at) %> ago

    app/views/posts/show.html.erb:11
    app/controllers/posts_controller.rb:18:in `show'
    /usr/lib/ruby/1.8/webrick/httpserver.rb:104:in `service'
    /usr/lib/ruby/1.8/webrick/httpserver.rb:65:in `run'
    /usr/lib/ruby/1.8/webrick/server.rb:173:in `start_thread'
    /usr/lib/ruby/1.8/webrick/server.rb:162:in `start'
    /usr/lib/ruby/1.8/webrick/server.rb:162:in `start_thread'
    /usr/lib/ruby/1.8/webrick/server.rb:95:in `start'
    /usr/lib/ruby/1.8/webrick/server.rb:92:in `each'
    /usr/lib/ruby/1.8/webrick/server.rb:92:in `start'
    /usr/lib/ruby/1.8/webrick/server.rb:23:in `start'
    /usr/lib/ruby/1.8/webrick/server.rb:82:in `start'

Rendered rescues/_trace (30.6ms)
Rendered rescues/_request_and_response (0.3ms)
Rendering rescues/layout (internal_server_error)


Processing PostsController#index (for 10.0.1.27 at 2010-05-17 14:19:36) [GET]
  [4;35;1mPost Load (0.5ms)[0m   [0mSELECT * FROM "posts" [0m
Rendering template within layouts/posts
Rendering posts/index
Completed in 12ms (View: 7, DB: 1) | 200 OK [http://10.0.1.6/posts]


Processing PostsController#show (for 10.0.1.27 at 2010-05-17 14:19:37) [GET]
  Parameters: {"id"=>"1"}
  [4;36;1mPost Load (0.2ms)[0m   [0;1mSELECT * FROM "posts" WHERE ("posts"."id" = 1) [0m
Rendering template within layouts/posts
Rendering posts/show

ActionView::TemplateError (undefined method `comments' for nil:NilClass) on line #11 of app/views/posts/show.html.erb:
8:   <%=h @post.body %>
9: </p>
10: 
11: <% @posts.comments.each do |c| %>
12:   <p>
13:     <b><%=h c.name %></b><br/>
14:     <%= time_ago_in_words(c.created_at) %> ago

    app/views/posts/show.html.erb:11
    app/controllers/posts_controller.rb:18:in `show'
    /usr/lib/ruby/1.8/webrick/httpserver.rb:104:in `service'
    /usr/lib/ruby/1.8/webrick/httpserver.rb:65:in `run'
    /usr/lib/ruby/1.8/webrick/server.rb:173:in `start_thread'
    /usr/lib/ruby/1.8/webrick/server.rb:162:in `start'
    /usr/lib/ruby/1.8/webrick/server.rb:162:in `start_thread'
    /usr/lib/ruby/1.8/webrick/server.rb:95:in `start'
    /usr/lib/ruby/1.8/webrick/server.rb:92:in `each'
    /usr/lib/ruby/1.8/webrick/server.rb:92:in `start'
    /usr/lib/ruby/1.8/webrick/server.rb:23:in `start'
    /usr/lib/ruby/1.8/webrick/server.rb:82:in `start'

Rendered rescues/_trace (95.4ms)
Rendered rescues/_request_and_response (0.3ms)
Rendering rescues/layout (internal_server_error)


Processing PostsController#show (for 10.0.1.27 at 2010-05-17 14:20:14) [GET]
  Parameters: {"id"=>"1"}
  [4;35;1mPost Load (0.2ms)[0m   [0mSELECT * FROM "posts" WHERE ("posts"."id" = 1) [0m
Rendering template within layouts/posts
Rendering posts/show
  [4;36;1mComment Load (0.4ms)[0m   [0;1mSELECT * FROM "comments" WHERE ("comments".post_id = 1) [0m
Completed in 20ms (View: 14, DB: 1) | 200 OK [http://10.0.1.6/posts/1]


Processing PostsController#show (for 10.0.1.27 at 2010-05-17 14:20:36) [GET]
  Parameters: {"id"=>"1"}
  [4;35;1mPost Load (0.3ms)[0m   [0mSELECT * FROM "posts" WHERE ("posts"."id" = 1) [0m
Rendering template within layouts/posts
Rendering posts/show
  [4;36;1mComment Load (0.2ms)[0m   [0;1mSELECT * FROM "comments" WHERE ("comments".post_id = 1) [0m
Completed in 18ms (View: 12, DB: 0) | 200 OK [http://10.0.1.6/posts/1]


Processing PostsController#show (for 10.0.1.27 at 2010-05-17 14:25:36) [GET]
  Parameters: {"id"=>"1"}
  [4;35;1mPost Load (0.9ms)[0m   [0mSELECT * FROM "posts" WHERE ("posts"."id" = 1) [0m
Rendering template within layouts/posts
Rendering posts/show
  [4;36;1mComment Load (0.3ms)[0m   [0;1mSELECT * FROM "comments" WHERE ("comments".post_id = 1) [0m

ActionView::TemplateError (undefined method `bdy' for #<Comment:0x7f5f35c826c0>) on line #27 of app/views/posts/show.html.erb:
24:     <%= f.label :name, "Author" %><br/>
25:     <%= f.text_field :name %><br/>
26:     <%= f.label :body, "Comment Description" %><br/>
27:     <%= f.text_area :bdy %><br/>
28:   </p>
29: 
30:   <p>

    app/views/posts/show.html.erb:27
    app/views/posts/show.html.erb:22
    app/controllers/posts_controller.rb:18:in `show'
    /usr/lib/ruby/1.8/webrick/httpserver.rb:104:in `service'
    /usr/lib/ruby/1.8/webrick/httpserver.rb:65:in `run'
    /usr/lib/ruby/1.8/webrick/server.rb:173:in `start_thread'
    /usr/lib/ruby/1.8/webrick/server.rb:162:in `start'
    /usr/lib/ruby/1.8/webrick/server.rb:162:in `start_thread'
    /usr/lib/ruby/1.8/webrick/server.rb:95:in `start'
    /usr/lib/ruby/1.8/webrick/server.rb:92:in `each'
    /usr/lib/ruby/1.8/webrick/server.rb:92:in `start'
    /usr/lib/ruby/1.8/webrick/server.rb:23:in `start'
    /usr/lib/ruby/1.8/webrick/server.rb:82:in `start'

Rendered rescues/_trace (34.1ms)
Rendered rescues/_request_and_response (0.3ms)
Rendering rescues/layout (internal_server_error)


Processing PostsController#show (for 10.0.1.27 at 2010-05-17 14:26:56) [GET]
  Parameters: {"id"=>"1"}
  [4;35;1mPost Load (0.2ms)[0m   [0mSELECT * FROM "posts" WHERE ("posts"."id" = 1) [0m
Rendering template within layouts/posts
Rendering posts/show
  [4;36;1mComment Load (0.2ms)[0m   [0;1mSELECT * FROM "comments" WHERE ("comments".post_id = 1) [0m
Completed in 19ms (View: 12, DB: 0) | 200 OK [http://10.0.1.6/posts/1]


Processing CommentsController#create (for 10.0.1.27 at 2010-05-17 14:27:58) [POST]
  Parameters: {"comment"=>{"name"=>"your mom", "body"=>"get off the computer, joey."}, "commit"=>"Add Comment", "post_id"=>"1", "authenticity_token"=>"GXsuIP9BsyrWjjXzXerqz0pumKmdIhB3AXMRlfXlJmA="}
  [4;35;1mPost Load (0.2ms)[0m   [0mSELECT * FROM "posts" WHERE ("posts"."id" = 1) [0m
  [4;36;1mComment Create (0.7ms)[0m   [0;1mINSERT INTO "comments" ("name", "created_at", "body", "updated_at", "post_id") VALUES('your mom', '2010-05-17 18:27:58', 'get off the computer, joey.', '2010-05-17 18:27:58', 1)[0m
Redirected to http://10.0.1.6:3000/posts/1
Completed in 41ms (DB: 1) | 302 Found [http://10.0.1.6/posts/1/comments]


Processing PostsController#show (for 10.0.1.27 at 2010-05-17 14:27:58) [GET]
  Parameters: {"id"=>"1"}
  [4;35;1mPost Load (0.3ms)[0m   [0mSELECT * FROM "posts" WHERE ("posts"."id" = 1) [0m
Rendering template within layouts/posts
Rendering posts/show
  [4;36;1mComment Load (0.8ms)[0m   [0;1mSELECT * FROM "comments" WHERE ("comments".post_id = 1) [0m
Completed in 66ms (View: 59, DB: 1) | 200 OK [http://10.0.1.6/posts/1]


Processing PostsController#index (for 10.0.1.27 at 2010-05-17 14:28:03) [GET]
  [4;35;1mPost Load (0.4ms)[0m   [0mSELECT * FROM "posts" [0m
Rendering template within layouts/posts
Rendering posts/index
Completed in 12ms (View: 8, DB: 0) | 200 OK [http://10.0.1.6/posts]


Processing PostsController#show (for 10.0.1.27 at 2010-05-17 14:28:06) [GET]
  Parameters: {"id"=>"1"}
  [4;36;1mPost Load (0.2ms)[0m   [0;1mSELECT * FROM "posts" WHERE ("posts"."id" = 1) [0m
Rendering template within layouts/posts
Rendering posts/show
  [4;35;1mComment Load (0.5ms)[0m   [0mSELECT * FROM "comments" WHERE ("comments".post_id = 1) [0m
Completed in 16ms (View: 10, DB: 1) | 200 OK [http://10.0.1.6/posts/1]


Processing PostsController#show (for 10.0.1.27 at 2010-05-17 14:37:29) [GET]
  Parameters: {"id"=>"1"}
  [4;36;1mPost Load (0.9ms)[0m   [0;1mSELECT * FROM "posts" WHERE ("posts"."id" = 1) [0m
Rendering template within layouts/posts
Rendering posts/show
  [4;35;1mComment Load (0.4ms)[0m   [0mSELECT * FROM "comments" WHERE ("comments".post_id = 1) [0m
Completed in 67ms (View: 53, DB: 1) | 200 OK [http://10.0.1.6/posts/1]


Processing CommentsController#create (for 10.0.1.27 at 2010-05-17 14:37:42) [POST]
  Parameters: {"comment"=>{"name"=>"god", "body"=>"Joooey"}, "commit"=>"Add Comment", "post_id"=>"1", "authenticity_token"=>"GXsuIP9BsyrWjjXzXerqz0pumKmdIhB3AXMRlfXlJmA="}

***** Debugger requested, but was not available: Start server with --debugger to enable *****
  [4;36;1mPost Load (0.2ms)[0m   [0;1mSELECT * FROM "posts" WHERE ("posts"."id" = 1) [0m
  [4;35;1mComment Create (0.5ms)[0m   [0mINSERT INTO "comments" ("name", "created_at", "body", "updated_at", "post_id") VALUES('god', '2010-05-17 18:37:42', 'Joooey', '2010-05-17 18:37:42', 1)[0m
Redirected to http://10.0.1.6:3000/posts/1
Completed in 22ms (DB: 1) | 302 Found [http://10.0.1.6/posts/1/comments]


Processing PostsController#show (for 10.0.1.27 at 2010-05-17 14:37:42) [GET]
  Parameters: {"id"=>"1"}
  [4;36;1mPost Load (0.3ms)[0m   [0;1mSELECT * FROM "posts" WHERE ("posts"."id" = 1) [0m
Rendering template within layouts/posts
Rendering posts/show
  [4;35;1mComment Load (0.4ms)[0m   [0mSELECT * FROM "comments" WHERE ("comments".post_id = 1) [0m
Completed in 35ms (View: 26, DB: 1) | 200 OK [http://10.0.1.6/posts/1]


Processing PostsController#index (for 10.0.1.27 at 2010-05-17 14:39:09) [GET]
  [4;36;1mPost Load (1.8ms)[0m   [0;1mSELECT * FROM "posts" [0m
Rendering template within layouts/posts
Rendering posts/index
Completed in 46ms (View: 34, DB: 2) | 200 OK [http://10.0.1.6/posts/]


Processing PostsController#show (for 10.0.1.27 at 2010-05-17 14:39:11) [GET]
  Parameters: {"id"=>"1"}
  [4;35;1mPost Load (0.4ms)[0m   [0mSELECT * FROM "posts" WHERE ("posts"."id" = 1) [0m
Rendering template within layouts/posts
Rendering posts/show
  [4;36;1mComment Load (0.6ms)[0m   [0;1mSELECT * FROM "comments" WHERE ("comments".post_id = 1) [0m
Completed in 125ms (View: 113, DB: 1) | 200 OK [http://10.0.1.6/posts/1]


Processing CommentsController#create (for 10.0.1.27 at 2010-05-17 14:39:34) [POST]
  Parameters: {"comment"=>{"name"=>"scooby doo", "body"=>"ruh roh, derugger!"}, "commit"=>"Add Comment", "post_id"=>"1", "authenticity_token"=>"GXsuIP9BsyrWjjXzXerqz0pumKmdIhB3AXMRlfXlJmA="}
  [4;35;1mPost Load (0.1ms)[0m   [0mSELECT * FROM "posts" WHERE ("posts"."id" = '--- :post_id
') [0m
  [4;36;1mPost Load (0.6ms)[0m   [0;1mSELECT * FROM "posts" WHERE ("posts"."id" = 1) [0m
  [4;35;1mCACHE (0.0ms)[0m   [0mSELECT * FROM "posts" WHERE ("posts"."id" = 1) [0m
  [4;36;1mComment Load (2.0ms)[0m   [0;1mSELECT * FROM "comments" WHERE ("comments".post_id = 1) [0m
  [4;35;1mComment Create (1.1ms)[0m   [0mINSERT INTO "comments" ("name", "created_at", "body", "updated_at", "post_id") VALUES('scooby doo', '2010-05-17 18:43:44', 'ruh roh, derugger!', '2010-05-17 18:43:44', 1)[0m
  [4;36;1mComment Create (0.7ms)[0m   [0;1mINSERT INTO "comments" ("name", "created_at", "body", "updated_at", "post_id") VALUES('scooby doo', '2010-05-17 18:46:36', 'ruh roh, derugger!', '2010-05-17 18:46:36', 1)[0m
  [4;35;1mComment Create (0.2ms)[0m   [0mINSERT INTO "comments" ("name", "created_at", "body", "updated_at", "post_id") VALUES('scooby doo', '2010-05-17 18:46:36', 'ruh roh, derugger!', '2010-05-17 18:46:36', 1)[0m
  [4;36;1mComment Create (0.2ms)[0m   [0;1mINSERT INTO "comments" ("name", "created_at", "body", "updated_at", "post_id") VALUES('scooby doo', '2010-05-17 18:46:36', 'ruh roh, derugger!', '2010-05-17 18:46:36', 1)[0m
  [4;35;1mComment Create (0.2ms)[0m   [0mINSERT INTO "comments" ("name", "created_at", "body", "updated_at", "post_id") VALUES('scooby doo', '2010-05-17 18:46:36', 'ruh roh, derugger!', '2010-05-17 18:46:36', 1)[0m
  [4;36;1mComment Create (0.2ms)[0m   [0;1mINSERT INTO "comments" ("name", "created_at", "body", "updated_at", "post_id") VALUES('scooby doo', '2010-05-17 18:46:36', 'ruh roh, derugger!', '2010-05-17 18:46:36', 1)[0m
  [4;35;1mComment Create (0.4ms)[0m   [0mINSERT INTO "comments" ("name", "created_at", "body", "updated_at", "post_id") VALUES('scooby doo', '2010-05-17 18:46:36', 'ruh roh, derugger!', '2010-05-17 18:46:36', 1)[0m
  [4;36;1mComment Create (0.2ms)[0m   [0;1mINSERT INTO "comments" ("name", "created_at", "body", "updated_at", "post_id") VALUES('scooby doo', '2010-05-17 18:46:36', 'ruh roh, derugger!', '2010-05-17 18:46:36', 1)[0m
  [4;35;1mComment Create (0.2ms)[0m   [0mINSERT INTO "comments" ("name", "created_at", "body", "updated_at", "post_id") VALUES('scooby doo', '2010-05-17 18:46:36', 'ruh roh, derugger!', '2010-05-17 18:46:36', 1)[0m
  [4;36;1mComment Create (0.3ms)[0m   [0;1mINSERT INTO "comments" ("name", "created_at", "body", "updated_at", "post_id") VALUES('scooby doo', '2010-05-17 18:46:36', 'ruh roh, derugger!', '2010-05-17 18:46:36', 1)[0m
  [4;35;1mComment Create (0.3ms)[0m   [0mINSERT INTO "comments" ("name", "created_at", "body", "updated_at", "post_id") VALUES('scooby doo', '2010-05-17 18:46:36', 'ruh roh, derugger!', '2010-05-17 18:46:36', 1)[0m
  [4;36;1mComment Create (0.3ms)[0m   [0;1mINSERT INTO "comments" ("name", "created_at", "body", "updated_at", "post_id") VALUES('scooby doo', '2010-05-17 18:46:36', 'ruh roh, derugger!', '2010-05-17 18:46:36', 1)[0m
  [4;35;1mComment Create (0.3ms)[0m   [0mINSERT INTO "comments" ("name", "created_at", "body", "updated_at", "post_id") VALUES('scooby doo', '2010-05-17 18:46:36', 'ruh roh, derugger!', '2010-05-17 18:46:36', 1)[0m
  [4;36;1mComment Create (0.2ms)[0m   [0;1mINSERT INTO "comments" ("name", "created_at", "body", "updated_at", "post_id") VALUES('scooby doo', '2010-05-17 18:46:36', 'ruh roh, derugger!', '2010-05-17 18:46:36', 1)[0m
  [4;35;1mComment Create (1.2ms)[0m   [0mINSERT INTO "comments" ("name", "created_at", "body", "updated_at", "post_id") VALUES('scooby doo', '2010-05-17 18:46:36', 'ruh roh, derugger!', '2010-05-17 18:46:36', 1)[0m
  [4;36;1mComment Create (0.2ms)[0m   [0;1mINSERT INTO "comments" ("name", "created_at", "body", "updated_at", "post_id") VALUES('scooby doo', '2010-05-17 18:46:36', 'ruh roh, derugger!', '2010-05-17 18:46:36', 1)[0m
  [4;35;1mComment Create (0.2ms)[0m   [0mINSERT INTO "comments" ("name", "created_at", "body", "updated_at", "post_id") VALUES('scooby doo', '2010-05-17 18:46:36', 'ruh roh, derugger!', '2010-05-17 18:46:36', 1)[0m
  [4;36;1mComment Create (0.2ms)[0m   [0;1mINSERT INTO "comments" ("name", "created_at", "body", "updated_at", "post_id") VALUES('scooby doo', '2010-05-17 18:46:36', 'ruh roh, derugger!', '2010-05-17 18:46:36', 1)[0m
  [4;35;1mComment Create (0.2ms)[0m   [0mINSERT INTO "comments" ("name", "created_at", "body", "updated_at", "post_id") VALUES('scooby doo', '2010-05-17 18:46:36', 'ruh roh, derugger!', '2010-05-17 18:46:36', 1)[0m
  [4;36;1mComment Create (0.2ms)[0m   [0;1mINSERT INTO "comments" ("name", "created_at", "body", "updated_at", "post_id") VALUES('scooby doo', '2010-05-17 18:46:36', 'ruh roh, derugger!', '2010-05-17 18:46:36', 1)[0m
  [4;35;1mComment Create (0.2ms)[0m   [0mINSERT INTO "comments" ("name", "created_at", "body", "updated_at", "post_id") VALUES('scooby doo', '2010-05-17 18:46:36', 'ruh roh, derugger!', '2010-05-17 18:46:36', 1)[0m
  [4;36;1mComment Create (0.2ms)[0m   [0;1mINSERT INTO "comments" ("name", "created_at", "body", "updated_at", "post_id") VALUES('scooby doo', '2010-05-17 18:46:36', 'ruh roh, derugger!', '2010-05-17 18:46:36', 1)[0m
  [4;35;1mComment Create (0.2ms)[0m   [0mINSERT INTO "comments" ("name", "created_at", "body", "updated_at", "post_id") VALUES('scooby doo', '2010-05-17 18:46:36', 'ruh roh, derugger!', '2010-05-17 18:46:36', 1)[0m
  [4;36;1mComment Create (0.2ms)[0m   [0;1mINSERT INTO "comments" ("name", "created_at", "body", "updated_at", "post_id") VALUES('scooby doo', '2010-05-17 18:46:36', 'ruh roh, derugger!', '2010-05-17 18:46:36', 1)[0m
  [4;35;1mPost Load (0.3ms)[0m   [0mSELECT * FROM "posts" WHERE ("posts"."id" = 1) [0m
  [4;36;1mComment Create (0.2ms)[0m   [0;1mINSERT INTO "comments" ("name", "created_at", "body", "updated_at", "post_id") VALUES('scooby doo', '2010-05-17 18:46:41', 'ruh roh, derugger!', '2010-05-17 18:46:41', 1)[0m
Redirected to http://10.0.1.6:3000/posts/1
Completed in 426523ms (DB: 11) | 302 Found [http://10.0.1.6/posts/1/comments]


Processing PostsController#show (for 10.0.1.27 at 2010-05-17 14:46:41) [GET]
  Parameters: {"id"=>"1"}
  [4;35;1mPost Load (0.3ms)[0m   [0mSELECT * FROM "posts" WHERE ("posts"."id" = 1) [0m
Rendering template within layouts/posts
Rendering posts/show
  [4;36;1mComment Load (3.7ms)[0m   [0;1mSELECT * FROM "comments" WHERE ("comments".post_id = 1) [0m
Completed in 92ms (View: 79, DB: 4) | 200 OK [http://10.0.1.6/posts/1]
  [4;36;1mSQL (0.4ms)[0m   [0;1mSET NAMES 'utf8'[0m
  [4;35;1mSQL (3.3ms)[0m   [0mSET SQL_AUTO_IS_NULL=0[0m
  [4;36;1mSQL (0.6ms)[0m   [0;1mSHOW TABLES[0m
  [4;35;1mSQL (9.5ms)[0m   [0mCREATE TABLE `schema_migrations` (`version` varchar(255) NOT NULL) ENGINE=InnoDB[0m
  [4;36;1mSQL (8.2ms)[0m   [0;1mCREATE UNIQUE INDEX `unique_schema_migrations` ON `schema_migrations` (`version`)[0m
  [4;35;1mSQL (1.5ms)[0m   [0mSHOW TABLES[0m
  [4;36;1mSQL (0.6ms)[0m   [0;1mSELECT version FROM schema_migrations[0m
Migrating to CreatePosts (20100517174719)
  [4;35;1mSQL (3.2ms)[0m   [0mCREATE TABLE `posts` (`id` int(11) DEFAULT NULL auto_increment PRIMARY KEY, `title` varchar(255), `body` text, `created_at` datetime, `updated_at` datetime) ENGINE=InnoDB[0m
  [4;36;1mSQL (2.0ms)[0m   [0;1mINSERT INTO schema_migrations (version) VALUES ('20100517174719')[0m
Migrating to CreateComments (20100517175959)
  [4;35;1mSQL (2.9ms)[0m   [0mCREATE TABLE `comments` (`id` int(11) DEFAULT NULL auto_increment PRIMARY KEY, `name` varchar(255), `body` text, `post_id` int(11), `created_at` datetime, `updated_at` datetime) ENGINE=InnoDB[0m
  [4;36;1mSQL (0.8ms)[0m   [0;1mINSERT INTO schema_migrations (version) VALUES ('20100517175959')[0m
  [4;35;1mSQL (2.9ms)[0m   [0mSHOW TABLES[0m
  [4;36;1mSQL (0.2ms)[0m   [0;1mSELECT version FROM schema_migrations[0m
  [4;35;1mSQL (0.3ms)[0m   [0mSHOW TABLES[0m
  [4;36;1mSQL (0.8ms)[0m   [0;1mSHOW FIELDS FROM `comments`[0m
  [4;35;1mSQL (0.5ms)[0m   [0mdescribe `comments`[0m
  [4;36;1mSQL (0.2ms)[0m   [0;1mSHOW KEYS FROM `comments`[0m
  [4;35;1mSQL (0.5ms)[0m   [0mSHOW FIELDS FROM `posts`[0m
  [4;36;1mSQL (0.4ms)[0m   [0;1mdescribe `posts`[0m
  [4;35;1mSQL (0.3ms)[0m   [0mSHOW KEYS FROM `posts`[0m
  [4;36;1mSQL (0.4ms)[0m   [0;1mSET NAMES 'utf8'[0m
  [4;35;1mSQL (0.2ms)[0m   [0mSET SQL_AUTO_IS_NULL=0[0m
  [4;36;1mSQL (0.5ms)[0m   [0;1mSHOW TABLES[0m
  [4;35;1mSQL (8.1ms)[0m   [0mCREATE TABLE `schema_migrations` (`version` varchar(255) NOT NULL) ENGINE=InnoDB[0m
  [4;36;1mSQL (24.1ms)[0m   [0;1mCREATE UNIQUE INDEX `unique_schema_migrations` ON `schema_migrations` (`version`)[0m
  [4;35;1mSQL (0.4ms)[0m   [0mSHOW TABLES[0m
  [4;36;1mSQL (0.4ms)[0m   [0;1mSELECT version FROM schema_migrations[0m
Migrating to CreatePosts (20100517174719)
  [4;35;1mSQL (4.7ms)[0m   [0mCREATE TABLE `posts` (`id` int(11) DEFAULT NULL auto_increment PRIMARY KEY, `title` varchar(255), `body` text, `created_at` datetime, `updated_at` datetime) ENGINE=InnoDB[0m
  [4;36;1mSQL (2.5ms)[0m   [0;1mINSERT INTO schema_migrations (version) VALUES ('20100517174719')[0m
Migrating to CreateComments (20100517175959)
  [4;35;1mSQL (11.5ms)[0m   [0mCREATE TABLE `comments` (`id` int(11) DEFAULT NULL auto_increment PRIMARY KEY, `name` varchar(255), `body` text, `post_id` int(11), `created_at` datetime, `updated_at` datetime) ENGINE=InnoDB[0m
  [4;36;1mSQL (1.2ms)[0m   [0;1mINSERT INTO schema_migrations (version) VALUES ('20100517175959')[0m
  [4;35;1mSQL (0.4ms)[0m   [0mSHOW TABLES[0m
  [4;36;1mSQL (2.5ms)[0m   [0;1mSELECT version FROM schema_migrations[0m
  [4;35;1mSQL (0.2ms)[0m   [0mSHOW TABLES[0m
  [4;36;1mSQL (1.7ms)[0m   [0;1mSHOW FIELDS FROM `comments`[0m
  [4;35;1mSQL (1.3ms)[0m   [0mdescribe `comments`[0m
  [4;36;1mSQL (0.5ms)[0m   [0;1mSHOW KEYS FROM `comments`[0m
  [4;35;1mSQL (0.9ms)[0m   [0mSHOW FIELDS FROM `posts`[0m
  [4;36;1mSQL (1.4ms)[0m   [0;1mdescribe `posts`[0m
  [4;35;1mSQL (3.3ms)[0m   [0mSHOW KEYS FROM `posts`[0m
  [4;36;1mSQL (0.5ms)[0m   [0;1mSET NAMES 'utf8'[0m
  [4;35;1mSQL (0.4ms)[0m   [0mSET SQL_AUTO_IS_NULL=0[0m


Processing Rails::InfoController#properties (for 10.0.1.27 at 2010-05-17 15:03:13) [GET]
  [4;36;1mSQL (0.9ms)[0m   [0;1mSHOW TABLES[0m
  [4;35;1mSQL (0.4ms)[0m   [0mSELECT version FROM schema_migrations[0m
Completed in 17ms (View: 2, DB: 2) | 200 OK [http://10.0.1.6/rails/info/properties]
  [4;36;1mSQL (0.4ms)[0m   [0;1mSET NAMES 'utf8'[0m
  [4;35;1mSQL (0.2ms)[0m   [0mSET SQL_AUTO_IS_NULL=0[0m


Processing ApplicationController#index (for 10.0.1.27 at 2010-05-17 15:03:17) [GET]

SyntaxError (/home/daniel/CucumberTut/blog/app/controllers/posts_controller.rb:91: syntax error, unexpected $end, expecting kEND):
  /usr/lib/ruby/1.8/webrick/httpserver.rb:104:in `service'
  /usr/lib/ruby/1.8/webrick/httpserver.rb:65:in `run'
  /usr/lib/ruby/1.8/webrick/server.rb:173:in `start_thread'
  /usr/lib/ruby/1.8/webrick/server.rb:162:in `start'
  /usr/lib/ruby/1.8/webrick/server.rb:162:in `start_thread'
  /usr/lib/ruby/1.8/webrick/server.rb:95:in `start'
  /usr/lib/ruby/1.8/webrick/server.rb:92:in `each'
  /usr/lib/ruby/1.8/webrick/server.rb:92:in `start'
  /usr/lib/ruby/1.8/webrick/server.rb:23:in `start'
  /usr/lib/ruby/1.8/webrick/server.rb:82:in `start'

Rendered rescues/_trace (35.4ms)
Rendered rescues/_request_and_response (1.4ms)
Rendering rescues/layout (internal_server_error)
  [4;36;1mSQL (0.2ms)[0m   [0;1mSET NAMES 'utf8'[0m
  [4;35;1mSQL (0.3ms)[0m   [0mSET SQL_AUTO_IS_NULL=0[0m


Processing ApplicationController#index (for 10.0.1.27 at 2010-05-17 15:03:20) [GET]

ActionController::RoutingError (No route matches "/post" with {:method=>:get}):
  /usr/lib/ruby/1.8/webrick/httpserver.rb:104:in `service'
  /usr/lib/ruby/1.8/webrick/httpserver.rb:65:in `run'
  /usr/lib/ruby/1.8/webrick/server.rb:173:in `start_thread'
  /usr/lib/ruby/1.8/webrick/server.rb:162:in `start'
  /usr/lib/ruby/1.8/webrick/server.rb:162:in `start_thread'
  /usr/lib/ruby/1.8/webrick/server.rb:95:in `start'
  /usr/lib/ruby/1.8/webrick/server.rb:92:in `each'
  /usr/lib/ruby/1.8/webrick/server.rb:92:in `start'
  /usr/lib/ruby/1.8/webrick/server.rb:23:in `start'
  /usr/lib/ruby/1.8/webrick/server.rb:82:in `start'

Rendering rescues/layout (not_found)
  [4;36;1mSQL (0.2ms)[0m   [0;1mSET NAMES 'utf8'[0m
  [4;35;1mSQL (0.3ms)[0m   [0mSET SQL_AUTO_IS_NULL=0[0m


Processing ApplicationController#index (for 10.0.1.27 at 2010-05-17 15:03:23) [GET]

SyntaxError (/home/daniel/CucumberTut/blog/app/controllers/posts_controller.rb:91: syntax error, unexpected $end, expecting kEND):
  /usr/lib/ruby/1.8/webrick/httpserver.rb:104:in `service'
  /usr/lib/ruby/1.8/webrick/httpserver.rb:65:in `run'
  /usr/lib/ruby/1.8/webrick/server.rb:173:in `start_thread'
  /usr/lib/ruby/1.8/webrick/server.rb:162:in `start'
  /usr/lib/ruby/1.8/webrick/server.rb:162:in `start_thread'
  /usr/lib/ruby/1.8/webrick/server.rb:95:in `start'
  /usr/lib/ruby/1.8/webrick/server.rb:92:in `each'
  /usr/lib/ruby/1.8/webrick/server.rb:92:in `start'
  /usr/lib/ruby/1.8/webrick/server.rb:23:in `start'
  /usr/lib/ruby/1.8/webrick/server.rb:82:in `start'

Rendered rescues/_trace (51.6ms)
Rendered rescues/_request_and_response (0.6ms)
Rendering rescues/layout (internal_server_error)
  [4;36;1mSQL (0.2ms)[0m   [0;1mSET NAMES 'utf8'[0m
  [4;35;1mSQL (0.1ms)[0m   [0mSET SQL_AUTO_IS_NULL=0[0m


Processing Rails::InfoController#properties (for 10.0.1.27 at 2010-05-17 15:07:48) [GET]
  [4;36;1mSQL (0.9ms)[0m   [0;1mSHOW TABLES[0m
  [4;35;1mSQL (0.4ms)[0m   [0mSELECT version FROM schema_migrations[0m
Completed in 16ms (View: 1, DB: 2) | 200 OK [http://10.0.1.6/rails/info/properties]
  [4;36;1mSQL (0.4ms)[0m   [0;1mSET NAMES 'utf8'[0m
  [4;35;1mSQL (0.2ms)[0m   [0mSET SQL_AUTO_IS_NULL=0[0m


Processing Rails::InfoController#properties (for 10.0.1.27 at 2010-05-17 15:09:04) [GET]
  [4;36;1mSQL (1.1ms)[0m   [0;1mSHOW TABLES[0m
  [4;35;1mSQL (0.5ms)[0m   [0mSELECT version FROM schema_migrations[0m
Completed in 20ms (View: 2, DB: 2) | 200 OK [http://10.0.1.6/rails/info/properties]
  [4;36;1mSQL (0.2ms)[0m   [0;1mSET NAMES 'utf8'[0m
  [4;35;1mSQL (0.2ms)[0m   [0mSET SQL_AUTO_IS_NULL=0[0m
  [4;36;1mSQL (0.5ms)[0m   [0;1mSHOW TABLES[0m
  [4;35;1mSQL (0.3ms)[0m   [0mSELECT version FROM schema_migrations[0m
  [4;36;1mSQL (0.5ms)[0m   [0;1mSET NAMES 'utf8'[0m
  [4;35;1mSQL (0.2ms)[0m   [0mSET SQL_AUTO_IS_NULL=0[0m


Processing PostsController#index (for 10.0.1.27 at 2010-05-17 15:16:37) [GET]
  [4;36;1mPost Load (38.5ms)[0m   [0;1mSELECT * FROM `posts` [0m
Rendering template within layouts/posts
Rendering posts/index
Completed in 80ms (View: 21, DB: 39) | 200 OK [http://10.0.1.6/posts/]
  [4;35;1mSQL (0.2ms)[0m   [0mSET NAMES 'utf8'[0m
  [4;36;1mSQL (0.2ms)[0m   [0;1mSET SQL_AUTO_IS_NULL=0[0m


Processing PostsController#new (for 10.0.1.27 at 2010-05-17 15:16:39) [GET]
  [4;35;1mPost Columns (0.9ms)[0m   [0mSHOW FIELDS FROM `posts`[0m
Rendering template within layouts/posts
Rendering posts/new
Completed in 13ms (View: 7, DB: 1) | 200 OK [http://10.0.1.6/posts/new]
  [4;36;1mSQL (0.1ms)[0m   [0;1mSET NAMES 'utf8'[0m
  [4;35;1mSQL (0.1ms)[0m   [0mSET SQL_AUTO_IS_NULL=0[0m


Processing PostsController#new (for 10.0.1.27 at 2010-05-17 15:16:50) [GET]
  [4;36;1mPost Columns (0.7ms)[0m   [0;1mSHOW FIELDS FROM `posts`[0m
Rendering template within layouts/posts
Rendering posts/new
Completed in 10ms (View: 4, DB: 1) | 200 OK [http://10.0.1.6/posts/new]
  [4;35;1mSQL (0.3ms)[0m   [0mSET NAMES 'utf8'[0m
  [4;36;1mSQL (0.1ms)[0m   [0;1mSET SQL_AUTO_IS_NULL=0[0m


Processing PostsController#index (for 10.0.1.27 at 2010-05-17 15:16:53) [GET]
  [4;35;1mPost Load (0.5ms)[0m   [0mSELECT * FROM `posts` [0m
Rendering template within layouts/posts
Rendering posts/index
Completed in 8ms (View: 1, DB: 1) | 200 OK [http://10.0.1.6/posts]
  [4;36;1mSQL (0.1ms)[0m   [0;1mSET NAMES 'utf8'[0m
  [4;35;1mSQL (0.1ms)[0m   [0mSET SQL_AUTO_IS_NULL=0[0m


Processing PostsController#index (for 10.0.1.27 at 2010-05-17 15:16:56) [GET]
  [4;36;1mPost Load (0.3ms)[0m   [0;1mSELECT * FROM `posts` [0m
Rendering template within layouts/posts
Rendering posts/index
Completed in 8ms (View: 1, DB: 1) | 200 OK [http://10.0.1.6/posts]
  [4;35;1mSQL (0.1ms)[0m   [0mSET NAMES 'utf8'[0m
  [4;36;1mSQL (0.1ms)[0m   [0;1mSET SQL_AUTO_IS_NULL=0[0m


Processing PostsController#new (for 10.0.1.27 at 2010-05-17 15:16:57) [GET]
  [4;35;1mPost Columns (1.0ms)[0m   [0mSHOW FIELDS FROM `posts`[0m
Rendering template within layouts/posts
Rendering posts/new
Completed in 62ms (View: 4, DB: 1) | 200 OK [http://10.0.1.6/posts/new]
  [4;36;1mSQL (0.3ms)[0m   [0;1mSET NAMES 'utf8'[0m
  [4;35;1mSQL (0.1ms)[0m   [0mSET SQL_AUTO_IS_NULL=0[0m


Processing PostsController#create (for 10.0.1.27 at 2010-05-17 15:17:04) [POST]
  Parameters: {"commit"=>"Create", "post"=>{"body"=>"I am a loser.", "title"=>"titles are for losers"}, "authenticity_token"=>"GXsuIP9BsyrWjjXzXerqz0pumKmdIhB3AXMRlfXlJmA="}
  [4;36;1mPost Columns (4.6ms)[0m   [0;1mSHOW FIELDS FROM `posts`[0m
  [4;35;1mSQL (0.8ms)[0m   [0mBEGIN[0m
  [4;36;1mPost Create (6.6ms)[0m   [0;1mINSERT INTO `posts` (`created_at`, `title`, `body`, `updated_at`) VALUES('2010-05-17 19:17:04', 'titles are for losers', 'I am a loser.', '2010-05-17 19:17:04')[0m
  [4;35;1mSQL (2.9ms)[0m   [0mCOMMIT[0m
Redirected to http://10.0.1.6:3000/posts/1
Completed in 26ms (DB: 15) | 302 Found [http://10.0.1.6/posts]
  [4;36;1mSQL (0.1ms)[0m   [0;1mSET NAMES 'utf8'[0m
  [4;35;1mSQL (0.1ms)[0m   [0mSET SQL_AUTO_IS_NULL=0[0m


Processing PostsController#show (for 10.0.1.27 at 2010-05-17 15:17:04) [GET]
  Parameters: {"id"=>"1"}
  [4;36;1mPost Columns (1.3ms)[0m   [0;1mSHOW FIELDS FROM `posts`[0m
  [4;35;1mPost Load (0.6ms)[0m   [0mSELECT * FROM `posts` WHERE (`posts`.`id` = 1) [0m
Rendering template within layouts/posts
Rendering posts/show
  [4;36;1mComment Load (0.5ms)[0m   [0;1mSELECT * FROM `comments` WHERE (`comments`.post_id = 1) [0m
  [4;35;1mComment Columns (0.6ms)[0m   [0mSHOW FIELDS FROM `comments`[0m
Completed in 29ms (View: 17, DB: 3) | 200 OK [http://10.0.1.6/posts/1]
  [4;36;1mSQL (0.3ms)[0m   [0;1mSET NAMES 'utf8'[0m
  [4;35;1mSQL (0.2ms)[0m   [0mSET SQL_AUTO_IS_NULL=0[0m


Processing PostsController#show to rss (for 10.0.1.27 at 2010-05-17 15:19:00) [GET]
  Parameters: {"id"=>"1"}
  [4;36;1mPost Columns (1.2ms)[0m   [0;1mSHOW FIELDS FROM `posts`[0m
  [4;35;1mPost Load (0.3ms)[0m   [0mSELECT * FROM `posts` WHERE (`posts`.`id` = 1) [0m
Completed in 7ms (View: 1, DB: 2) | 406 Not Acceptable [http://10.0.1.6/posts/1.rss]
  [4;36;1mSQL (0.3ms)[0m   [0;1mSET NAMES 'utf8'[0m
  [4;35;1mSQL (0.2ms)[0m   [0mSET SQL_AUTO_IS_NULL=0[0m


Processing PostsController#show to rss (for 10.0.1.27 at 2010-05-17 15:21:37) [GET]
  Parameters: {"id"=>"1"}
  [4;36;1mPost Columns (1.3ms)[0m   [0;1mSHOW FIELDS FROM `posts`[0m
  [4;35;1mPost Load (0.4ms)[0m   [0mSELECT * FROM `posts` WHERE (`posts`.`id` = 1) [0m
Completed in 62ms (View: 11, DB: 2) | 406 Not Acceptable [http://10.0.1.6/posts/1.rss]
  [4;36;1mSQL (0.3ms)[0m   [0;1mSET NAMES 'utf8'[0m
  [4;35;1mSQL (0.2ms)[0m   [0mSET SQL_AUTO_IS_NULL=0[0m


Processing PostsController#index to rss (for 10.0.1.27 at 2010-05-17 15:24:02) [GET]
  [4;36;1mPost Load (1.1ms)[0m   [0;1mSELECT * FROM `posts` [0m
Completed in 16ms (View: 4, DB: 2) | 406 Not Acceptable [http://10.0.1.6/posts.rss]
  [4;35;1mSQL (0.3ms)[0m   [0mSET NAMES 'utf8'[0m
  [4;36;1mSQL (0.1ms)[0m   [0;1mSET SQL_AUTO_IS_NULL=0[0m


Processing PostsController#index to rss (for 10.0.1.27 at 2010-05-17 15:24:08) [GET]
  [4;35;1mPost Load (0.4ms)[0m   [0mSELECT * FROM `posts` [0m
Completed in 5ms (View: 0, DB: 1) | 406 Not Acceptable [http://10.0.1.6/posts.rss]
  [4;36;1mSQL (0.2ms)[0m   [0;1mSET NAMES 'utf8'[0m
  [4;35;1mSQL (0.2ms)[0m   [0mSET SQL_AUTO_IS_NULL=0[0m


Processing PostsController#index to rss (for 10.0.1.27 at 2010-05-17 15:24:18) [GET]
  [4;36;1mPost Load (0.7ms)[0m   [0;1mSELECT * FROM `posts` [0m
Completed in 5ms (View: 0, DB: 1) | 406 Not Acceptable [http://10.0.1.6/posts.rss]
  [4;35;1mSQL (0.3ms)[0m   [0mSET NAMES 'utf8'[0m
  [4;36;1mSQL (0.1ms)[0m   [0;1mSET SQL_AUTO_IS_NULL=0[0m


Processing ApplicationController#index (for 10.0.1.27 at 2010-05-17 15:24:27) [GET]

ActionController::RoutingError (No route matches "/po" with {:method=>:get}):
  /usr/lib/ruby/1.8/webrick/httpserver.rb:104:in `service'
  /usr/lib/ruby/1.8/webrick/httpserver.rb:65:in `run'
  /usr/lib/ruby/1.8/webrick/server.rb:173:in `start_thread'
  /usr/lib/ruby/1.8/webrick/server.rb:162:in `start'
  /usr/lib/ruby/1.8/webrick/server.rb:162:in `start_thread'
  /usr/lib/ruby/1.8/webrick/server.rb:95:in `start'
  /usr/lib/ruby/1.8/webrick/server.rb:92:in `each'
  /usr/lib/ruby/1.8/webrick/server.rb:92:in `start'
  /usr/lib/ruby/1.8/webrick/server.rb:23:in `start'
  /usr/lib/ruby/1.8/webrick/server.rb:82:in `start'

Rendering rescues/layout (not_found)
  [4;35;1mSQL (0.3ms)[0m   [0mSET NAMES 'utf8'[0m
  [4;36;1mSQL (0.3ms)[0m   [0;1mSET SQL_AUTO_IS_NULL=0[0m


Processing PostsController#index (for 10.0.1.27 at 2010-05-17 15:24:29) [GET]
  [4;35;1mPost Load (0.4ms)[0m   [0mSELECT * FROM `posts` [0m
Rendering template within layouts/posts
Rendering posts/index
  [4;36;1mPost Columns (1.2ms)[0m   [0;1mSHOW FIELDS FROM `posts`[0m
Completed in 28ms (View: 21, DB: 2) | 200 OK [http://10.0.1.6/posts/]
  [4;35;1mSQL (0.1ms)[0m   [0mSET NAMES 'utf8'[0m
  [4;36;1mSQL (0.1ms)[0m   [0;1mSET SQL_AUTO_IS_NULL=0[0m


Processing PostsController#index to rss (for 10.0.1.27 at 2010-05-17 15:24:32) [GET]
  [4;35;1mPost Load (1.3ms)[0m   [0mSELECT * FROM `posts` [0m
Completed in 9ms (View: 1, DB: 2) | 406 Not Acceptable [http://10.0.1.6/posts.rss]
  [4;36;1mSQL (0.3ms)[0m   [0;1mSET NAMES 'utf8'[0m
  [4;35;1mSQL (0.2ms)[0m   [0mSET SQL_AUTO_IS_NULL=0[0m


Processing PostsController#index (for 10.0.1.27 at 2010-05-17 15:32:06) [GET]
  [4;36;1mPost Load (0.5ms)[0m   [0;1mSELECT * FROM `posts` [0m
Rendering template within layouts/posts
Rendering posts/index
  [4;35;1mPost Columns (0.9ms)[0m   [0mSHOW FIELDS FROM `posts`[0m
Completed in 67ms (View: 6, DB: 2) | 200 OK [http://10.0.1.6/posts]
  [4;36;1mSQL (0.3ms)[0m   [0;1mSET NAMES 'utf8'[0m
  [4;35;1mSQL (0.2ms)[0m   [0mSET SQL_AUTO_IS_NULL=0[0m


Processing PostsController#show (for 10.0.1.27 at 2010-05-17 15:32:07) [GET]
  Parameters: {"id"=>"1"}
  [4;36;1mPost Columns (1.4ms)[0m   [0;1mSHOW FIELDS FROM `posts`[0m
  [4;35;1mPost Load (0.5ms)[0m   [0mSELECT * FROM `posts` WHERE (`posts`.`id` = 1) [0m
Rendering template within layouts/posts
Rendering posts/show
  [4;36;1mComment Load (0.3ms)[0m   [0;1mSELECT * FROM `comments` WHERE (`comments`.post_id = 1) [0m
  [4;35;1mComment Columns (0.6ms)[0m   [0mSHOW FIELDS FROM `comments`[0m
Completed in 22ms (View: 14, DB: 3) | 200 OK [http://10.0.1.6/posts/1]
  [4;36;1mSQL (0.1ms)[0m   [0;1mSET NAMES 'utf8'[0m
  [4;35;1mSQL (0.2ms)[0m   [0mSET SQL_AUTO_IS_NULL=0[0m


Processing PostsController#show to xml (for 10.0.1.27 at 2010-05-17 15:32:09) [GET]
  Parameters: {"id"=>"1"}
  [4;36;1mPost Columns (0.8ms)[0m   [0;1mSHOW FIELDS FROM `posts`[0m
  [4;35;1mPost Load (0.2ms)[0m   [0mSELECT * FROM `posts` WHERE (`posts`.`id` = 1) [0m
Completed in 68ms (View: 62, DB: 1) | 200 OK [http://10.0.1.6/posts/1.xml]
  [4;36;1mSQL (0.3ms)[0m   [0;1mSET NAMES 'utf8'[0m
  [4;35;1mSQL (0.1ms)[0m   [0mSET SQL_AUTO_IS_NULL=0[0m


Processing PostsController#show to xml (for 10.0.1.6 at 2010-05-17 15:32:39) [GET]
  Parameters: {"id"=>"1"}
  [4;36;1mPost Columns (1.5ms)[0m   [0;1mSHOW FIELDS FROM `posts`[0m
  [4;35;1mPost Load (0.8ms)[0m   [0mSELECT * FROM `posts` WHERE (`posts`.`id` = 1) [0m
Completed in 9ms (View: 2, DB: 3) | 200 OK [http://10.0.1.6/posts/1.xml]
  [4;36;1mSQL (0.3ms)[0m   [0;1mSET NAMES 'utf8'[0m
  [4;35;1mSQL (0.1ms)[0m   [0mSET SQL_AUTO_IS_NULL=0[0m


Processing PostsController#show to xml (for 10.0.1.6 at 2010-05-17 15:34:59) [GET]
  Parameters: {"id"=>"1"}
  [4;36;1mPost Columns (1.9ms)[0m   [0;1mSHOW FIELDS FROM `posts`[0m
  [4;35;1mPost Load (0.5ms)[0m   [0mSELECT * FROM `posts` WHERE (`posts`.`id` = 1) [0m
Completed in 9ms (View: 2, DB: 3) | 200 OK [http://10.0.1.6/posts/1.xml]
  [4;36;1mSQL (1.1ms)[0m   [0;1mSET NAMES 'utf8'[0m
  [4;35;1mSQL (1.8ms)[0m   [0mSET SQL_AUTO_IS_NULL=0[0m
  [4;36;1mSQL (1.7ms)[0m   [0;1mSHOW TABLES[0m
  [4;35;1mSQL (2.1ms)[0m   [0mSELECT version FROM schema_migrations[0m
Migrating to CreatePosts (20100517174719)
Migrating to CreateComments (20100517175959)
Migrating to CreateUsers (20100517194804)
  [4;36;1mSQL (32.3ms)[0m   [0;1mCREATE TABLE `users` (`id` int(11) DEFAULT NULL auto_increment PRIMARY KEY, `username` varchar(255), `password` varchar(255), `created_at` datetime, `updated_at` datetime) ENGINE=InnoDB[0m
  [4;35;1mSQL (3.0ms)[0m   [0mINSERT INTO schema_migrations (version) VALUES ('20100517194804')[0m
  [4;36;1mSQL (1.4ms)[0m   [0;1mSHOW TABLES[0m
  [4;35;1mSQL (1.6ms)[0m   [0mSELECT version FROM schema_migrations[0m
  [4;36;1mSQL (1.1ms)[0m   [0;1mSHOW TABLES[0m
  [4;35;1mSQL (1.6ms)[0m   [0mSHOW FIELDS FROM `comments`[0m
  [4;36;1mSQL (1.1ms)[0m   [0;1mdescribe `comments`[0m
  [4;35;1mSQL (0.4ms)[0m   [0mSHOW KEYS FROM `comments`[0m
  [4;36;1mSQL (0.5ms)[0m   [0;1mSHOW FIELDS FROM `posts`[0m
  [4;35;1mSQL (0.5ms)[0m   [0mdescribe `posts`[0m
  [4;36;1mSQL (0.4ms)[0m   [0;1mSHOW KEYS FROM `posts`[0m
  [4;35;1mSQL (0.5ms)[0m   [0mSHOW FIELDS FROM `users`[0m
  [4;36;1mSQL (0.4ms)[0m   [0;1mdescribe `users`[0m
  [4;35;1mSQL (0.3ms)[0m   [0mSHOW KEYS FROM `users`[0m
  [4;36;1mSQL (0.3ms)[0m   [0;1mSET NAMES 'utf8'[0m
  [4;35;1mSQL (0.1ms)[0m   [0mSET SQL_AUTO_IS_NULL=0[0m
  [4;36;1mSQL (1.4ms)[0m   [0;1mSHOW TABLES[0m
  [4;35;1mSQL (0.3ms)[0m   [0mSELECT version FROM schema_migrations[0m
Migrating to CreatePosts (20100517174719)
Migrating to CreateComments (20100517175959)
Migrating to CreateUsers (20100517194804)
  [4;36;1mSQL (0.4ms)[0m   [0;1mSHOW TABLES[0m
  [4;35;1mSQL (0.2ms)[0m   [0mSELECT version FROM schema_migrations[0m
  [4;36;1mSQL (0.3ms)[0m   [0;1mSHOW TABLES[0m
  [4;35;1mSQL (0.7ms)[0m   [0mSHOW FIELDS FROM `comments`[0m
  [4;36;1mSQL (0.4ms)[0m   [0;1mdescribe `comments`[0m
  [4;35;1mSQL (0.5ms)[0m   [0mSHOW KEYS FROM `comments`[0m
  [4;36;1mSQL (0.5ms)[0m   [0;1mSHOW FIELDS FROM `posts`[0m
  [4;35;1mSQL (0.6ms)[0m   [0mdescribe `posts`[0m
  [4;36;1mSQL (0.4ms)[0m   [0;1mSHOW KEYS FROM `posts`[0m
  [4;35;1mSQL (0.5ms)[0m   [0mSHOW FIELDS FROM `users`[0m
  [4;36;1mSQL (0.5ms)[0m   [0;1mdescribe `users`[0m
  [4;35;1mSQL (0.4ms)[0m   [0mSHOW KEYS FROM `users`[0m
  [4;36;1mSQL (0.3ms)[0m   [0;1mSET NAMES 'utf8'[0m
  [4;35;1mSQL (0.2ms)[0m   [0mSET SQL_AUTO_IS_NULL=0[0m


Processing PostsController#index (for 10.0.1.27 at 2010-05-17 15:50:22) [GET]
  [4;36;1mPost Load (0.5ms)[0m   [0;1mSELECT * FROM `posts` [0m
Rendering template within layouts/posts
Rendering posts/index
  [4;35;1mPost Columns (1.8ms)[0m   [0mSHOW FIELDS FROM `posts`[0m
Completed in 18ms (View: 10, DB: 3) | 200 OK [http://10.0.1.6/posts/]
  [4;36;1mSQL (0.1ms)[0m   [0;1mSET NAMES 'utf8'[0m
  [4;35;1mSQL (0.3ms)[0m   [0mSET SQL_AUTO_IS_NULL=0[0m


Processing PostsController#index (for 10.0.1.27 at 2010-05-17 15:50:22) [GET]
  [4;36;1mPost Load (2.3ms)[0m   [0;1mSELECT * FROM `posts` [0m
Rendering template within layouts/posts
Rendering posts/index
  [4;35;1mPost Columns (2.0ms)[0m   [0mSHOW FIELDS FROM `posts`[0m
Completed in 14ms (View: 5, DB: 5) | 200 OK [http://10.0.1.6/posts/]
  [4;36;1mSQL (7.6ms)[0m   [0;1mSET NAMES 'utf8'[0m
  [4;35;1mSQL (0.9ms)[0m   [0mSET SQL_AUTO_IS_NULL=0[0m


Processing PostsController#show (for 10.0.1.27 at 2010-05-17 15:50:26) [GET]
  Parameters: {"id"=>"1"}
  [4;36;1mPost Columns (0.8ms)[0m   [0;1mSHOW FIELDS FROM `posts`[0m
  [4;35;1mPost Load (0.3ms)[0m   [0mSELECT * FROM `posts` WHERE (`posts`.`id` = 1) [0m
Rendering template within layouts/posts
Rendering posts/show
  [4;36;1mComment Load (0.2ms)[0m   [0;1mSELECT * FROM `comments` WHERE (`comments`.post_id = 1) [0m
  [4;35;1mComment Columns (0.6ms)[0m   [0mSHOW FIELDS FROM `comments`[0m
Completed in 17ms (View: 9, DB: 10) | 200 OK [http://10.0.1.6/posts/1]
  [4;36;1mSQL (0.3ms)[0m   [0;1mSET NAMES 'utf8'[0m
  [4;35;1mSQL (0.2ms)[0m   [0mSET SQL_AUTO_IS_NULL=0[0m


Processing CommentsController#create (for 10.0.1.27 at 2010-05-17 15:50:51) [POST]
  Parameters: {"comment"=>{"name"=>"you", "body"=>"yes we are"}, "commit"=>"Add Comment", "post_id"=>"1", "authenticity_token"=>"GXsuIP9BsyrWjjXzXerqz0pumKmdIhB3AXMRlfXlJmA="}
  [4;36;1mPost Columns (1.2ms)[0m   [0;1mSHOW FIELDS FROM `posts`[0m
  [4;35;1mPost Load (0.3ms)[0m   [0mSELECT * FROM `posts` WHERE (`posts`.`id` = 1) [0m
  [4;36;1mComment Columns (0.7ms)[0m   [0;1mSHOW FIELDS FROM `comments`[0m
  [4;35;1mSQL (0.3ms)[0m   [0mBEGIN[0m
  [4;36;1mComment Create (0.7ms)[0m   [0;1mINSERT INTO `comments` (`name`, `created_at`, `body`, `updated_at`, `post_id`) VALUES('you', '2010-05-17 19:50:51', 'yes we are', '2010-05-17 19:50:51', 1)[0m
  [4;35;1mSQL (2.1ms)[0m   [0mCOMMIT[0m
Redirected to http://10.0.1.6:3000/posts/1
Completed in 18ms (DB: 6) | 302 Found [http://10.0.1.6/posts/1/comments]
  [4;36;1mSQL (0.1ms)[0m   [0;1mSET NAMES 'utf8'[0m
  [4;35;1mSQL (0.1ms)[0m   [0mSET SQL_AUTO_IS_NULL=0[0m


Processing PostsController#show (for 10.0.1.27 at 2010-05-17 15:50:51) [GET]
  Parameters: {"id"=>"1"}
  [4;36;1mPost Columns (0.8ms)[0m   [0;1mSHOW FIELDS FROM `posts`[0m
  [4;35;1mPost Load (0.3ms)[0m   [0mSELECT * FROM `posts` WHERE (`posts`.`id` = 1) [0m
Rendering template within layouts/posts
Rendering posts/show
  [4;36;1mComment Load (0.5ms)[0m   [0;1mSELECT * FROM `comments` WHERE (`comments`.post_id = 1) [0m
  [4;35;1mComment Columns (0.8ms)[0m   [0mSHOW FIELDS FROM `comments`[0m
Completed in 20ms (View: 12, DB: 3) | 200 OK [http://10.0.1.6/posts/1]
  [4;36;1mSQL (0.3ms)[0m   [0;1mSET NAMES 'utf8'[0m
  [4;35;1mSQL (0.1ms)[0m   [0mSET SQL_AUTO_IS_NULL=0[0m


Processing PostsController#index (for 10.0.1.27 at 2010-05-17 16:03:12) [GET]
  [4;36;1mPost Load (0.4ms)[0m   [0;1mSELECT * FROM `posts` [0m
Rendering template within layouts/posts
Rendering posts/index
  [4;35;1mPost Columns (1.0ms)[0m   [0mSHOW FIELDS FROM `posts`[0m
Completed in 13ms (View: 6, DB: 2) | 200 OK [http://10.0.1.6/posts]
  [4;36;1mSQL (0.3ms)[0m   [0;1mSET NAMES 'utf8'[0m
  [4;35;1mSQL (0.1ms)[0m   [0mSET SQL_AUTO_IS_NULL=0[0m


Processing PostsController#index (for 10.0.1.27 at 2010-05-17 16:48:57) [GET]
  [4;36;1mPost Load (0.4ms)[0m   [0;1mSELECT * FROM `posts` [0m
Rendering template within layouts/posts
Rendering posts/index
  [4;35;1mPost Columns (1.0ms)[0m   [0mSHOW FIELDS FROM `posts`[0m
Completed in 13ms (View: 5, DB: 2) | 200 OK [http://10.0.1.6/posts/]
  [4;36;1mSQL (7.3ms)[0m   [0;1mSET NAMES 'utf8'[0m
  [4;35;1mSQL (1.2ms)[0m   [0mSET SQL_AUTO_IS_NULL=0[0m


Processing PostsController#show (for 10.0.1.27 at 2010-05-17 16:49:01) [GET]
  Parameters: {"id"=>"1"}
  [4;36;1mPost Columns (1.3ms)[0m   [0;1mSHOW FIELDS FROM `posts`[0m
  [4;35;1mPost Load (0.2ms)[0m   [0mSELECT * FROM `posts` WHERE (`posts`.`id` = 1) [0m
Rendering template within layouts/posts
Rendering posts/show
  [4;36;1mComment Load (1.2ms)[0m   [0;1mSELECT * FROM `comments` WHERE (`comments`.post_id = 1) [0m
  [4;35;1mComment Columns (0.6ms)[0m   [0mSHOW FIELDS FROM `comments`[0m
Completed in 19ms (View: 9, DB: 12) | 200 OK [http://10.0.1.6/posts/1]
  [4;36;1mSQL (1.4ms)[0m   [0;1mSET NAMES 'utf8'[0m
  [4;35;1mSQL (1.0ms)[0m   [0mSET SQL_AUTO_IS_NULL=0[0m


Processing PostsController#index (for 10.0.1.27 at 2010-05-17 17:13:54) [GET]
  [4;36;1mPost Load (0.6ms)[0m   [0;1mSELECT * FROM `posts` [0m
Rendering template within layouts/posts
Rendering posts/index
  [4;35;1mPost Columns (0.9ms)[0m   [0mSHOW FIELDS FROM `posts`[0m
Completed in 12ms (View: 5, DB: 4) | 200 OK [http://10.0.1.6/posts/]
  [4;36;1mSQL (0.4ms)[0m   [0;1mSET NAMES 'utf8'[0m
  [4;35;1mSQL (0.3ms)[0m   [0mSET SQL_AUTO_IS_NULL=0[0m


Processing PostsController#index (for 10.0.1.27 at 2010-05-17 17:17:13) [GET]
  [4;36;1mPost Load (0.4ms)[0m   [0;1mSELECT * FROM `posts` [0m
Rendering template within layouts/posts
Rendering posts/index
  [4;35;1mPost Columns (1.1ms)[0m   [0mSHOW FIELDS FROM `posts`[0m
Completed in 38ms (View: 26, DB: 2) | 200 OK [http://10.0.1.6/posts/]
  [4;36;1mSQL (0.3ms)[0m   [0;1mSET NAMES 'utf8'[0m
  [4;35;1mSQL (0.3ms)[0m   [0mSET SQL_AUTO_IS_NULL=0[0m


Processing PostsController#new (for 10.0.1.27 at 2010-05-17 17:17:19) [GET]
  [4;36;1mPost Columns (1.6ms)[0m   [0;1mSHOW FIELDS FROM `posts`[0m
Rendering template within layouts/posts
Rendering posts/new
Completed in 15ms (View: 7, DB: 2) | 200 OK [http://10.0.1.6/posts/new]
  [4;35;1mSQL (0.2ms)[0m   [0mSET NAMES 'utf8'[0m
  [4;36;1mSQL (0.1ms)[0m   [0;1mSET SQL_AUTO_IS_NULL=0[0m


Processing PostsController#create (for 10.0.1.27 at 2010-05-17 17:17:22) [POST]
  Parameters: {"commit"=>"Create", "post"=>{"body"=>"fdsa", "title"=>"asdf"}, "authenticity_token"=>"GXsuIP9BsyrWjjXzXerqz0pumKmdIhB3AXMRlfXlJmA="}
  [4;35;1mPost Columns (0.8ms)[0m   [0mSHOW FIELDS FROM `posts`[0m
  [4;36;1mSQL (0.2ms)[0m   [0;1mBEGIN[0m
  [4;35;1mPost Create (0.6ms)[0m   [0mINSERT INTO `posts` (`created_at`, `title`, `body`, `updated_at`) VALUES('2010-05-17 21:17:22', 'asdf', 'fdsa', '2010-05-17 21:17:22')[0m
  [4;36;1mSQL (2.1ms)[0m   [0;1mCOMMIT[0m
Redirected to http://10.0.1.6:3000/posts/2
Completed in 13ms (DB: 4) | 302 Found [http://10.0.1.6/posts]
  [4;35;1mSQL (0.3ms)[0m   [0mSET NAMES 'utf8'[0m
  [4;36;1mSQL (0.1ms)[0m   [0;1mSET SQL_AUTO_IS_NULL=0[0m


Processing PostsController#show (for 10.0.1.27 at 2010-05-17 17:17:22) [GET]
  Parameters: {"id"=>"2"}
  [4;35;1mPost Columns (1.3ms)[0m   [0mSHOW FIELDS FROM `posts`[0m
  [4;36;1mPost Load (0.4ms)[0m   [0;1mSELECT * FROM `posts` WHERE (`posts`.`id` = 2) [0m
Rendering template within layouts/posts
Rendering posts/show
  [4;35;1mComment Load (1.3ms)[0m   [0mSELECT * FROM `comments` WHERE (`comments`.post_id = 2) [0m
  [4;36;1mComment Columns (0.7ms)[0m   [0;1mSHOW FIELDS FROM `comments`[0m
Completed in 20ms (View: 12, DB: 4) | 200 OK [http://10.0.1.6/posts/2]
  [4;36;1mSQL (1.6ms)[0m   [0;1mSET NAMES 'utf8'[0m
  [4;35;1mSQL (0.8ms)[0m   [0mSET SQL_AUTO_IS_NULL=0[0m


Processing PostsController#index (for 10.0.1.27 at 2010-05-17 17:19:11) [GET]
  [4;36;1mPost Load (0.8ms)[0m   [0;1mSELECT * FROM `posts` [0m
Rendering template within layouts/posts
Rendering posts/index
  [4;35;1mPost Columns (1.0ms)[0m   [0mSHOW FIELDS FROM `posts`[0m
Completed in 41ms (View: 28, DB: 4) | 200 OK [http://10.0.1.6/]
  [4;36;1mSQL (0.4ms)[0m   [0;1mSET NAMES 'utf8'[0m
  [4;35;1mSQL (0.3ms)[0m   [0mSET SQL_AUTO_IS_NULL=0[0m


Processing PostsController#index (for 127.0.0.1 at 2010-05-18 09:06:49) [GET]
  [4;36;1mPost Load (11.7ms)[0m   [0;1mSELECT * FROM `posts` [0m
Rendering template within layouts/posts
Rendering posts/index
  [4;35;1mPost Columns (0.7ms)[0m   [0mSHOW FIELDS FROM `posts`[0m
Completed in 172ms (View: 135, DB: 13) | 200 OK [http://localhost/]
  [4;36;1mSQL (6.4ms)[0m   [0;1mSET NAMES 'utf8'[0m
  [4;35;1mSQL (14.5ms)[0m   [0mSET SQL_AUTO_IS_NULL=0[0m


Processing PostsController#index (for 127.0.0.1 at 2010-05-18 11:52:04) [GET]
  [4;36;1mPost Load (7.4ms)[0m   [0;1mSELECT * FROM `posts` [0m
Rendering template within layouts/posts
Rendering posts/index
  [4;35;1mPost Columns (10.9ms)[0m   [0mSHOW FIELDS FROM `posts`[0m
Completed in 56ms (View: 26, DB: 39) | 200 OK [http://0.0.0.0/]
  [4;36;1mSQL (0.3ms)[0m   [0;1mSET NAMES 'utf8'[0m
  [4;35;1mSQL (0.3ms)[0m   [0mSET SQL_AUTO_IS_NULL=0[0m


Processing CommentsController#index (for 127.0.0.1 at 2010-05-18 11:58:28) [GET]
Rendering template within layouts/comments
Rendering comments/index

ActionView::TemplateError (You have a nil object when you didn't expect it!
You might have expected an instance of Array.
The error occurred while evaluating nil.each) on line #10 of app/views/comments/index.html.erb:
7:     <th>Post</th>
8:   </tr>
9: 
10: <% @comments.each do |comment| %>
11:   <tr>
12:     <td><%=h comment.name %></td>
13:     <td><%=h comment.body %></td>

    app/views/comments/index.html.erb:10
    /usr/lib/ruby/1.8/webrick/httpserver.rb:104:in `service'
    /usr/lib/ruby/1.8/webrick/httpserver.rb:65:in `run'
    /usr/lib/ruby/1.8/webrick/server.rb:173:in `start_thread'
    /usr/lib/ruby/1.8/webrick/server.rb:162:in `start'
    /usr/lib/ruby/1.8/webrick/server.rb:162:in `start_thread'
    /usr/lib/ruby/1.8/webrick/server.rb:95:in `start'
    /usr/lib/ruby/1.8/webrick/server.rb:92:in `each'
    /usr/lib/ruby/1.8/webrick/server.rb:92:in `start'
    /usr/lib/ruby/1.8/webrick/server.rb:23:in `start'
    /usr/lib/ruby/1.8/webrick/server.rb:82:in `start'

Rendered rescues/_trace (135.1ms)
Rendered rescues/_request_and_response (1.4ms)
Rendering rescues/layout (internal_server_error)
  [4;36;1mSQL (0.3ms)[0m   [0;1mSET NAMES 'utf8'[0m
  [4;35;1mSQL (0.2ms)[0m   [0mSET SQL_AUTO_IS_NULL=0[0m


Processing PostsController#edit (for 127.0.0.1 at 2010-05-18 11:58:34) [GET]
  Parameters: {"id"=>"2"}
  [4;36;1mPost Columns (1.2ms)[0m   [0;1mSHOW FIELDS FROM `posts`[0m
  [4;35;1mPost Load (9.2ms)[0m   [0mSELECT * FROM `posts` WHERE (`posts`.`id` = 2) [0m
Rendering template within layouts/posts
Rendering posts/edit
Completed in 26ms (View: 10, DB: 11) | 200 OK [http://0.0.0.0/posts/2/edit]
  [4;36;1mSQL (0.2ms)[0m   [0;1mSET NAMES 'utf8'[0m
  [4;35;1mSQL (0.1ms)[0m   [0mSET SQL_AUTO_IS_NULL=0[0m


Processing PostsController#show (for 127.0.0.1 at 2010-05-18 11:58:38) [GET]
  Parameters: {"id"=>"2"}
  [4;36;1mPost Columns (0.9ms)[0m   [0;1mSHOW FIELDS FROM `posts`[0m
  [4;35;1mPost Load (0.3ms)[0m   [0mSELECT * FROM `posts` WHERE (`posts`.`id` = 2) [0m
Rendering template within layouts/posts
Rendering posts/show
  [4;36;1mComment Load (2.7ms)[0m   [0;1mSELECT * FROM `comments` WHERE (`comments`.post_id = 2) [0m
  [4;35;1mComment Columns (0.6ms)[0m   [0mSHOW FIELDS FROM `comments`[0m
Completed in 25ms (View: 16, DB: 5) | 200 OK [http://0.0.0.0/posts/2]
  [4;36;1mSQL (0.3ms)[0m   [0;1mSET NAMES 'utf8'[0m
  [4;35;1mSQL (0.1ms)[0m   [0mSET SQL_AUTO_IS_NULL=0[0m


Processing PostsController#show (for 127.0.0.1 at 2010-05-18 12:15:25) [GET]
  Parameters: {"id"=>"1"}
  [4;36;1mPost Columns (1.1ms)[0m   [0;1mSHOW FIELDS FROM `posts`[0m
  [4;35;1mPost Load (0.6ms)[0m   [0mSELECT * FROM `posts` WHERE (`posts`.`id` = 1) [0m
Rendering template within layouts/posts
Rendering posts/show
  [4;36;1mComment Load (1.6ms)[0m   [0;1mSELECT * FROM `comments` WHERE (`comments`.post_id = 1) [0m
  [4;35;1mComment Columns (0.5ms)[0m   [0mSHOW FIELDS FROM `comments`[0m
Completed in 84ms (View: 68, DB: 4) | 200 OK [http://0.0.0.0/posts/1]
  [4;36;1mSQL (0.3ms)[0m   [0;1mSET NAMES 'utf8'[0m
  [4;35;1mSQL (0.1ms)[0m   [0mSET SQL_AUTO_IS_NULL=0[0m
  [4;36;1mSQL (9.6ms)[0m   [0;1mSHOW TABLES[0m
  [4;35;1mSQL (1.5ms)[0m   [0mSELECT version FROM schema_migrations[0m
  [4;36;1mSQL (0.3ms)[0m   [0;1mSET NAMES 'utf8'[0m
  [4;35;1mSQL (0.2ms)[0m   [0mSET SQL_AUTO_IS_NULL=0[0m
  [4;36;1mSQL (94.5ms)[0m   [0;1mDROP DATABASE IF EXISTS `blog_test`[0m
  [4;35;1mSQL (1.1ms)[0m   [0mCREATE DATABASE `blog_test` DEFAULT CHARACTER SET `utf8`[0m
  [4;36;1mSQL (0.1ms)[0m   [0;1mSET NAMES 'utf8'[0m
  [4;35;1mSQL (0.2ms)[0m   [0mSET SQL_AUTO_IS_NULL=0[0m
  [4;36;1mSQL (0.4ms)[0m   [0;1mSHOW TABLES[0m
  [4;35;1mSQL (18.2ms)[0m   [0mCREATE TABLE `comments` (`id` int(11) DEFAULT NULL auto_increment PRIMARY KEY, `name` varchar(255), `body` text, `post_id` int(11), `created_at` datetime, `updated_at` datetime) ENGINE=InnoDB[0m
  [4;36;1mSQL (0.3ms)[0m   [0;1mSHOW TABLES[0m
  [4;35;1mSQL (6.9ms)[0m   [0mCREATE TABLE `posts` (`id` int(11) DEFAULT NULL auto_increment PRIMARY KEY, `title` varchar(255), `body` text, `created_at` datetime, `updated_at` datetime) ENGINE=InnoDB[0m
  [4;36;1mSQL (0.4ms)[0m   [0;1mSHOW TABLES[0m
  [4;35;1mSQL (8.7ms)[0m   [0mCREATE TABLE `users` (`id` int(11) DEFAULT NULL auto_increment PRIMARY KEY, `username` varchar(255), `password` varchar(255), `created_at` datetime, `updated_at` datetime) ENGINE=InnoDB[0m
  [4;36;1mSQL (0.4ms)[0m   [0;1mSHOW TABLES[0m
  [4;35;1mSQL (4.9ms)[0m   [0mCREATE TABLE `schema_migrations` (`version` varchar(255) NOT NULL) ENGINE=InnoDB[0m
  [4;36;1mSQL (7.1ms)[0m   [0;1mCREATE UNIQUE INDEX `unique_schema_migrations` ON `schema_migrations` (`version`)[0m
  [4;35;1mSQL (0.4ms)[0m   [0mSHOW TABLES[0m
  [4;36;1mSQL (0.4ms)[0m   [0;1mSELECT version FROM `schema_migrations`[0m
  [4;35;1mSQL (0.9ms)[0m   [0mINSERT INTO `schema_migrations` (version) VALUES ('20100517194804')[0m
  [4;36;1mSQL (0.7ms)[0m   [0;1mINSERT INTO `schema_migrations` (version) VALUES ('20100517174719')[0m
  [4;35;1mSQL (0.6ms)[0m   [0mINSERT INTO `schema_migrations` (version) VALUES ('20100517175959')[0m
  [4;36;1mSQL (0.5ms)[0m   [0;1mSET NAMES 'utf8'[0m
  [4;35;1mSQL (0.2ms)[0m   [0mSET SQL_AUTO_IS_NULL=0[0m
  [4;36;1mSQL (1.5ms)[0m   [0;1mSHOW TABLES[0m
  [4;35;1mSQL (0.3ms)[0m   [0mSELECT version FROM schema_migrations[0m
  [4;36;1mSQL (0.1ms)[0m   [0;1mSET NAMES 'utf8'[0m
  [4;35;1mSQL (0.1ms)[0m   [0mSET SQL_AUTO_IS_NULL=0[0m
  [4;36;1mSQL (34.4ms)[0m   [0;1mDROP DATABASE IF EXISTS `blog_test`[0m
  [4;35;1mSQL (0.6ms)[0m   [0mCREATE DATABASE `blog_test` DEFAULT CHARACTER SET `utf8`[0m
  [4;36;1mSQL (1.1ms)[0m   [0;1mSET NAMES 'utf8'[0m
  [4;35;1mSQL (0.2ms)[0m   [0mSET SQL_AUTO_IS_NULL=0[0m
  [4;36;1mSQL (3.4ms)[0m   [0;1mSHOW TABLES[0m
  [4;35;1mSQL (23.5ms)[0m   [0mCREATE TABLE `comments` (`id` int(11) DEFAULT NULL auto_increment PRIMARY KEY, `name` varchar(255), `body` text, `post_id` int(11), `created_at` datetime, `updated_at` datetime) ENGINE=InnoDB[0m
  [4;36;1mSQL (0.4ms)[0m   [0;1mSHOW TABLES[0m
  [4;35;1mSQL (11.2ms)[0m   [0mCREATE TABLE `posts` (`id` int(11) DEFAULT NULL auto_increment PRIMARY KEY, `title` varchar(255), `body` text, `created_at` datetime, `updated_at` datetime) ENGINE=InnoDB[0m
  [4;36;1mSQL (0.4ms)[0m   [0;1mSHOW TABLES[0m
  [4;35;1mSQL (5.6ms)[0m   [0mCREATE TABLE `users` (`id` int(11) DEFAULT NULL auto_increment PRIMARY KEY, `username` varchar(255), `password` varchar(255), `created_at` datetime, `updated_at` datetime) ENGINE=InnoDB[0m
  [4;36;1mSQL (0.7ms)[0m   [0;1mSHOW TABLES[0m
  [4;35;1mSQL (22.4ms)[0m   [0mCREATE TABLE `schema_migrations` (`version` varchar(255) NOT NULL) ENGINE=InnoDB[0m
  [4;36;1mSQL (7.9ms)[0m   [0;1mCREATE UNIQUE INDEX `unique_schema_migrations` ON `schema_migrations` (`version`)[0m
  [4;35;1mSQL (0.4ms)[0m   [0mSHOW TABLES[0m
  [4;36;1mSQL (0.4ms)[0m   [0;1mSELECT version FROM `schema_migrations`[0m
  [4;35;1mSQL (1.1ms)[0m   [0mINSERT INTO `schema_migrations` (version) VALUES ('20100517194804')[0m
  [4;36;1mSQL (0.7ms)[0m   [0;1mINSERT INTO `schema_migrations` (version) VALUES ('20100517174719')[0m
  [4;35;1mSQL (0.6ms)[0m   [0mINSERT INTO `schema_migrations` (version) VALUES ('20100517175959')[0m
  [4;36;1mSQL (0.3ms)[0m   [0;1mSET NAMES 'utf8'[0m
  [4;35;1mSQL (0.1ms)[0m   [0mSET SQL_AUTO_IS_NULL=0[0m


Processing PostsController#index (for 127.0.0.1 at 2010-05-18 12:47:48) [GET]
  [4;36;1mPost Load (0.4ms)[0m   [0;1mSELECT * FROM `posts` [0m
Rendering template within layouts/posts
Rendering posts/index
  [4;35;1mPost Columns (1.2ms)[0m   [0mSHOW FIELDS FROM `posts`[0m
Completed in 47ms (View: 33, DB: 2) | 200 OK [http://0.0.0.0/]
  [4;36;1mSQL (0.4ms)[0m   [0;1mSET NAMES 'utf8'[0m
  [4;35;1mSQL (0.2ms)[0m   [0mSET SQL_AUTO_IS_NULL=0[0m


Processing PostsController#new (for 127.0.0.1 at 2010-05-18 12:48:32) [GET]
  [4;36;1mPost Columns (1.4ms)[0m   [0;1mSHOW FIELDS FROM `posts`[0m
Rendering template within layouts/posts
Rendering posts/new
Completed in 33ms (View: 19, DB: 2) | 200 OK [http://0.0.0.0/posts/new]
  [4;35;1mSQL (0.2ms)[0m   [0mSET NAMES 'utf8'[0m
  [4;36;1mSQL (1.4ms)[0m   [0;1mSET SQL_AUTO_IS_NULL=0[0m


Processing PostsController#create (for 127.0.0.1 at 2010-05-18 12:51:44) [POST]
  Parameters: {"commit"=>"Create", "post"=>{"body"=>"", "title"=>""}, "authenticity_token"=>"aAAwGFdiM+qAH8ShLnh2CJaTK5NJ3DJqhv0pvZnnjNA="}
  [4;35;1mPost Columns (1.4ms)[0m   [0mSHOW FIELDS FROM `posts`[0m
  [4;36;1mSQL (0.2ms)[0m   [0;1mBEGIN[0m
  [4;35;1mPost Create (0.8ms)[0m   [0mINSERT INTO `posts` (`created_at`, `title`, `body`, `updated_at`) VALUES('2010-05-18 16:51:44', '', '', '2010-05-18 16:51:44')[0m
  [4;36;1mSQL (2.5ms)[0m   [0;1mCOMMIT[0m
Redirected to http://0.0.0.0:3000/posts/3
Completed in 24ms (DB: 7) | 302 Found [http://0.0.0.0/posts]
  [4;35;1mSQL (0.2ms)[0m   [0mSET NAMES 'utf8'[0m
  [4;36;1mSQL (0.2ms)[0m   [0;1mSET SQL_AUTO_IS_NULL=0[0m


Processing PostsController#show (for 127.0.0.1 at 2010-05-18 12:51:44) [GET]
  Parameters: {"id"=>"3"}
  [4;35;1mPost Columns (1.1ms)[0m   [0mSHOW FIELDS FROM `posts`[0m
  [4;36;1mPost Load (0.5ms)[0m   [0;1mSELECT * FROM `posts` WHERE (`posts`.`id` = 3) [0m
Rendering template within layouts/posts
Rendering posts/show
  [4;35;1mComment Load (0.4ms)[0m   [0mSELECT * FROM `comments` WHERE (`comments`.post_id = 3) [0m
  [4;36;1mComment Columns (0.6ms)[0m   [0;1mSHOW FIELDS FROM `comments`[0m
Completed in 25ms (View: 11, DB: 3) | 200 OK [http://0.0.0.0/posts/3]
  [4;36;1mSQL (0.3ms)[0m   [0;1mSET NAMES 'utf8'[0m
  [4;35;1mSQL (0.1ms)[0m   [0mSET SQL_AUTO_IS_NULL=0[0m
  [4;36;1mSQL (0.5ms)[0m   [0;1mSHOW TABLES[0m
  [4;35;1mSQL (0.4ms)[0m   [0mSELECT version FROM schema_migrations[0m
  [4;36;1mSQL (0.3ms)[0m   [0;1mSET NAMES 'utf8'[0m
  [4;35;1mSQL (0.2ms)[0m   [0mSET SQL_AUTO_IS_NULL=0[0m
  [4;36;1mSQL (5.8ms)[0m   [0;1mDROP DATABASE IF EXISTS `blog_test`[0m
  [4;35;1mSQL (0.3ms)[0m   [0mCREATE DATABASE `blog_test` DEFAULT CHARACTER SET `utf8`[0m
  [4;36;1mSQL (0.1ms)[0m   [0;1mSET NAMES 'utf8'[0m
  [4;35;1mSQL (0.2ms)[0m   [0mSET SQL_AUTO_IS_NULL=0[0m
  [4;36;1mSQL (0.3ms)[0m   [0;1mSHOW TABLES[0m
  [4;35;1mSQL (11.8ms)[0m   [0mCREATE TABLE `comments` (`id` int(11) DEFAULT NULL auto_increment PRIMARY KEY, `name` varchar(255), `body` text, `post_id` int(11), `created_at` datetime, `updated_at` datetime) ENGINE=InnoDB[0m
  [4;36;1mSQL (0.3ms)[0m   [0;1mSHOW TABLES[0m
  [4;35;1mSQL (3.9ms)[0m   [0mCREATE TABLE `posts` (`id` int(11) DEFAULT NULL auto_increment PRIMARY KEY, `title` varchar(255), `body` text, `created_at` datetime, `updated_at` datetime) ENGINE=InnoDB[0m
  [4;36;1mSQL (0.4ms)[0m   [0;1mSHOW TABLES[0m
  [4;35;1mSQL (4.8ms)[0m   [0mCREATE TABLE `users` (`id` int(11) DEFAULT NULL auto_increment PRIMARY KEY, `username` varchar(255), `password` varchar(255), `created_at` datetime, `updated_at` datetime) ENGINE=InnoDB[0m
  [4;36;1mSQL (0.4ms)[0m   [0;1mSHOW TABLES[0m
  [4;35;1mSQL (17.1ms)[0m   [0mCREATE TABLE `schema_migrations` (`version` varchar(255) NOT NULL) ENGINE=InnoDB[0m
  [4;36;1mSQL (18.7ms)[0m   [0;1mCREATE UNIQUE INDEX `unique_schema_migrations` ON `schema_migrations` (`version`)[0m
  [4;35;1mSQL (0.4ms)[0m   [0mSHOW TABLES[0m
  [4;36;1mSQL (0.3ms)[0m   [0;1mSELECT version FROM `schema_migrations`[0m
  [4;35;1mSQL (0.7ms)[0m   [0mINSERT INTO `schema_migrations` (version) VALUES ('20100517194804')[0m
  [4;36;1mSQL (0.6ms)[0m   [0;1mINSERT INTO `schema_migrations` (version) VALUES ('20100517174719')[0m
  [4;35;1mSQL (0.7ms)[0m   [0mINSERT INTO `schema_migrations` (version) VALUES ('20100517175959')[0m
  [4;36;1mSQL (0.3ms)[0m   [0;1mSET NAMES 'utf8'[0m
  [4;35;1mSQL (0.1ms)[0m   [0mSET SQL_AUTO_IS_NULL=0[0m
  [4;36;1mSQL (0.4ms)[0m   [0;1mSHOW TABLES[0m
  [4;35;1mSQL (0.2ms)[0m   [0mSELECT version FROM schema_migrations[0m
  [4;36;1mSQL (0.1ms)[0m   [0;1mSET NAMES 'utf8'[0m
  [4;35;1mSQL (0.1ms)[0m   [0mSET SQL_AUTO_IS_NULL=0[0m
  [4;36;1mSQL (17.3ms)[0m   [0;1mDROP DATABASE IF EXISTS `blog_test`[0m
  [4;35;1mSQL (0.3ms)[0m   [0mCREATE DATABASE `blog_test` DEFAULT CHARACTER SET `utf8`[0m
  [4;36;1mSQL (0.1ms)[0m   [0;1mSET NAMES 'utf8'[0m
  [4;35;1mSQL (0.2ms)[0m   [0mSET SQL_AUTO_IS_NULL=0[0m
  [4;36;1mSQL (0.3ms)[0m   [0;1mSHOW TABLES[0m
  [4;35;1mSQL (16.5ms)[0m   [0mCREATE TABLE `comments` (`id` int(11) DEFAULT NULL auto_increment PRIMARY KEY, `name` varchar(255), `body` text, `post_id` int(11), `created_at` datetime, `updated_at` datetime) ENGINE=InnoDB[0m
  [4;36;1mSQL (0.4ms)[0m   [0;1mSHOW TABLES[0m
  [4;35;1mSQL (5.0ms)[0m   [0mCREATE TABLE `posts` (`id` int(11) DEFAULT NULL auto_increment PRIMARY KEY, `title` varchar(255), `body` text, `created_at` datetime, `updated_at` datetime) ENGINE=InnoDB[0m
  [4;36;1mSQL (0.3ms)[0m   [0;1mSHOW TABLES[0m
  [4;35;1mSQL (12.6ms)[0m   [0mCREATE TABLE `users` (`id` int(11) DEFAULT NULL auto_increment PRIMARY KEY, `username` varchar(255), `password` varchar(255), `created_at` datetime, `updated_at` datetime) ENGINE=InnoDB[0m
  [4;36;1mSQL (0.3ms)[0m   [0;1mSHOW TABLES[0m
  [4;35;1mSQL (4.8ms)[0m   [0mCREATE TABLE `schema_migrations` (`version` varchar(255) NOT NULL) ENGINE=InnoDB[0m
  [4;36;1mSQL (6.6ms)[0m   [0;1mCREATE UNIQUE INDEX `unique_schema_migrations` ON `schema_migrations` (`version`)[0m
  [4;35;1mSQL (0.4ms)[0m   [0mSHOW TABLES[0m
  [4;36;1mSQL (0.4ms)[0m   [0;1mSELECT version FROM `schema_migrations`[0m
  [4;35;1mSQL (0.7ms)[0m   [0mINSERT INTO `schema_migrations` (version) VALUES ('20100517194804')[0m
  [4;36;1mSQL (0.6ms)[0m   [0;1mINSERT INTO `schema_migrations` (version) VALUES ('20100517174719')[0m
  [4;35;1mSQL (0.6ms)[0m   [0mINSERT INTO `schema_migrations` (version) VALUES ('20100517175959')[0m
  [4;35;1mSQL (0.3ms)[0m   [0mSET NAMES 'utf8'[0m
  [4;36;1mSQL (0.2ms)[0m   [0;1mSET SQL_AUTO_IS_NULL=0[0m


Processing PostsController#index (for 127.0.0.1 at 2010-05-18 12:53:05) [GET]
  [4;35;1mPost Load (0.7ms)[0m   [0mSELECT * FROM `posts` [0m
Rendering template within layouts/posts
Rendering posts/index
  [4;36;1mPost Columns (2.1ms)[0m   [0;1mSHOW FIELDS FROM `posts`[0m
Completed in 27ms (View: 15, DB: 3) | 200 OK [http://0.0.0.0/posts]
  [4;35;1mSQL (0.2ms)[0m   [0mSET NAMES 'utf8'[0m
  [4;36;1mSQL (0.3ms)[0m   [0;1mSET SQL_AUTO_IS_NULL=0[0m


Processing PostsController#index (for 127.0.0.1 at 2010-05-18 12:53:09) [GET]
  [4;35;1mPost Load (0.3ms)[0m   [0mSELECT * FROM `posts` [0m
Rendering template within layouts/posts
Rendering posts/index
  [4;36;1mPost Columns (1.5ms)[0m   [0;1mSHOW FIELDS FROM `posts`[0m
Completed in 25ms (View: 15, DB: 2) | 200 OK [http://0.0.0.0/]
  [4;36;1mSQL (0.3ms)[0m   [0;1mSET NAMES 'utf8'[0m
  [4;35;1mSQL (0.1ms)[0m   [0mSET SQL_AUTO_IS_NULL=0[0m
  [4;36;1mSQL (0.5ms)[0m   [0;1mSHOW TABLES[0m
  [4;35;1mSQL (0.3ms)[0m   [0mSELECT version FROM schema_migrations[0m
  [4;36;1mSQL (0.1ms)[0m   [0;1mSET NAMES 'utf8'[0m
  [4;35;1mSQL (0.2ms)[0m   [0mSET SQL_AUTO_IS_NULL=0[0m
  [4;36;1mSQL (5.5ms)[0m   [0;1mDROP DATABASE IF EXISTS `blog_test`[0m
  [4;35;1mSQL (0.3ms)[0m   [0mCREATE DATABASE `blog_test` DEFAULT CHARACTER SET `utf8`[0m
  [4;36;1mSQL (0.2ms)[0m   [0;1mSET NAMES 'utf8'[0m
  [4;35;1mSQL (0.2ms)[0m   [0mSET SQL_AUTO_IS_NULL=0[0m
  [4;36;1mSQL (0.3ms)[0m   [0;1mSHOW TABLES[0m
  [4;35;1mSQL (9.0ms)[0m   [0mCREATE TABLE `comments` (`id` int(11) DEFAULT NULL auto_increment PRIMARY KEY, `name` varchar(255), `body` text, `post_id` int(11), `created_at` datetime, `updated_at` datetime) ENGINE=InnoDB[0m
  [4;36;1mSQL (0.5ms)[0m   [0;1mSHOW TABLES[0m
  [4;35;1mSQL (13.4ms)[0m   [0mCREATE TABLE `posts` (`id` int(11) DEFAULT NULL auto_increment PRIMARY KEY, `title` varchar(255), `body` text, `created_at` datetime, `updated_at` datetime) ENGINE=InnoDB[0m
  [4;36;1mSQL (0.4ms)[0m   [0;1mSHOW TABLES[0m
  [4;35;1mSQL (4.9ms)[0m   [0mCREATE TABLE `users` (`id` int(11) DEFAULT NULL auto_increment PRIMARY KEY, `username` varchar(255), `password` varchar(255), `created_at` datetime, `updated_at` datetime) ENGINE=InnoDB[0m
  [4;36;1mSQL (0.3ms)[0m   [0;1mSHOW TABLES[0m
  [4;35;1mSQL (14.7ms)[0m   [0mCREATE TABLE `schema_migrations` (`version` varchar(255) NOT NULL) ENGINE=InnoDB[0m
  [4;36;1mSQL (6.6ms)[0m   [0;1mCREATE UNIQUE INDEX `unique_schema_migrations` ON `schema_migrations` (`version`)[0m
  [4;35;1mSQL (0.4ms)[0m   [0mSHOW TABLES[0m
  [4;36;1mSQL (0.3ms)[0m   [0;1mSELECT version FROM `schema_migrations`[0m
  [4;35;1mSQL (1.8ms)[0m   [0mINSERT INTO `schema_migrations` (version) VALUES ('20100517194804')[0m
  [4;36;1mSQL (0.6ms)[0m   [0;1mINSERT INTO `schema_migrations` (version) VALUES ('20100517174719')[0m
  [4;35;1mSQL (0.6ms)[0m   [0mINSERT INTO `schema_migrations` (version) VALUES ('20100517175959')[0m
  [4;35;1mSQL (0.3ms)[0m   [0mSET NAMES 'utf8'[0m
  [4;36;1mSQL (0.2ms)[0m   [0;1mSET SQL_AUTO_IS_NULL=0[0m


Processing PostsController#new (for 127.0.0.1 at 2010-05-18 12:53:38) [GET]
  [4;35;1mPost Columns (2.3ms)[0m   [0mSHOW FIELDS FROM `posts`[0m
Rendering template within layouts/posts
Rendering posts/new
Completed in 70ms (View: 5, DB: 3) | 200 OK [http://0.0.0.0/posts/new]
  [4;36;1mSQL (0.2ms)[0m   [0;1mSET NAMES 'utf8'[0m
  [4;35;1mSQL (0.1ms)[0m   [0mSET SQL_AUTO_IS_NULL=0[0m


Processing PostsController#create (for 127.0.0.1 at 2010-05-18 12:53:39) [POST]
  Parameters: {"commit"=>"Create", "post"=>{"body"=>"", "title"=>""}, "authenticity_token"=>"aAAwGFdiM+qAH8ShLnh2CJaTK5NJ3DJqhv0pvZnnjNA="}
  [4;36;1mPost Columns (2.7ms)[0m   [0;1mSHOW FIELDS FROM `posts`[0m
  [4;35;1mSQL (1.4ms)[0m   [0mBEGIN[0m
  [4;36;1mPost Create (0.7ms)[0m   [0;1mINSERT INTO `posts` (`created_at`, `title`, `body`, `updated_at`) VALUES('2010-05-18 16:53:39', '', '', '2010-05-18 16:53:39')[0m
  [4;35;1mSQL (3.5ms)[0m   [0mCOMMIT[0m
Redirected to http://0.0.0.0:3000/posts/4
Completed in 20ms (DB: 9) | 302 Found [http://0.0.0.0/posts]
  [4;36;1mSQL (0.3ms)[0m   [0;1mSET NAMES 'utf8'[0m
  [4;35;1mSQL (0.1ms)[0m   [0mSET SQL_AUTO_IS_NULL=0[0m


Processing PostsController#show (for 127.0.0.1 at 2010-05-18 12:53:40) [GET]
  Parameters: {"id"=>"4"}
  [4;36;1mPost Columns (2.2ms)[0m   [0;1mSHOW FIELDS FROM `posts`[0m
  [4;35;1mPost Load (0.6ms)[0m   [0mSELECT * FROM `posts` WHERE (`posts`.`id` = 4) [0m
Rendering template within layouts/posts
Rendering posts/show
  [4;36;1mComment Load (0.5ms)[0m   [0;1mSELECT * FROM `comments` WHERE (`comments`.post_id = 4) [0m
  [4;35;1mComment Columns (0.7ms)[0m   [0mSHOW FIELDS FROM `comments`[0m
Completed in 19ms (View: 7, DB: 4) | 200 OK [http://0.0.0.0/posts/4]
  [4;36;1mSQL (0.4ms)[0m   [0;1mSET NAMES 'utf8'[0m
  [4;35;1mSQL (0.1ms)[0m   [0mSET SQL_AUTO_IS_NULL=0[0m
  [4;36;1mSQL (0.5ms)[0m   [0;1mSHOW TABLES[0m
  [4;35;1mSQL (0.3ms)[0m   [0mSELECT version FROM schema_migrations[0m
  [4;36;1mSQL (0.1ms)[0m   [0;1mSET NAMES 'utf8'[0m
  [4;35;1mSQL (0.2ms)[0m   [0mSET SQL_AUTO_IS_NULL=0[0m
  [4;36;1mSQL (23.8ms)[0m   [0;1mDROP DATABASE IF EXISTS `blog_test`[0m
  [4;35;1mSQL (0.3ms)[0m   [0mCREATE DATABASE `blog_test` DEFAULT CHARACTER SET `utf8`[0m
  [4;36;1mSQL (0.1ms)[0m   [0;1mSET NAMES 'utf8'[0m
  [4;35;1mSQL (0.2ms)[0m   [0mSET SQL_AUTO_IS_NULL=0[0m
  [4;36;1mSQL (0.3ms)[0m   [0;1mSHOW TABLES[0m
  [4;35;1mSQL (24.8ms)[0m   [0mCREATE TABLE `comments` (`id` int(11) DEFAULT NULL auto_increment PRIMARY KEY, `name` varchar(255), `body` text, `post_id` int(11), `created_at` datetime, `updated_at` datetime) ENGINE=InnoDB[0m
  [4;36;1mSQL (0.4ms)[0m   [0;1mSHOW TABLES[0m
  [4;35;1mSQL (3.9ms)[0m   [0mCREATE TABLE `posts` (`id` int(11) DEFAULT NULL auto_increment PRIMARY KEY, `title` varchar(255), `body` text, `created_at` datetime, `updated_at` datetime) ENGINE=InnoDB[0m
  [4;36;1mSQL (0.4ms)[0m   [0;1mSHOW TABLES[0m
  [4;35;1mSQL (5.2ms)[0m   [0mCREATE TABLE `users` (`id` int(11) DEFAULT NULL auto_increment PRIMARY KEY, `username` varchar(255), `password` varchar(255), `created_at` datetime, `updated_at` datetime) ENGINE=InnoDB[0m
  [4;36;1mSQL (0.4ms)[0m   [0;1mSHOW TABLES[0m
  [4;35;1mSQL (3.6ms)[0m   [0mCREATE TABLE `schema_migrations` (`version` varchar(255) NOT NULL) ENGINE=InnoDB[0m
  [4;36;1mSQL (8.6ms)[0m   [0;1mCREATE UNIQUE INDEX `unique_schema_migrations` ON `schema_migrations` (`version`)[0m
  [4;35;1mSQL (0.4ms)[0m   [0mSHOW TABLES[0m
  [4;36;1mSQL (0.3ms)[0m   [0;1mSELECT version FROM `schema_migrations`[0m
  [4;35;1mSQL (2.7ms)[0m   [0mINSERT INTO `schema_migrations` (version) VALUES ('20100517194804')[0m
  [4;36;1mSQL (0.6ms)[0m   [0;1mINSERT INTO `schema_migrations` (version) VALUES ('20100517174719')[0m
  [4;35;1mSQL (0.6ms)[0m   [0mINSERT INTO `schema_migrations` (version) VALUES ('20100517175959')[0m
  [4;36;1mSQL (0.4ms)[0m   [0;1mSET NAMES 'utf8'[0m
  [4;35;1mSQL (0.1ms)[0m   [0mSET SQL_AUTO_IS_NULL=0[0m
  [4;36;1mSQL (0.6ms)[0m   [0;1mSHOW TABLES[0m
  [4;35;1mSQL (0.3ms)[0m   [0mSELECT version FROM schema_migrations[0m
  [4;36;1mSQL (0.1ms)[0m   [0;1mSET NAMES 'utf8'[0m
  [4;35;1mSQL (0.2ms)[0m   [0mSET SQL_AUTO_IS_NULL=0[0m
  [4;36;1mSQL (18.1ms)[0m   [0;1mDROP DATABASE IF EXISTS `blog_test`[0m
  [4;35;1mSQL (0.5ms)[0m   [0mCREATE DATABASE `blog_test` DEFAULT CHARACTER SET `utf8`[0m
  [4;36;1mSQL (0.1ms)[0m   [0;1mSET NAMES 'utf8'[0m
  [4;35;1mSQL (0.2ms)[0m   [0mSET SQL_AUTO_IS_NULL=0[0m
  [4;36;1mSQL (0.3ms)[0m   [0;1mSHOW TABLES[0m
  [4;35;1mSQL (19.2ms)[0m   [0mCREATE TABLE `comments` (`id` int(11) DEFAULT NULL auto_increment PRIMARY KEY, `name` varchar(255), `body` text, `post_id` int(11), `created_at` datetime, `updated_at` datetime) ENGINE=InnoDB[0m
  [4;36;1mSQL (0.5ms)[0m   [0;1mSHOW TABLES[0m
  [4;35;1mSQL (19.4ms)[0m   [0mCREATE TABLE `posts` (`id` int(11) DEFAULT NULL auto_increment PRIMARY KEY, `title` varchar(255), `body` text, `created_at` datetime, `updated_at` datetime) ENGINE=InnoDB[0m
  [4;36;1mSQL (0.4ms)[0m   [0;1mSHOW TABLES[0m
  [4;35;1mSQL (4.4ms)[0m   [0mCREATE TABLE `users` (`id` int(11) DEFAULT NULL auto_increment PRIMARY KEY, `username` varchar(255), `password` varchar(255), `created_at` datetime, `updated_at` datetime) ENGINE=InnoDB[0m
  [4;36;1mSQL (0.3ms)[0m   [0;1mSHOW TABLES[0m
  [4;35;1mSQL (4.7ms)[0m   [0mCREATE TABLE `schema_migrations` (`version` varchar(255) NOT NULL) ENGINE=InnoDB[0m
  [4;36;1mSQL (7.0ms)[0m   [0;1mCREATE UNIQUE INDEX `unique_schema_migrations` ON `schema_migrations` (`version`)[0m
  [4;35;1mSQL (0.4ms)[0m   [0mSHOW TABLES[0m
  [4;36;1mSQL (0.3ms)[0m   [0;1mSELECT version FROM `schema_migrations`[0m
  [4;35;1mSQL (0.7ms)[0m   [0mINSERT INTO `schema_migrations` (version) VALUES ('20100517194804')[0m
  [4;36;1mSQL (0.6ms)[0m   [0;1mINSERT INTO `schema_migrations` (version) VALUES ('20100517174719')[0m
  [4;35;1mSQL (0.6ms)[0m   [0mINSERT INTO `schema_migrations` (version) VALUES ('20100517175959')[0m
  [4;36;1mSQL (0.4ms)[0m   [0;1mSET NAMES 'utf8'[0m
  [4;35;1mSQL (0.2ms)[0m   [0mSET SQL_AUTO_IS_NULL=0[0m


Processing PostsController#index (for 127.0.0.1 at 2010-05-18 12:55:06) [GET]
  [4;36;1mPost Load (6.6ms)[0m   [0;1mSELECT * FROM `posts` [0m
Rendering template within layouts/posts
Rendering posts/index
  [4;35;1mPost Columns (6.1ms)[0m   [0mSHOW FIELDS FROM `posts`[0m
Completed in 33ms (View: 13, DB: 13) | 200 OK [http://0.0.0.0/posts]
